<?xml version="1.0" encoding="UTF-8"?>
<robot generator="Robot 7.2.2 (Python 3.11.9 on win32)" generated="2025-06-24T11:39:02.947942" rpa="false" schemaversion="5">
<suite id="s1" name="Tests" source="D:\Estudos\QA REQ\backend-trabalhos\educational-api-robot-framework\tests">
<suite id="s1-s1" name="Categorias" source="D:\Estudos\QA REQ\backend-trabalhos\educational-api-robot-framework\tests\categorias.robot">
<kw name="Criar Sessão da API" owner="config" type="SETUP">
<kw name="Create Session" owner="RequestsLibrary">
<msg time="2025-06-24T11:39:03.990415" level="INFO">Creating Session using : alias=API, url=https://educational-api-75qy.onrender.com/api, headers={},                     cookies={}, auth=None, timeout=None, proxies=None, verify=False,                     debug=0 </msg>
<arg>API</arg>
<arg>${URL_API}</arg>
<arg>verify=${SSL_VERIFY}</arg>
<doc>Create Session: create a HTTP session to a server</doc>
<status status="PASS" start="2025-06-24T11:39:03.990415" elapsed="0.000000"/>
</kw>
<status status="PASS" start="2025-06-24T11:39:03.990415" elapsed="0.000000"/>
</kw>
<test id="s1-s1-t1" name="Categorias" line="14">
<kw name="Cadastrar uma nova categoria" owner="categorias">
<kw name="Load Json From File" owner="JSONLibrary">
<msg time="2025-06-24T11:39:03.990415" level="INFO">${JSON_CATEGORIAS} = {'name': '', 'description': ''}</msg>
<var>${JSON_CATEGORIAS}</var>
<arg>${PATH_PAYLOAD}/categorias.json</arg>
<doc>Load JSON from file.</doc>
<status status="PASS" start="2025-06-24T11:39:03.990415" elapsed="0.000000"/>
</kw>
<kw name="Generate Random String" owner="String">
<msg time="2025-06-24T11:39:03.990415" level="INFO">${PALAVRA_ALEATORIA} = LgBUvIKleT</msg>
<var>${PALAVRA_ALEATORIA}</var>
<arg>length=10</arg>
<arg>chars=[LETTERS]</arg>
<doc>Generates a string with a desired ``length`` from the given ``chars``.</doc>
<status status="PASS" start="2025-06-24T11:39:03.990415" elapsed="0.000000"/>
</kw>
<kw name="Convert To Lower Case" owner="String">
<msg time="2025-06-24T11:39:03.990415" level="INFO">${PALAVRA_ALEATORIA} = lgbuviklet</msg>
<var>${PALAVRA_ALEATORIA}</var>
<arg>${PALAVRA_ALEATORIA}</arg>
<doc>Converts string to lower case.</doc>
<status status="PASS" start="2025-06-24T11:39:03.990415" elapsed="0.000000"/>
</kw>
<kw name="Set To Dictionary" owner="Collections">
<arg>${JSON_CATEGORIAS}</arg>
<arg>name=${PALAVRA_ALEATORIA}</arg>
<doc>Adds the given ``key_value_pairs`` and/or ``items`` to the ``dictionary``.</doc>
<status status="PASS" start="2025-06-24T11:39:03.990415" elapsed="0.015622"/>
</kw>
<kw name="Set To Dictionary" owner="Collections">
<arg>${JSON_CATEGORIAS}</arg>
<arg>description=${PALAVRA_ALEATORIA}</arg>
<doc>Adds the given ``key_value_pairs`` and/or ``items`` to the ``dictionary``.</doc>
<status status="PASS" start="2025-06-24T11:39:04.006037" elapsed="0.000000"/>
</kw>
<kw name="Log" owner="BuiltIn">
<msg time="2025-06-24T11:39:04.007166" level="INFO">Json enviado: {'name': 'lgbuviklet', 'description': 'lgbuviklet'}</msg>
<arg>Json enviado: ${JSON_CATEGORIAS}</arg>
<doc>Logs the given message with the given level.</doc>
<status status="PASS" start="2025-06-24T11:39:04.007166" elapsed="0.000000"/>
</kw>
<kw name="POST On Session" owner="RequestsLibrary">
<msg time="2025-06-24T11:39:04.927192" level="INFO">POST Request : url=https://educational-api-75qy.onrender.com/api/categories 
 path_url=/api/categories 
 headers={'User-Agent': 'python-requests/2.32.3', 'Accept-Encoding': 'gzip, deflate', 'Accept': '*/*', 'Connection': 'keep-alive', 'Content-Length': '51', 'Content-Type': 'application/json'} 
 body=b'{"name": "lgbuviklet", "description": "lgbuviklet"}' 
 </msg>
<msg time="2025-06-24T11:39:04.927192" level="INFO">POST Response : url=https://educational-api-75qy.onrender.com/api/categories 
 status=201, reason=Created 
 headers={'Date': 'Tue, 24 Jun 2025 10:38:58 GMT', 'Content-Type': 'application/json; charset=utf-8', 'Transfer-Encoding': 'chunked', 'Connection': 'keep-alive', 'access-control-allow-origin': '*', 'etag': 'W/"98-mMy/Xe/oivFeJbRUkf9a06VQqjQ"', 'rndr-id': 'f9f7e106-07c7-43a9', 'vary': 'Accept-Encoding', 'x-powered-by': 'Express', 'x-render-origin-server': 'Render', 'cf-cache-status': 'DYNAMIC', 'Server': 'cloudflare', 'CF-RAY': '954b993c29d0e3c5-LIS', 'alt-svc': 'h3=":443"; ma=86400'} 
 body={"success":true,"data":{"name":"lgbuviklet","description":"lgbuviklet","_id":"685a80424d0af2e59117ca0b","createdAt":"2025-06-24T10:38:58.395Z","__v":0}} 
 </msg>
<msg time="2025-06-24T11:39:04.942847" level="INFO">C:\Users\veron\AppData\Local\Programs\Python\Python311\Lib\site-packages\urllib3\connectionpool.py:1097: InsecureRequestWarning: Unverified HTTPS request is being made to host 'educational-api-75qy.onrender.com'. Adding certificate verification is strongly advised. See: https://urllib3.readthedocs.io/en/latest/advanced-usage.html#tls-warnings
  warnings.warn(</msg>
<msg time="2025-06-24T11:39:04.942847" level="INFO">${RESPONSE} = &lt;Response [201]&gt;</msg>
<var>${RESPONSE}</var>
<arg>API</arg>
<arg>${CATEGORIES_ENDPOINT}</arg>
<arg>json=${JSON_CATEGORIAS}</arg>
<doc>Sends a POST request on a previously created HTTP Session.</doc>
<status status="PASS" start="2025-06-24T11:39:04.007166" elapsed="0.935681"/>
</kw>
<kw name="Log" owner="BuiltIn">
<msg time="2025-06-24T11:39:04.942847" level="INFO">Status code: 201</msg>
<arg>Status code: ${RESPONSE.status_code}</arg>
<doc>Logs the given message with the given level.</doc>
<status status="PASS" start="2025-06-24T11:39:04.942847" elapsed="0.000000"/>
</kw>
<kw name="Log" owner="BuiltIn">
<msg time="2025-06-24T11:39:04.942847" level="INFO">Response content: {"success":true,"data":{"name":"lgbuviklet","description":"lgbuviklet","_id":"685a80424d0af2e59117ca0b","createdAt":"2025-06-24T10:38:58.395Z","__v":0}}</msg>
<arg>Response content: ${RESPONSE.content}</arg>
<doc>Logs the given message with the given level.</doc>
<status status="PASS" start="2025-06-24T11:39:04.942847" elapsed="0.000000"/>
</kw>
<kw name="Status Should Be" owner="RequestsLibrary">
<arg>201</arg>
<arg>${RESPONSE}</arg>
<doc>Fails if response status code is different than the expected.</doc>
<status status="PASS" start="2025-06-24T11:39:04.942847" elapsed="0.000000"/>
</kw>
<kw name="Set Variable" owner="BuiltIn">
<msg time="2025-06-24T11:39:04.942847" level="INFO">${RESPONSE_BODY} = {'success': True, 'data': {'name': 'lgbuviklet', 'description': 'lgbuviklet', '_id': '685a80424d0af2e59117ca0b', 'createdAt': '2025-06-24T10:38:58.395Z', '__v': 0}}</msg>
<var>${RESPONSE_BODY}</var>
<arg>${RESPONSE.json()}</arg>
<doc>Returns the given values which can then be assigned to a variables.</doc>
<status status="PASS" start="2025-06-24T11:39:04.942847" elapsed="0.000000"/>
</kw>
<kw name="Dictionary Should Contain Key" owner="Collections">
<arg>${RESPONSE_BODY}</arg>
<arg>data</arg>
<doc>Fails if ``key`` is not found from ``dictionary``.</doc>
<status status="PASS" start="2025-06-24T11:39:04.942847" elapsed="0.000000"/>
</kw>
<kw name="Get From Dictionary" owner="Collections">
<msg time="2025-06-24T11:39:04.942847" level="INFO">${DATA} = {'name': 'lgbuviklet', 'description': 'lgbuviklet', '_id': '685a80424d0af2e59117ca0b', 'createdAt': '2025-06-24T10:38:58.395Z', '__v': 0}</msg>
<var>${DATA}</var>
<arg>${RESPONSE_BODY}</arg>
<arg>data</arg>
<doc>Returns a value from the given ``dictionary`` based on the given ``key``.</doc>
<status status="PASS" start="2025-06-24T11:39:04.942847" elapsed="0.000000"/>
</kw>
<kw name="Dictionary Should Contain Key" owner="Collections">
<arg>${DATA}</arg>
<arg>_id</arg>
<doc>Fails if ``key`` is not found from ``dictionary``.</doc>
<status status="PASS" start="2025-06-24T11:39:04.958437" elapsed="0.000000"/>
</kw>
<if>
<branch type="IF" condition="${RESPONSE.status_code} == 201">
<kw name="Get From Dictionary" owner="Collections">
<msg time="2025-06-24T11:39:04.961417" level="INFO">${ID_CATEGORIA_RESPONSE} = 685a80424d0af2e59117ca0b</msg>
<var>${ID_CATEGORIA_RESPONSE}</var>
<arg>${DATA}</arg>
<arg>_id</arg>
<doc>Returns a value from the given ``dictionary`` based on the given ``key``.</doc>
<status status="PASS" start="2025-06-24T11:39:04.961417" elapsed="0.000000"/>
</kw>
<kw name="Set Test Variable" owner="BuiltIn">
<msg time="2025-06-24T11:39:04.966990" level="INFO">${ID_CATEGORIA} = 685a80424d0af2e59117ca0b</msg>
<arg>${ID_CATEGORIA}</arg>
<arg>${ID_CATEGORIA_RESPONSE}</arg>
<doc>Makes a variable available everywhere within the scope of the current test.</doc>
<status status="PASS" start="2025-06-24T11:39:04.965329" elapsed="0.001661"/>
</kw>
<status status="PASS" start="2025-06-24T11:39:04.958437" elapsed="0.008553"/>
</branch>
<status status="PASS" start="2025-06-24T11:39:04.958437" elapsed="0.008553"/>
</if>
<doc>Cria uma nova categoria enviando um payload JSON válido para o endpoint /categories.
Gera um nome e descrição aleatórios para garantir unicidade.
Verifica se o status da resposta é 201 e se a resposta contém o ID da categoria criada.</doc>
<status status="PASS" start="2025-06-24T11:39:03.990415" elapsed="0.976575"/>
</kw>
<kw name="Buscar categoria cadastrada por ID" owner="categorias">
<kw name="Log" owner="BuiltIn">
<msg time="2025-06-24T11:39:04.966990" level="INFO">685a80424d0af2e59117ca0b</msg>
<arg>${ID_CATEGORIA}</arg>
<doc>Logs the given message with the given level.</doc>
<status status="PASS" start="2025-06-24T11:39:04.966990" elapsed="0.000000"/>
</kw>
<kw name="GET" owner="RequestsLibrary">
<msg time="2025-06-24T11:39:05.749414" level="INFO">GET Request : url=https://educational-api-75qy.onrender.com/api/categories/685a80424d0af2e59117ca0b 
 path_url=/api/categories/685a80424d0af2e59117ca0b 
 headers={'User-Agent': 'python-requests/2.32.3', 'Accept-Encoding': 'gzip, deflate', 'Accept': '*/*', 'Connection': 'keep-alive'} 
 body=None 
 </msg>
<msg time="2025-06-24T11:39:05.749414" level="INFO">GET Response : url=https://educational-api-75qy.onrender.com/api/categories/685a80424d0af2e59117ca0b 
 status=200, reason=OK 
 headers={'Date': 'Tue, 24 Jun 2025 10:38:59 GMT', 'Content-Type': 'application/json; charset=utf-8', 'Transfer-Encoding': 'chunked', 'Connection': 'keep-alive', 'access-control-allow-origin': '*', 'etag': 'W/"98-goAq7cMmLK2hfzfAXDi/4wS0iGM"', 'rndr-id': 'd29c9db4-a0b4-4328', 'vary': 'Accept-Encoding', 'x-powered-by': 'Express', 'x-render-origin-server': 'Render', 'cf-cache-status': 'DYNAMIC', 'Server': 'cloudflare', 'CF-RAY': '954b9941e84294fb-LIS', 'Content-Encoding': 'gzip', 'alt-svc': 'h3=":443"; ma=86400'} 
 body={"success":true,"data":{"_id":"685a80424d0af2e59117ca0b","name":"lgbuviklet","description":"lgbuviklet","createdAt":"2025-06-24T10:38:58.395Z","__v":0}} 
 </msg>
<msg time="2025-06-24T11:39:05.749414" level="INFO">${RESPONSE} = &lt;Response [200]&gt;</msg>
<var>${RESPONSE}</var>
<arg>${URL_API}/categories/${ID_CATEGORIA}</arg>
<arg>expected_status=200</arg>
<doc>Sends a GET request.</doc>
<status status="PASS" start="2025-06-24T11:39:04.966990" elapsed="0.782424"/>
</kw>
<kw name="Set Variable" owner="BuiltIn">
<msg time="2025-06-24T11:39:05.764616" level="INFO">${RESPONSE_BODY} = {'success': True, 'data': {'_id': '685a80424d0af2e59117ca0b', 'name': 'lgbuviklet', 'description': 'lgbuviklet', 'createdAt': '2025-06-24T10:38:58.395Z', '__v': 0}}</msg>
<var>${RESPONSE_BODY}</var>
<arg>${RESPONSE.json()}</arg>
<doc>Returns the given values which can then be assigned to a variables.</doc>
<status status="PASS" start="2025-06-24T11:39:05.764616" elapsed="0.000000"/>
</kw>
<kw name="Log" owner="BuiltIn">
<msg time="2025-06-24T11:39:05.764616" level="INFO">{'success': True, 'data': {'_id': '685a80424d0af2e59117ca0b', 'name': 'lgbuviklet', 'description': 'lgbuviklet', 'createdAt': '2025-06-24T10:38:58.395Z', '__v': 0}}</msg>
<arg>${RESPONSE_BODY}</arg>
<doc>Logs the given message with the given level.</doc>
<status status="PASS" start="2025-06-24T11:39:05.764616" elapsed="0.000000"/>
</kw>
<kw name="Dictionary Should Contain Key" owner="Collections">
<arg>${RESPONSE_BODY}</arg>
<arg>data</arg>
<doc>Fails if ``key`` is not found from ``dictionary``.</doc>
<status status="PASS" start="2025-06-24T11:39:05.764616" elapsed="0.000000"/>
</kw>
<kw name="Get From Dictionary" owner="Collections">
<msg time="2025-06-24T11:39:05.764616" level="INFO">${DATA} = {'_id': '685a80424d0af2e59117ca0b', 'name': 'lgbuviklet', 'description': 'lgbuviklet', 'createdAt': '2025-06-24T10:38:58.395Z', '__v': 0}</msg>
<var>${DATA}</var>
<arg>${RESPONSE_BODY}</arg>
<arg>data</arg>
<doc>Returns a value from the given ``dictionary`` based on the given ``key``.</doc>
<status status="PASS" start="2025-06-24T11:39:05.764616" elapsed="0.000000"/>
</kw>
<kw name="Log" owner="BuiltIn">
<msg time="2025-06-24T11:39:05.764616" level="INFO">Categoria por ID: {'_id': '685a80424d0af2e59117ca0b', 'name': 'lgbuviklet', 'description': 'lgbuviklet', 'createdAt': '2025-06-24T10:38:58.395Z', '__v': 0}</msg>
<arg>Categoria por ID: ${DATA}</arg>
<doc>Logs the given message with the given level.</doc>
<status status="PASS" start="2025-06-24T11:39:05.764616" elapsed="0.000000"/>
</kw>
<doc>Busca uma categoria específica utilizando o ID previamente cadastrado (variável ID Categoria).
Verifica se o status da resposta é 200 OK e se a resposta contém os detalhes da categoria na chave 'data'.</doc>
<status status="PASS" start="2025-06-24T11:39:04.966990" elapsed="0.797626"/>
</kw>
<kw name="Atualizar categoria cadastrada" owner="categorias">
<kw name="Load Json From File" owner="JSONLibrary">
<msg time="2025-06-24T11:39:05.780198" level="INFO">${JSON_CATEGORIAS} = {'name': '', 'description': ''}</msg>
<var>${JSON_CATEGORIAS}</var>
<arg>${PATH_PAYLOAD}/categorias.json</arg>
<doc>Load JSON from file.</doc>
<status status="PASS" start="2025-06-24T11:39:05.764616" elapsed="0.015582"/>
</kw>
<kw name="Remove From Dictionary" owner="Collections">
<msg time="2025-06-24T11:39:05.780198" level="INFO">Removed item with key 'name' and value ''.</msg>
<arg>${JSON_CATEGORIAS}</arg>
<arg>name</arg>
<doc>Removes the given ``keys`` from the ``dictionary``.</doc>
<status status="PASS" start="2025-06-24T11:39:05.780198" elapsed="0.000000"/>
</kw>
<kw name="Set To Dictionary" owner="Collections">
<arg>${JSON_CATEGORIAS}</arg>
<arg>description=teste</arg>
<doc>Adds the given ``key_value_pairs`` and/or ``items`` to the ``dictionary``.</doc>
<status status="PASS" start="2025-06-24T11:39:05.780198" elapsed="0.000000"/>
</kw>
<kw name="PUT" owner="RequestsLibrary">
<msg time="2025-06-24T11:39:06.454341" level="INFO">PUT Request : url=https://educational-api-75qy.onrender.com/api/categories/685a80424d0af2e59117ca0b 
 path_url=/api/categories/685a80424d0af2e59117ca0b 
 headers={'User-Agent': 'python-requests/2.32.3', 'Accept-Encoding': 'gzip, deflate', 'Accept': '*/*', 'Connection': 'keep-alive', 'Content-Length': '24', 'Content-Type': 'application/json'} 
 body=b'{"description": "teste"}' 
 </msg>
<msg time="2025-06-24T11:39:06.454341" level="INFO">PUT Response : url=https://educational-api-75qy.onrender.com/api/categories/685a80424d0af2e59117ca0b 
 status=200, reason=OK 
 headers={'Date': 'Tue, 24 Jun 2025 10:39:00 GMT', 'Content-Type': 'application/json; charset=utf-8', 'Transfer-Encoding': 'chunked', 'Connection': 'keep-alive', 'access-control-allow-origin': '*', 'etag': 'W/"93-rOGcjNNByKX8hkdUKI60TxrsB7g"', 'rndr-id': '06860899-000f-4416', 'vary': 'Accept-Encoding', 'x-powered-by': 'Express', 'x-render-origin-server': 'Render', 'cf-cache-status': 'DYNAMIC', 'Server': 'cloudflare', 'CF-RAY': '954b9947091f03ee-LIS', 'Content-Encoding': 'gzip', 'alt-svc': 'h3=":443"; ma=86400'} 
 body={"success":true,"data":{"_id":"685a80424d0af2e59117ca0b","name":"lgbuviklet","description":"teste","createdAt":"2025-06-24T10:38:58.395Z","__v":0}} 
 </msg>
<msg time="2025-06-24T11:39:06.454341" level="INFO">${RESPONSE} = &lt;Response [200]&gt;</msg>
<var>${RESPONSE}</var>
<arg>${URL_API}/categories/${ID_CATEGORIA}</arg>
<arg>json=${JSON_CATEGORIAS}</arg>
<arg>expected_status=200</arg>
<doc>Sends a PUT request.</doc>
<status status="PASS" start="2025-06-24T11:39:05.780198" elapsed="0.674143"/>
</kw>
<kw name="Set Variable" owner="BuiltIn">
<msg time="2025-06-24T11:39:06.454341" level="INFO">${RESPONSE_BODY} = {'success': True, 'data': {'_id': '685a80424d0af2e59117ca0b', 'name': 'lgbuviklet', 'description': 'teste', 'createdAt': '2025-06-24T10:38:58.395Z', '__v': 0}}</msg>
<var>${RESPONSE_BODY}</var>
<arg>${RESPONSE.json()}</arg>
<doc>Returns the given values which can then be assigned to a variables.</doc>
<status status="PASS" start="2025-06-24T11:39:06.454341" elapsed="0.000000"/>
</kw>
<kw name="Log" owner="BuiltIn">
<msg time="2025-06-24T11:39:06.454341" level="INFO">{'success': True, 'data': {'_id': '685a80424d0af2e59117ca0b', 'name': 'lgbuviklet', 'description': 'teste', 'createdAt': '2025-06-24T10:38:58.395Z', '__v': 0}}</msg>
<arg>${RESPONSE_BODY}</arg>
<doc>Logs the given message with the given level.</doc>
<status status="PASS" start="2025-06-24T11:39:06.454341" elapsed="0.000000"/>
</kw>
<kw name="Dictionary Should Contain Key" owner="Collections">
<arg>${RESPONSE_BODY}</arg>
<arg>data</arg>
<doc>Fails if ``key`` is not found from ``dictionary``.</doc>
<status status="PASS" start="2025-06-24T11:39:06.454341" elapsed="0.000000"/>
</kw>
<kw name="Get From Dictionary" owner="Collections">
<msg time="2025-06-24T11:39:06.454341" level="INFO">${DATA} = {'_id': '685a80424d0af2e59117ca0b', 'name': 'lgbuviklet', 'description': 'teste', 'createdAt': '2025-06-24T10:38:58.395Z', '__v': 0}</msg>
<var>${DATA}</var>
<arg>${RESPONSE_BODY}</arg>
<arg>data</arg>
<doc>Returns a value from the given ``dictionary`` based on the given ``key``.</doc>
<status status="PASS" start="2025-06-24T11:39:06.454341" elapsed="0.000000"/>
</kw>
<kw name="Log" owner="BuiltIn">
<msg time="2025-06-24T11:39:06.454341" level="INFO">Categoria atualizada: {'_id': '685a80424d0af2e59117ca0b', 'name': 'lgbuviklet', 'description': 'teste', 'createdAt': '2025-06-24T10:38:58.395Z', '__v': 0}</msg>
<arg>Categoria atualizada: ${DATA}</arg>
<doc>Logs the given message with the given level.</doc>
<status status="PASS" start="2025-06-24T11:39:06.454341" elapsed="0.000000"/>
</kw>
<doc>Atualiza a descrição de uma categoria existente usando o ID previamente cadastrado (ID Categoria).
Remove o campo 'name' do payload para simular a atualização apenas da descrição.
Verifica se o status da resposta é 200 OK e se a resposta reflete a descrição atualizada.</doc>
<status status="PASS" start="2025-06-24T11:39:05.764616" elapsed="0.689725"/>
</kw>
<kw name="Excluir categoria cadastrada" owner="categorias">
<kw name="DELETE" owner="RequestsLibrary">
<msg time="2025-06-24T11:39:07.499928" level="INFO">DELETE Request : url=https://educational-api-75qy.onrender.com/api/categories/685a80424d0af2e59117ca0b 
 path_url=/api/categories/685a80424d0af2e59117ca0b 
 headers={'User-Agent': 'python-requests/2.32.3', 'Accept-Encoding': 'gzip, deflate', 'Accept': '*/*', 'Connection': 'keep-alive', 'Content-Length': '0'} 
 body=None 
 </msg>
<msg time="2025-06-24T11:39:07.499928" level="INFO">DELETE Response : url=https://educational-api-75qy.onrender.com/api/categories/685a80424d0af2e59117ca0b 
 status=200, reason=OK 
 headers={'Date': 'Tue, 24 Jun 2025 10:39:01 GMT', 'Content-Type': 'application/json; charset=utf-8', 'Transfer-Encoding': 'chunked', 'Connection': 'keep-alive', 'access-control-allow-origin': '*', 'etag': 'W/"3c-DjJSs7Z76FBdvWb/RwvztpYYVAo"', 'rndr-id': '7055ec77-e05c-4708', 'vary': 'Accept-Encoding', 'x-powered-by': 'Express', 'x-render-origin-server': 'Render', 'cf-cache-status': 'DYNAMIC', 'Server': 'cloudflare', 'CF-RAY': '954b994b1fb9e3cd-LIS', 'Content-Encoding': 'gzip', 'alt-svc': 'h3=":443"; ma=86400'} 
 body={"success":true,"message":"Categoria removida com sucesso."} 
 </msg>
<msg time="2025-06-24T11:39:07.499928" level="INFO">${RESPONSE} = &lt;Response [200]&gt;</msg>
<var>${RESPONSE}</var>
<arg>${URL_API}/categories/${ID_CATEGORIA}</arg>
<arg>expected_status=200</arg>
<doc>Sends a DELETE request.</doc>
<status status="PASS" start="2025-06-24T11:39:06.454341" elapsed="1.045587"/>
</kw>
<kw name="Log" owner="BuiltIn">
<msg time="2025-06-24T11:39:07.499928" level="INFO">&lt;Response [200]&gt;</msg>
<arg>${RESPONSE}</arg>
<doc>Logs the given message with the given level.</doc>
<status status="PASS" start="2025-06-24T11:39:07.499928" elapsed="0.000000"/>
</kw>
<kw name="Set Variable" owner="BuiltIn">
<msg time="2025-06-24T11:39:07.499928" level="INFO">${RESPONSE_BODY} = {'success': True, 'message': 'Categoria removida com sucesso.'}</msg>
<var>${RESPONSE_BODY}</var>
<arg>${RESPONSE.json()}</arg>
<doc>Returns the given values which can then be assigned to a variables.</doc>
<status status="PASS" start="2025-06-24T11:39:07.499928" elapsed="0.000000"/>
</kw>
<kw name="Log" owner="BuiltIn">
<msg time="2025-06-24T11:39:07.499928" level="INFO">{'success': True, 'message': 'Categoria removida com sucesso.'}</msg>
<arg>${RESPONSE_BODY}</arg>
<doc>Logs the given message with the given level.</doc>
<status status="PASS" start="2025-06-24T11:39:07.499928" elapsed="0.000000"/>
</kw>
<kw name="Dictionary Should Contain Key" owner="Collections">
<arg>${RESPONSE_BODY}</arg>
<arg>message</arg>
<doc>Fails if ``key`` is not found from ``dictionary``.</doc>
<status status="PASS" start="2025-06-24T11:39:07.515553" elapsed="0.000000"/>
</kw>
<kw name="Dictionary Should Contain Key" owner="Collections">
<arg>${RESPONSE_BODY}</arg>
<arg>success</arg>
<doc>Fails if ``key`` is not found from ``dictionary``.</doc>
<status status="PASS" start="2025-06-24T11:39:07.515553" elapsed="0.000000"/>
</kw>
<kw name="Get From Dictionary" owner="Collections">
<msg time="2025-06-24T11:39:07.515553" level="INFO">${MESSAGE} = Categoria removida com sucesso.</msg>
<var>${MESSAGE}</var>
<arg>${RESPONSE_BODY}</arg>
<arg>message</arg>
<doc>Returns a value from the given ``dictionary`` based on the given ``key``.</doc>
<status status="PASS" start="2025-06-24T11:39:07.515553" elapsed="0.000000"/>
</kw>
<kw name="Get From Dictionary" owner="Collections">
<msg time="2025-06-24T11:39:07.515553" level="INFO">${SUCCESS} = True</msg>
<var>${SUCCESS}</var>
<arg>${RESPONSE_BODY}</arg>
<arg>success</arg>
<doc>Returns a value from the given ``dictionary`` based on the given ``key``.</doc>
<status status="PASS" start="2025-06-24T11:39:07.515553" elapsed="0.000000"/>
</kw>
<kw name="Should Be Equal" owner="BuiltIn">
<arg>${MESSAGE}</arg>
<arg>Categoria removida com sucesso.</arg>
<doc>Fails if the given objects are unequal.</doc>
<status status="PASS" start="2025-06-24T11:39:07.515553" elapsed="0.000000"/>
</kw>
<kw name="Should Be True" owner="BuiltIn">
<arg>${SUCCESS}</arg>
<doc>Fails if the given condition is not true.</doc>
<status status="PASS" start="2025-06-24T11:39:07.515553" elapsed="0.000000"/>
</kw>
<doc>Exclui uma categoria existente utilizando o ID previamente cadastrado (ID Categoria).
Verifica se o status da resposta é 200 OK e se a resposta de sucesso contém a mensagem esperada.</doc>
<status status="PASS" start="2025-06-24T11:39:06.454341" elapsed="1.061212"/>
</kw>
<kw name="Listar todas as categorias cadastradas" owner="categorias">
<kw name="GET" owner="RequestsLibrary">
<msg time="2025-06-24T11:39:07.961636" level="INFO">GET Request : url=https://educational-api-75qy.onrender.com/api/categories 
 path_url=/api/categories 
 headers={'User-Agent': 'python-requests/2.32.3', 'Accept-Encoding': 'gzip, deflate', 'Accept': '*/*', 'Connection': 'keep-alive'} 
 body=None 
 </msg>
<msg time="2025-06-24T11:39:07.961636" level="INFO">GET Response : url=https://educational-api-75qy.onrender.com/api/categories 
 status=200, reason=OK 
 headers={'Date': 'Tue, 24 Jun 2025 10:39:01 GMT', 'Content-Type': 'application/json; charset=utf-8', 'Transfer-Encoding': 'chunked', 'Connection': 'keep-alive', 'access-control-allow-origin': '*', 'etag': 'W/"ff7-CXDp5LvIxubmos8+P1O/mT7WE9c"', 'rndr-id': 'c50224ca-ff51-4fc1', 'vary': 'Accept-Encoding', 'x-powered-by': 'Express', 'x-render-origin-server': 'Render', 'cf-cache-status': 'DYNAMIC', 'Server': 'cloudflare', 'CF-RAY': '954b9951de4c7110-LIS', 'Content-Encoding': 'gzip', 'alt-svc': 'h3=":443"; ma=86400'} 
 body={"success":true,"count":27,"data":[{"_id":"6830b2dfe070c0790342e8c0","name":"Eletrônicos e Computadores","description":"Produtos eletrônicos como smartphones, laptops, computadores, peças de notebooke e CPU, além de acessários para home office (fones, cabos e outros itens).","createdAt":"2025-05-23T17:39:43.699Z","__v":0},{"_id":"6830b326e070c0790342e8c2","name":"Brinquedos","description":"Produtos para brincar e se divertir.","createdAt":"2025-05-23T17:40:54.310Z","__v":0},{"_id":"6830ed4114bcf6ae156c7edc","name":"One Piece - O rei dos piratas","description":"Produtos promocionais do anime e da live action.","createdAt":"2025-05-23T21:48:49.247Z","__v":0},{"_id":"68373723848708bda9c6fa21","name":"Séries e Filmes","description":"Produtos relacionados a séries e filmes de todos os gêneros.","createdAt":"2025-05-28T16:17:39.506Z","__v":0},{"_id":"68398773848708bda9c6fa8e","name":"Bicicletas indoor","description":"Bicicletas para utilizar no conforto da sua casa","createdAt":"2025-05-30T10:24:51.252Z","__v":0},{"_id":"683f2130848708bda9c6fb20","name":"Eletrônicos","description":"Produtos eletrônicos como smartphones, laptops, etc.","createdAt":"2025-06-03T16:22:08.563Z","__v":0},{"_id":"683f2316848708bda9c6fb24","name":"qheswanwmv","description":"Produtos eletrônicos como smartphones, laptops, etc.","createdAt":"2025-06-03T16:30:14.280Z","__v":0},{"_id":"683f24bf848708bda9c6fb27","name":"yismnbsgus","description":"yismnbsgus","createdAt":"2025-06-03T16:37:19.632Z","__v":0},{"_id":"683f2507848708bda9c6fb2a","name":"rjdmsusxki","description":"rjdmsusxki","createdAt":"2025-06-03T16:38:31.581Z","__v":0},{"_id":"683f252b848708bda9c6fb2d","name":"mlacutaier","description":"mlacutaier","createdAt":"2025-06-03T16:39:07.331Z","__v":0},{"_id":"683f25ba848708bda9c6fb30","name":"vzqtlndhcb","description":"vzqtlndhcb","createdAt":"2025-06-03T16:41:30.321Z","__v":0},{"_id":"683f25e7848708bda9c6fb33","name":"obvugvamos","description":"obvugvamos","createdAt":"2025-06-03T16:42:15.011Z","__v":0},{"_id":"683f2703848708bda9c6fb37","name":"ckpobtrpor","description":"ckpobtrpor","createdAt":"2025-06-03T16:46:59.160Z","__v":0},{"_id":"683f2819848708bda9c6fb3d","name":"egzbmmftwu","description":"egzbmmftwu","createdAt":"2025-06-03T16:51:37.421Z","__v":0},{"_id":"683f2889848708bda9c6fb41","name":"obufbwedpe","description":"obufbwedpe","createdAt":"2025-06-03T16:53:29.443Z","__v":0},{"_id":"683f28c4848708bda9c6fb44","name":"mgzeekwkgd","description":"mgzeekwkgd","createdAt":"2025-06-03T16:54:28.584Z","__v":0},{"_id":"683f2923848708bda9c6fb47","name":"qlmqcijflu","description":"qlmqcijflu","createdAt":"2025-06-03T16:56:03.237Z","__v":0},{"_id":"683f29f5848708bda9c6fb4a","name":"nyufxcdeip","description":"nyufxcdeip","createdAt":"2025-06-03T16:59:33.907Z","__v":0},{"_id":"683f2a27848708bda9c6fb4c","name":"ohcyhsudta","description":"ohcyhsudta","createdAt":"2025-06-03T17:00:23.469Z","__v":0},{"_id":"683f37c2848708bda9c6fb56","name":"xeoilkuhyl","description":"xeoilkuhyl","createdAt":"2025-06-03T17:58:26.432Z","__v":0},{"_id":"683f3929848708bda9c6fb5c","name":"ypmvinpyxp","description":"teste","createdAt":"2025-06-03T18:04:25.408Z","__v":0},{"_id":"684012de848708bda9c6fc8e","name":"yiwwjskxks","description":"yiwwjskxks","createdAt":"2025-06-04T09:33:18.527Z","__v":0},{"_id":"6840130c848708bda9c6fc90","name":"pdokrwilxx","description":"pdokrwilxx","createdAt":"2025-06-04T09:34:04.797Z","__v":0},{"_id":"68401333848708bda9c6fc92","name":"uhnqzcpker","description":"uhnqzcpker","createdAt":"2025-06-04T09:34:43.740Z","__v":0},{"_id":"684fe2d2ec7ae8d882c110ab","name":"pc book","description":"computador portatil pc.","createdAt":"2025-06-16T09:24:34.930Z","__v":0},{"_id":"684fe990c6e752a1e1481545","name":"pc-notbook-microsoft-surface","description":"computador portatil pc.","createdAt":"2025-06-16T09:53:20.252Z","__v":0},{"_id":"684fee49c6e752a1e1481547","name":"pc-notbookdell","description":" PC Dell Latitude 5500, um portátil Equipado com um processador Intel Core i5-8265U e 8GB de RAM,.","createdAt":"2025-06-16T10:13:29.649Z","__v":0}]} 
 </msg>
<msg time="2025-06-24T11:39:07.961636" level="INFO">${RESPONSE} = &lt;Response [200]&gt;</msg>
<var>${RESPONSE}</var>
<arg>${URL_API}/categories</arg>
<arg>expected_status=200</arg>
<doc>Sends a GET request.</doc>
<status status="PASS" start="2025-06-24T11:39:07.531162" elapsed="0.430474"/>
</kw>
<kw name="Set Variable" owner="BuiltIn">
<msg time="2025-06-24T11:39:07.961636" level="INFO">${RESPONSE_BODY} = {'success': True, 'count': 27, 'data': [{'_id': '6830b2dfe070c0790342e8c0', 'name': 'Eletrônicos e Computadores', 'description': 'Produtos eletrônicos como smartphones, laptops, computadores, peças de...</msg>
<var>${RESPONSE_BODY}</var>
<arg>${RESPONSE.json()}</arg>
<doc>Returns the given values which can then be assigned to a variables.</doc>
<status status="PASS" start="2025-06-24T11:39:07.961636" elapsed="0.000000"/>
</kw>
<kw name="Dictionary Should Contain Key" owner="Collections">
<arg>${RESPONSE_BODY}</arg>
<arg>data</arg>
<doc>Fails if ``key`` is not found from ``dictionary``.</doc>
<status status="PASS" start="2025-06-24T11:39:07.961636" elapsed="0.000000"/>
</kw>
<kw name="Get From Dictionary" owner="Collections">
<msg time="2025-06-24T11:39:07.961636" level="INFO">${DATA} = [{'_id': '6830b2dfe070c0790342e8c0', 'name': 'Eletrônicos e Computadores', 'description': 'Produtos eletrônicos como smartphones, laptops, computadores, peças de notebooke e CPU, além de acessários pa...</msg>
<var>${DATA}</var>
<arg>${RESPONSE_BODY}</arg>
<arg>data</arg>
<doc>Returns a value from the given ``dictionary`` based on the given ``key``.</doc>
<status status="PASS" start="2025-06-24T11:39:07.961636" elapsed="0.000000"/>
</kw>
<kw name="Log" owner="BuiltIn">
<msg time="2025-06-24T11:39:07.961636" level="INFO">Categorias cadastradas: [{'_id': '6830b2dfe070c0790342e8c0', 'name': 'Eletrônicos e Computadores', 'description': 'Produtos eletrônicos como smartphones, laptops, computadores, peças de notebooke e CPU, além de acessários para home office (fones, cabos e outros itens).', 'createdAt': '2025-05-23T17:39:43.699Z', '__v': 0}, {'_id': '6830b326e070c0790342e8c2', 'name': 'Brinquedos', 'description': 'Produtos para brincar e se divertir.', 'createdAt': '2025-05-23T17:40:54.310Z', '__v': 0}, {'_id': '6830ed4114bcf6ae156c7edc', 'name': 'One Piece - O rei dos piratas', 'description': 'Produtos promocionais do anime e da live action.', 'createdAt': '2025-05-23T21:48:49.247Z', '__v': 0}, {'_id': '68373723848708bda9c6fa21', 'name': 'Séries e Filmes', 'description': 'Produtos relacionados a séries e filmes de todos os gêneros.', 'createdAt': '2025-05-28T16:17:39.506Z', '__v': 0}, {'_id': '68398773848708bda9c6fa8e', 'name': 'Bicicletas indoor', 'description': 'Bicicletas para utilizar no conforto da sua casa', 'createdAt': '2025-05-30T10:24:51.252Z', '__v': 0}, {'_id': '683f2130848708bda9c6fb20', 'name': 'Eletrônicos', 'description': 'Produtos eletrônicos como smartphones, laptops, etc.', 'createdAt': '2025-06-03T16:22:08.563Z', '__v': 0}, {'_id': '683f2316848708bda9c6fb24', 'name': 'qheswanwmv', 'description': 'Produtos eletrônicos como smartphones, laptops, etc.', 'createdAt': '2025-06-03T16:30:14.280Z', '__v': 0}, {'_id': '683f24bf848708bda9c6fb27', 'name': 'yismnbsgus', 'description': 'yismnbsgus', 'createdAt': '2025-06-03T16:37:19.632Z', '__v': 0}, {'_id': '683f2507848708bda9c6fb2a', 'name': 'rjdmsusxki', 'description': 'rjdmsusxki', 'createdAt': '2025-06-03T16:38:31.581Z', '__v': 0}, {'_id': '683f252b848708bda9c6fb2d', 'name': 'mlacutaier', 'description': 'mlacutaier', 'createdAt': '2025-06-03T16:39:07.331Z', '__v': 0}, {'_id': '683f25ba848708bda9c6fb30', 'name': 'vzqtlndhcb', 'description': 'vzqtlndhcb', 'createdAt': '2025-06-03T16:41:30.321Z', '__v': 0}, {'_id': '683f25e7848708bda9c6fb33', 'name': 'obvugvamos', 'description': 'obvugvamos', 'createdAt': '2025-06-03T16:42:15.011Z', '__v': 0}, {'_id': '683f2703848708bda9c6fb37', 'name': 'ckpobtrpor', 'description': 'ckpobtrpor', 'createdAt': '2025-06-03T16:46:59.160Z', '__v': 0}, {'_id': '683f2819848708bda9c6fb3d', 'name': 'egzbmmftwu', 'description': 'egzbmmftwu', 'createdAt': '2025-06-03T16:51:37.421Z', '__v': 0}, {'_id': '683f2889848708bda9c6fb41', 'name': 'obufbwedpe', 'description': 'obufbwedpe', 'createdAt': '2025-06-03T16:53:29.443Z', '__v': 0}, {'_id': '683f28c4848708bda9c6fb44', 'name': 'mgzeekwkgd', 'description': 'mgzeekwkgd', 'createdAt': '2025-06-03T16:54:28.584Z', '__v': 0}, {'_id': '683f2923848708bda9c6fb47', 'name': 'qlmqcijflu', 'description': 'qlmqcijflu', 'createdAt': '2025-06-03T16:56:03.237Z', '__v': 0}, {'_id': '683f29f5848708bda9c6fb4a', 'name': 'nyufxcdeip', 'description': 'nyufxcdeip', 'createdAt': '2025-06-03T16:59:33.907Z', '__v': 0}, {'_id': '683f2a27848708bda9c6fb4c', 'name': 'ohcyhsudta', 'description': 'ohcyhsudta', 'createdAt': '2025-06-03T17:00:23.469Z', '__v': 0}, {'_id': '683f37c2848708bda9c6fb56', 'name': 'xeoilkuhyl', 'description': 'xeoilkuhyl', 'createdAt': '2025-06-03T17:58:26.432Z', '__v': 0}, {'_id': '683f3929848708bda9c6fb5c', 'name': 'ypmvinpyxp', 'description': 'teste', 'createdAt': '2025-06-03T18:04:25.408Z', '__v': 0}, {'_id': '684012de848708bda9c6fc8e', 'name': 'yiwwjskxks', 'description': 'yiwwjskxks', 'createdAt': '2025-06-04T09:33:18.527Z', '__v': 0}, {'_id': '6840130c848708bda9c6fc90', 'name': 'pdokrwilxx', 'description': 'pdokrwilxx', 'createdAt': '2025-06-04T09:34:04.797Z', '__v': 0}, {'_id': '68401333848708bda9c6fc92', 'name': 'uhnqzcpker', 'description': 'uhnqzcpker', 'createdAt': '2025-06-04T09:34:43.740Z', '__v': 0}, {'_id': '684fe2d2ec7ae8d882c110ab', 'name': 'pc book', 'description': 'computador portatil pc.', 'createdAt': '2025-06-16T09:24:34.930Z', '__v': 0}, {'_id': '684fe990c6e752a1e1481545', 'name': 'pc-notbook-microsoft-surface', 'description': 'computador portatil pc.', 'createdAt': '2025-06-16T09:53:20.252Z', '__v': 0}, {'_id': '684fee49c6e752a1e1481547', 'name': 'pc-notbookdell', 'description': ' PC Dell Latitude 5500, um portátil Equipado com um processador Intel Core i5-8265U e 8GB de RAM,.', 'createdAt': '2025-06-16T10:13:29.649Z', '__v': 0}]</msg>
<arg>Categorias cadastradas: ${DATA}</arg>
<doc>Logs the given message with the given level.</doc>
<status status="PASS" start="2025-06-24T11:39:07.961636" elapsed="0.015582"/>
</kw>
<doc>Lista todas as categorias disponíveis na API.
Verifica se o status da resposta é 200 OK e se a resposta contém uma lista de categorias na chave 'data'.</doc>
<status status="PASS" start="2025-06-24T11:39:07.531162" elapsed="0.446056"/>
</kw>
<kw name="Cadastrar categoria sem nome" owner="categorias">
<kw name="Load Json From File" owner="JSONLibrary">
<msg time="2025-06-24T11:39:07.977218" level="INFO">${JSON_CATEGORIAS} = {'name': '', 'description': ''}</msg>
<var>${JSON_CATEGORIAS}</var>
<arg>${PATH_PAYLOAD}/categorias.json</arg>
<doc>Load JSON from file.</doc>
<status status="PASS" start="2025-06-24T11:39:07.977218" elapsed="0.000000"/>
</kw>
<kw name="Generate Random String" owner="String">
<msg time="2025-06-24T11:39:07.977218" level="INFO">${PALAVRA_ALEATORIA} = xIBCqWrujA</msg>
<var>${PALAVRA_ALEATORIA}</var>
<arg>length=10</arg>
<arg>chars=[LETTERS]</arg>
<doc>Generates a string with a desired ``length`` from the given ``chars``.</doc>
<status status="PASS" start="2025-06-24T11:39:07.977218" elapsed="0.000000"/>
</kw>
<kw name="Convert To Lower Case" owner="String">
<msg time="2025-06-24T11:39:07.977218" level="INFO">${PALAVRA_ALEATORIA} = xibcqwruja</msg>
<var>${PALAVRA_ALEATORIA}</var>
<arg>${PALAVRA_ALEATORIA}</arg>
<doc>Converts string to lower case.</doc>
<status status="PASS" start="2025-06-24T11:39:07.977218" elapsed="0.000000"/>
</kw>
<kw name="Set To Dictionary" owner="Collections">
<arg>${JSON_CATEGORIAS}</arg>
<arg>description=${PALAVRA_ALEATORIA}</arg>
<doc>Adds the given ``key_value_pairs`` and/or ``items`` to the ``dictionary``.</doc>
<status status="PASS" start="2025-06-24T11:39:07.977218" elapsed="0.000000"/>
</kw>
<kw name="Log" owner="BuiltIn">
<msg time="2025-06-24T11:39:07.992834" level="INFO">Json enviado: {'name': '', 'description': 'xibcqwruja'}</msg>
<arg>Json enviado: ${JSON_CATEGORIAS}</arg>
<doc>Logs the given message with the given level.</doc>
<status status="PASS" start="2025-06-24T11:39:07.977218" elapsed="0.015616"/>
</kw>
<kw name="POST On Session" owner="RequestsLibrary">
<msg time="2025-06-24T11:39:08.190923" level="INFO">POST Request : url=https://educational-api-75qy.onrender.com/api/categories 
 path_url=/api/categories 
 headers={'User-Agent': 'python-requests/2.32.3', 'Accept-Encoding': 'gzip, deflate', 'Accept': '*/*', 'Connection': 'keep-alive', 'Content-Length': '41', 'Content-Type': 'application/json'} 
 body=b'{"name": "", "description": "xibcqwruja"}' 
 </msg>
<msg time="2025-06-24T11:39:08.190923" level="INFO">POST Response : url=https://educational-api-75qy.onrender.com/api/categories 
 status=400, reason=Bad Request 
 headers={'Date': 'Tue, 24 Jun 2025 10:39:02 GMT', 'Content-Type': 'application/json; charset=utf-8', 'Transfer-Encoding': 'chunked', 'Connection': 'keep-alive', 'access-control-allow-origin': '*', 'etag': 'W/"54-rqBzMSVwhYerBvOsW7KN/zkCaTs"', 'rndr-id': '2e6333e3-be86-4a18', 'vary': 'Accept-Encoding', 'x-powered-by': 'Express', 'x-render-origin-server': 'Render', 'cf-cache-status': 'DYNAMIC', 'Server': 'cloudflare', 'CF-RAY': '954b99548a60e3c5-LIS', 'alt-svc': 'h3=":443"; ma=86400'} 
 body={"message":"Por favor, preencha todos os campos obrigatórios: nome e descrição."} 
 </msg>
<msg time="2025-06-24T11:39:08.190923" level="INFO">C:\Users\veron\AppData\Local\Programs\Python\Python311\Lib\site-packages\urllib3\connectionpool.py:1097: InsecureRequestWarning: Unverified HTTPS request is being made to host 'educational-api-75qy.onrender.com'. Adding certificate verification is strongly advised. See: https://urllib3.readthedocs.io/en/latest/advanced-usage.html#tls-warnings
  warnings.warn(</msg>
<msg time="2025-06-24T11:39:08.206083" level="INFO">${RESPONSE} = &lt;Response [400]&gt;</msg>
<var>${RESPONSE}</var>
<arg>API</arg>
<arg>${CATEGORIES_ENDPOINT}</arg>
<arg>json=${JSON_CATEGORIAS}</arg>
<arg>expected_status=400</arg>
<doc>Sends a POST request on a previously created HTTP Session.</doc>
<status status="PASS" start="2025-06-24T11:39:07.992834" elapsed="0.213249"/>
</kw>
<kw name="Log" owner="BuiltIn">
<msg time="2025-06-24T11:39:08.206083" level="INFO">Status code: 400</msg>
<arg>Status code: ${RESPONSE.status_code}</arg>
<doc>Logs the given message with the given level.</doc>
<status status="PASS" start="2025-06-24T11:39:08.206083" elapsed="0.000000"/>
</kw>
<kw name="Log" owner="BuiltIn">
<msg time="2025-06-24T11:39:08.206083" level="INFO">Response content: {"message":"Por favor, preencha todos os campos obrigatÃ³rios: nome e descriÃ§Ã£o."}</msg>
<arg>Response content: ${RESPONSE.content}</arg>
<doc>Logs the given message with the given level.</doc>
<status status="PASS" start="2025-06-24T11:39:08.206083" elapsed="0.000000"/>
</kw>
<if>
<branch type="IF" condition="${RESPONSE.status_code} == 400">
<kw name="Set Variable" owner="BuiltIn">
<msg time="2025-06-24T11:39:08.206083" level="INFO">${RESPONSE_BODY} = {'message': 'Por favor, preencha todos os campos obrigatórios: nome e descrição.'}</msg>
<var>${RESPONSE_BODY}</var>
<arg>${RESPONSE.json()}</arg>
<doc>Returns the given values which can then be assigned to a variables.</doc>
<status status="PASS" start="2025-06-24T11:39:08.206083" elapsed="0.000000"/>
</kw>
<kw name="Log" owner="BuiltIn">
<msg time="2025-06-24T11:39:08.221738" level="INFO">{'message': 'Por favor, preencha todos os campos obrigatórios: nome e descrição.'}</msg>
<arg>${RESPONSE_BODY}</arg>
<doc>Logs the given message with the given level.</doc>
<status status="PASS" start="2025-06-24T11:39:08.206083" elapsed="0.015655"/>
</kw>
<kw name="Dictionary Should Contain Key" owner="Collections">
<arg>${RESPONSE_BODY}</arg>
<arg>message</arg>
<doc>Fails if ``key`` is not found from ``dictionary``.</doc>
<status status="PASS" start="2025-06-24T11:39:08.221738" elapsed="0.003975"/>
</kw>
<kw name="Get From Dictionary" owner="Collections">
<msg time="2025-06-24T11:39:08.227976" level="INFO">${MESSAGE} = Por favor, preencha todos os campos obrigatórios: nome e descrição.</msg>
<var>${MESSAGE}</var>
<arg>${RESPONSE_BODY}</arg>
<arg>message</arg>
<doc>Returns a value from the given ``dictionary`` based on the given ``key``.</doc>
<status status="PASS" start="2025-06-24T11:39:08.227541" elapsed="0.000435"/>
</kw>
<kw name="Should Be Equal" owner="BuiltIn">
<arg>${MESSAGE}</arg>
<arg>Por favor, preencha todos os campos obrigatórios: nome e descrição.</arg>
<doc>Fails if the given objects are unequal.</doc>
<status status="PASS" start="2025-06-24T11:39:08.227976" elapsed="0.000000"/>
</kw>
<status status="PASS" start="2025-06-24T11:39:08.206083" elapsed="0.021893"/>
</branch>
<status status="PASS" start="2025-06-24T11:39:08.206083" elapsed="0.026725"/>
</if>
<doc>Tenta cadastrar uma nova categoria sem fornecer o campo 'name' no payload.
Verifica se o status da resposta é 400 Bad Request e se a mensagem de erro esperada é retornada.</doc>
<status status="PASS" start="2025-06-24T11:39:07.977218" elapsed="0.255590"/>
</kw>
<kw name="Buscar categoria não cadastrada" owner="categorias">
<kw name="Generate Random String" owner="String">
<msg time="2025-06-24T11:39:08.240809" level="INFO">${ID_CATEGORIA_ALEATORIA} = 1612071778</msg>
<var>${ID_CATEGORIA_ALEATORIA}</var>
<arg>length=10</arg>
<arg>chars=[NUMBERS]</arg>
<doc>Generates a string with a desired ``length`` from the given ``chars``.</doc>
<status status="PASS" start="2025-06-24T11:39:08.232808" elapsed="0.011132"/>
</kw>
<kw name="Log" owner="BuiltIn">
<msg time="2025-06-24T11:39:08.243940" level="INFO">1612071778</msg>
<arg>${ID_CATEGORIA_ALEATORIA}</arg>
<doc>Logs the given message with the given level.</doc>
<status status="PASS" start="2025-06-24T11:39:08.243940" elapsed="0.000000"/>
</kw>
<kw name="GET" owner="RequestsLibrary">
<msg time="2025-06-24T11:39:08.485997" level="INFO">GET Request : url=https://educational-api-75qy.onrender.com/api/categories/1612071778 
 path_url=/api/categories/1612071778 
 headers={'User-Agent': 'python-requests/2.32.3', 'Accept-Encoding': 'gzip, deflate', 'Accept': '*/*', 'Connection': 'keep-alive'} 
 body=None 
 </msg>
<msg time="2025-06-24T11:39:08.485997" level="INFO">GET Response : url=https://educational-api-75qy.onrender.com/api/categories/1612071778 
 status=404, reason=Not Found 
 headers={'Date': 'Tue, 24 Jun 2025 10:39:02 GMT', 'Content-Type': 'application/json; charset=utf-8', 'Transfer-Encoding': 'chunked', 'Connection': 'keep-alive', 'access-control-allow-origin': '*', 'etag': 'W/"28-ePJsCu7zCn5Eq1uPmflU3yZSLgQ"', 'rndr-id': '98baedf4-3cb7-49ef', 'vary': 'Accept-Encoding', 'x-powered-by': 'Express', 'x-render-origin-server': 'Render', 'cf-cache-status': 'DYNAMIC', 'Server': 'cloudflare', 'CF-RAY': '954b99564d5b338d-LIS', 'Content-Encoding': 'gzip', 'alt-svc': 'h3=":443"; ma=86400'} 
 body={"message":"Categoria não encontrada."} 
 </msg>
<msg time="2025-06-24T11:39:08.485997" level="INFO">${RESPONSE} = &lt;Response [404]&gt;</msg>
<var>${RESPONSE}</var>
<arg>${URL_API}/categories/${ID_CATEGORIA_ALEATORIA}</arg>
<arg>expected_status=404</arg>
<doc>Sends a GET request.</doc>
<status status="PASS" start="2025-06-24T11:39:08.243940" elapsed="0.242057"/>
</kw>
<if>
<branch type="IF" condition="${RESPONSE.status_code} == 404">
<kw name="Set Variable" owner="BuiltIn">
<msg time="2025-06-24T11:39:08.501145" level="INFO">${RESPONSE_BODY} = {'message': 'Categoria não encontrada.'}</msg>
<var>${RESPONSE_BODY}</var>
<arg>${RESPONSE.json()}</arg>
<doc>Returns the given values which can then be assigned to a variables.</doc>
<status status="PASS" start="2025-06-24T11:39:08.485997" elapsed="0.015148"/>
</kw>
<kw name="Log" owner="BuiltIn">
<msg time="2025-06-24T11:39:08.501145" level="INFO">{'message': 'Categoria não encontrada.'}</msg>
<arg>${RESPONSE_BODY}</arg>
<doc>Logs the given message with the given level.</doc>
<status status="PASS" start="2025-06-24T11:39:08.501145" elapsed="0.000000"/>
</kw>
<kw name="Dictionary Should Contain Key" owner="Collections">
<arg>${RESPONSE_BODY}</arg>
<arg>message</arg>
<doc>Fails if ``key`` is not found from ``dictionary``.</doc>
<status status="PASS" start="2025-06-24T11:39:08.501145" elapsed="0.000000"/>
</kw>
<kw name="Get From Dictionary" owner="Collections">
<msg time="2025-06-24T11:39:08.501145" level="INFO">${MESSAGE} = Categoria não encontrada.</msg>
<var>${MESSAGE}</var>
<arg>${RESPONSE_BODY}</arg>
<arg>message</arg>
<doc>Returns a value from the given ``dictionary`` based on the given ``key``.</doc>
<status status="PASS" start="2025-06-24T11:39:08.501145" elapsed="0.000000"/>
</kw>
<kw name="Should Be Equal" owner="BuiltIn">
<arg>${MESSAGE}</arg>
<arg>Categoria não encontrada.</arg>
<doc>Fails if the given objects are unequal.</doc>
<status status="PASS" start="2025-06-24T11:39:08.501145" elapsed="0.000000"/>
</kw>
<status status="PASS" start="2025-06-24T11:39:08.485997" elapsed="0.015148"/>
</branch>
<status status="PASS" start="2025-06-24T11:39:08.485997" elapsed="0.015148"/>
</if>
<doc>Tenta buscar uma categoria utilizando um ID que não existe na base de dados.
Verifica se o status da resposta é 404 Not Found e se a mensagem de erro esperada é retornada.</doc>
<status status="PASS" start="2025-06-24T11:39:08.232808" elapsed="0.268337"/>
</kw>
<doc>Esta suíte executa uma sequência completa de testes para a funcionalidade de Categorias.
- Criação de uma nova categoria (cenário de sucesso e falha por falta de nome).
- Busca de categorias (por ID existente e ID inexistente, e listagem de todas).
- Atualização de uma categoria existente.
- Exclusão de uma categoria.
O objetivo é garantir a correta interação com os endpoints de Categorias da API.</doc>
<tag>categorias</tag>
<status status="PASS" start="2025-06-24T11:39:03.990415" elapsed="4.510730"/>
</test>
<doc>Este módulo de testes abrange a funcionalidade de gerenciamento de Categorias da API.
Ele verifica as operações de criação, listagem, busca por ID, atualização e exclusão de categorias,
garantindo que a API se comporte conforme o esperado para cada cenário, incluindo casos de sucesso e falha.
O objetivo é validar a integridade e a disponibilidade dos endpoints de Categorias.</doc>
<status status="PASS" start="2025-06-24T11:39:03.011953" elapsed="5.504813"/>
</suite>
<suite id="s1-s2" name="Produtos" source="D:\Estudos\QA REQ\backend-trabalhos\educational-api-robot-framework\tests\produtos.robot">
<kw name="Criar Sessão da API" owner="config" type="SETUP">
<kw name="Create Session" owner="RequestsLibrary">
<msg time="2025-06-24T11:39:08.571482" level="INFO">Creating Session using : alias=API, url=https://educational-api-75qy.onrender.com/api, headers={},                     cookies={}, auth=None, timeout=None, proxies=None, verify=False,                     debug=0 </msg>
<arg>API</arg>
<arg>${URL_API}</arg>
<arg>verify=${SSL_VERIFY}</arg>
<doc>Create Session: create a HTTP session to a server</doc>
<status status="PASS" start="2025-06-24T11:39:08.571482" elapsed="0.000000"/>
</kw>
<status status="PASS" start="2025-06-24T11:39:08.571482" elapsed="0.000000"/>
</kw>
<test id="s1-s2-t1" name="Produtos" line="14">
<kw name="Cadastrar um novo produto" owner="produtos">
<kw name="Obter ID de uma categoria existente" owner="categorias">
<kw name="GET" owner="RequestsLibrary">
<msg time="2025-06-24T11:39:09.007705" level="INFO">GET Request : url=https://educational-api-75qy.onrender.com/api/categories 
 path_url=/api/categories 
 headers={'User-Agent': 'python-requests/2.32.3', 'Accept-Encoding': 'gzip, deflate', 'Accept': '*/*', 'Connection': 'keep-alive'} 
 body=None 
 </msg>
<msg time="2025-06-24T11:39:09.007705" level="INFO">GET Response : url=https://educational-api-75qy.onrender.com/api/categories 
 status=200, reason=OK 
 headers={'Date': 'Tue, 24 Jun 2025 10:39:02 GMT', 'Content-Type': 'application/json; charset=utf-8', 'Transfer-Encoding': 'chunked', 'Connection': 'keep-alive', 'access-control-allow-origin': '*', 'etag': 'W/"ff7-CXDp5LvIxubmos8+P1O/mT7WE9c"', 'rndr-id': 'b49e46b6-49bc-4c67', 'vary': 'Accept-Encoding', 'x-powered-by': 'Express', 'x-render-origin-server': 'Render', 'cf-cache-status': 'DYNAMIC', 'Server': 'cloudflare', 'CF-RAY': '954b99586b6db275-LIS', 'Content-Encoding': 'gzip', 'alt-svc': 'h3=":443"; ma=86400'} 
 body={"success":true,"count":27,"data":[{"_id":"6830b2dfe070c0790342e8c0","name":"Eletrônicos e Computadores","description":"Produtos eletrônicos como smartphones, laptops, computadores, peças de notebooke e CPU, além de acessários para home office (fones, cabos e outros itens).","createdAt":"2025-05-23T17:39:43.699Z","__v":0},{"_id":"6830b326e070c0790342e8c2","name":"Brinquedos","description":"Produtos para brincar e se divertir.","createdAt":"2025-05-23T17:40:54.310Z","__v":0},{"_id":"6830ed4114bcf6ae156c7edc","name":"One Piece - O rei dos piratas","description":"Produtos promocionais do anime e da live action.","createdAt":"2025-05-23T21:48:49.247Z","__v":0},{"_id":"68373723848708bda9c6fa21","name":"Séries e Filmes","description":"Produtos relacionados a séries e filmes de todos os gêneros.","createdAt":"2025-05-28T16:17:39.506Z","__v":0},{"_id":"68398773848708bda9c6fa8e","name":"Bicicletas indoor","description":"Bicicletas para utilizar no conforto da sua casa","createdAt":"2025-05-30T10:24:51.252Z","__v":0},{"_id":"683f2130848708bda9c6fb20","name":"Eletrônicos","description":"Produtos eletrônicos como smartphones, laptops, etc.","createdAt":"2025-06-03T16:22:08.563Z","__v":0},{"_id":"683f2316848708bda9c6fb24","name":"qheswanwmv","description":"Produtos eletrônicos como smartphones, laptops, etc.","createdAt":"2025-06-03T16:30:14.280Z","__v":0},{"_id":"683f24bf848708bda9c6fb27","name":"yismnbsgus","description":"yismnbsgus","createdAt":"2025-06-03T16:37:19.632Z","__v":0},{"_id":"683f2507848708bda9c6fb2a","name":"rjdmsusxki","description":"rjdmsusxki","createdAt":"2025-06-03T16:38:31.581Z","__v":0},{"_id":"683f252b848708bda9c6fb2d","name":"mlacutaier","description":"mlacutaier","createdAt":"2025-06-03T16:39:07.331Z","__v":0},{"_id":"683f25ba848708bda9c6fb30","name":"vzqtlndhcb","description":"vzqtlndhcb","createdAt":"2025-06-03T16:41:30.321Z","__v":0},{"_id":"683f25e7848708bda9c6fb33","name":"obvugvamos","description":"obvugvamos","createdAt":"2025-06-03T16:42:15.011Z","__v":0},{"_id":"683f2703848708bda9c6fb37","name":"ckpobtrpor","description":"ckpobtrpor","createdAt":"2025-06-03T16:46:59.160Z","__v":0},{"_id":"683f2819848708bda9c6fb3d","name":"egzbmmftwu","description":"egzbmmftwu","createdAt":"2025-06-03T16:51:37.421Z","__v":0},{"_id":"683f2889848708bda9c6fb41","name":"obufbwedpe","description":"obufbwedpe","createdAt":"2025-06-03T16:53:29.443Z","__v":0},{"_id":"683f28c4848708bda9c6fb44","name":"mgzeekwkgd","description":"mgzeekwkgd","createdAt":"2025-06-03T16:54:28.584Z","__v":0},{"_id":"683f2923848708bda9c6fb47","name":"qlmqcijflu","description":"qlmqcijflu","createdAt":"2025-06-03T16:56:03.237Z","__v":0},{"_id":"683f29f5848708bda9c6fb4a","name":"nyufxcdeip","description":"nyufxcdeip","createdAt":"2025-06-03T16:59:33.907Z","__v":0},{"_id":"683f2a27848708bda9c6fb4c","name":"ohcyhsudta","description":"ohcyhsudta","createdAt":"2025-06-03T17:00:23.469Z","__v":0},{"_id":"683f37c2848708bda9c6fb56","name":"xeoilkuhyl","description":"xeoilkuhyl","createdAt":"2025-06-03T17:58:26.432Z","__v":0},{"_id":"683f3929848708bda9c6fb5c","name":"ypmvinpyxp","description":"teste","createdAt":"2025-06-03T18:04:25.408Z","__v":0},{"_id":"684012de848708bda9c6fc8e","name":"yiwwjskxks","description":"yiwwjskxks","createdAt":"2025-06-04T09:33:18.527Z","__v":0},{"_id":"6840130c848708bda9c6fc90","name":"pdokrwilxx","description":"pdokrwilxx","createdAt":"2025-06-04T09:34:04.797Z","__v":0},{"_id":"68401333848708bda9c6fc92","name":"uhnqzcpker","description":"uhnqzcpker","createdAt":"2025-06-04T09:34:43.740Z","__v":0},{"_id":"684fe2d2ec7ae8d882c110ab","name":"pc book","description":"computador portatil pc.","createdAt":"2025-06-16T09:24:34.930Z","__v":0},{"_id":"684fe990c6e752a1e1481545","name":"pc-notbook-microsoft-surface","description":"computador portatil pc.","createdAt":"2025-06-16T09:53:20.252Z","__v":0},{"_id":"684fee49c6e752a1e1481547","name":"pc-notbookdell","description":" PC Dell Latitude 5500, um portátil Equipado com um processador Intel Core i5-8265U e 8GB de RAM,.","createdAt":"2025-06-16T10:13:29.649Z","__v":0}]} 
 </msg>
<msg time="2025-06-24T11:39:09.007705" level="INFO">${RESPONSE} = &lt;Response [200]&gt;</msg>
<var>${RESPONSE}</var>
<arg>${URL_API}/categories</arg>
<arg>expected_status=200</arg>
<doc>Sends a GET request.</doc>
<status status="PASS" start="2025-06-24T11:39:08.587107" elapsed="0.420598"/>
</kw>
<kw name="Set Variable" owner="BuiltIn">
<msg time="2025-06-24T11:39:09.007705" level="INFO">${RESPONSE_BODY} = {'success': True, 'count': 27, 'data': [{'_id': '6830b2dfe070c0790342e8c0', 'name': 'Eletrônicos e Computadores', 'description': 'Produtos eletrônicos como smartphones, laptops, computadores, peças de...</msg>
<var>${RESPONSE_BODY}</var>
<arg>${RESPONSE.json()}</arg>
<doc>Returns the given values which can then be assigned to a variables.</doc>
<status status="PASS" start="2025-06-24T11:39:09.007705" elapsed="0.000000"/>
</kw>
<kw name="Dictionary Should Contain Key" owner="Collections">
<arg>${RESPONSE_BODY}</arg>
<arg>data</arg>
<doc>Fails if ``key`` is not found from ``dictionary``.</doc>
<status status="PASS" start="2025-06-24T11:39:09.007705" elapsed="0.000000"/>
</kw>
<kw name="Get From Dictionary" owner="Collections">
<msg time="2025-06-24T11:39:09.007705" level="INFO">${CATEGORIES_LIST} = [{'_id': '6830b2dfe070c0790342e8c0', 'name': 'Eletrônicos e Computadores', 'description': 'Produtos eletrônicos como smartphones, laptops, computadores, peças de notebooke e CPU, além de acessários pa...</msg>
<var>${CATEGORIES_LIST}</var>
<arg>${RESPONSE_BODY}</arg>
<arg>data</arg>
<doc>Returns a value from the given ``dictionary`` based on the given ``key``.</doc>
<status status="PASS" start="2025-06-24T11:39:09.007705" elapsed="0.000000"/>
</kw>
<kw name="Should Not Be Empty" owner="BuiltIn">
<msg time="2025-06-24T11:39:09.022897" level="INFO">Length is 27.</msg>
<arg>${CATEGORIES_LIST}</arg>
<arg>msg=Nenhuma categoria encontrada para obter ID.</arg>
<doc>Verifies that the given item is not empty.</doc>
<status status="PASS" start="2025-06-24T11:39:09.022897" elapsed="0.000000"/>
</kw>
<kw name="Get From List" owner="Collections">
<msg time="2025-06-24T11:39:09.022897" level="INFO">${PRIMEIRA_CATEGORIA} = {'_id': '6830b2dfe070c0790342e8c0', 'name': 'Eletrônicos e Computadores', 'description': 'Produtos eletrônicos como smartphones, laptops, computadores, peças de notebooke e CPU, além de acessários par...</msg>
<var>${PRIMEIRA_CATEGORIA}</var>
<arg>${CATEGORIES_LIST}</arg>
<arg>0</arg>
<doc>Returns the value specified with an ``index`` from ``list``.</doc>
<status status="PASS" start="2025-06-24T11:39:09.022897" elapsed="0.000000"/>
</kw>
<kw name="Get From Dictionary" owner="Collections">
<msg time="2025-06-24T11:39:09.022897" level="INFO">${ID_PRIMEIRA_CATEGORIA} = 6830b2dfe070c0790342e8c0</msg>
<var>${ID_PRIMEIRA_CATEGORIA}</var>
<arg>${PRIMEIRA_CATEGORIA}</arg>
<arg>_id</arg>
<doc>Returns a value from the given ``dictionary`` based on the given ``key``.</doc>
<status status="PASS" start="2025-06-24T11:39:09.022897" elapsed="0.000000"/>
</kw>
<kw name="Log" owner="BuiltIn">
<msg time="2025-06-24T11:39:09.022897" level="INFO">ID da categoria encontrada: 6830b2dfe070c0790342e8c0</msg>
<arg>ID da categoria encontrada: ${ID_PRIMEIRA_CATEGORIA}</arg>
<doc>Logs the given message with the given level.</doc>
<status status="PASS" start="2025-06-24T11:39:09.022897" elapsed="0.000000"/>
</kw>
<return>
<value>${ID_PRIMEIRA_CATEGORIA}</value>
<status status="PASS" start="2025-06-24T11:39:09.022897" elapsed="0.000000"/>
</return>
<msg time="2025-06-24T11:39:09.022897" level="INFO">${ID_CATEGORIA} = 6830b2dfe070c0790342e8c0</msg>
<var>${ID_CATEGORIA}</var>
<doc>Busca e retorna o ID de uma categoria existente na API.
Esta Keyword é útil como pré-condição para outros testes que exigem um ID de categoria válido.
Verifica se a lista de categorias não está vazia antes de extrair o ID.</doc>
<status status="PASS" start="2025-06-24T11:39:08.587107" elapsed="0.435790"/>
</kw>
<kw name="Log" owner="BuiltIn">
<msg time="2025-06-24T11:39:09.022897" level="INFO">6830b2dfe070c0790342e8c0</msg>
<arg>${ID_CATEGORIA}</arg>
<doc>Logs the given message with the given level.</doc>
<status status="PASS" start="2025-06-24T11:39:09.022897" elapsed="0.000000"/>
</kw>
<kw name="Load Json From File" owner="JSONLibrary">
<msg time="2025-06-24T11:39:09.022897" level="INFO">${JSON_PRODUTOS} = {'name': '', 'description': '', 'price': 0, 'quantity': 0, 'category': ''}</msg>
<var>${JSON_PRODUTOS}</var>
<arg>${PATH_PAYLOAD}/produtos.json</arg>
<doc>Load JSON from file.</doc>
<status status="PASS" start="2025-06-24T11:39:09.022897" elapsed="0.000000"/>
</kw>
<kw name="Generate Random String" owner="String">
<msg time="2025-06-24T11:39:09.038518" level="INFO">${PALAVRA_ALEATORIA} = JUGJZeNcAo</msg>
<var>${PALAVRA_ALEATORIA}</var>
<arg>length=10</arg>
<arg>chars=[LETTERS]</arg>
<doc>Generates a string with a desired ``length`` from the given ``chars``.</doc>
<status status="PASS" start="2025-06-24T11:39:09.022897" elapsed="0.015621"/>
</kw>
<kw name="Convert To Lower Case" owner="String">
<msg time="2025-06-24T11:39:09.038518" level="INFO">${PALAVRA_ALEATORIA} = jugjzencao</msg>
<var>${PALAVRA_ALEATORIA}</var>
<arg>${PALAVRA_ALEATORIA}</arg>
<doc>Converts string to lower case.</doc>
<status status="PASS" start="2025-06-24T11:39:09.038518" elapsed="0.000000"/>
</kw>
<kw name="Evaluate" owner="BuiltIn">
<msg time="2025-06-24T11:39:09.038518" level="INFO">${PRECO_ALEATORIO} = 9605</msg>
<var>${PRECO_ALEATORIO}</var>
<arg>random.randint(1, 9999)</arg>
<arg>modules=random</arg>
<doc>Evaluates the given expression in Python and returns the result.</doc>
<status status="PASS" start="2025-06-24T11:39:09.038518" elapsed="0.000000"/>
</kw>
<kw name="Evaluate" owner="BuiltIn">
<msg time="2025-06-24T11:39:09.038518" level="INFO">${QUANTIDADE_ALEATORIA} = 106</msg>
<var>${QUANTIDADE_ALEATORIA}</var>
<arg>random.randint(0, 999)</arg>
<arg>modules=random</arg>
<doc>Evaluates the given expression in Python and returns the result.</doc>
<status status="PASS" start="2025-06-24T11:39:09.038518" elapsed="0.000000"/>
</kw>
<kw name="Set To Dictionary" owner="Collections">
<arg>${JSON_PRODUTOS}</arg>
<arg>name=${PALAVRA_ALEATORIA}</arg>
<doc>Adds the given ``key_value_pairs`` and/or ``items`` to the ``dictionary``.</doc>
<status status="PASS" start="2025-06-24T11:39:09.038518" elapsed="0.000000"/>
</kw>
<kw name="Set To Dictionary" owner="Collections">
<arg>${JSON_PRODUTOS}</arg>
<arg>description=${PALAVRA_ALEATORIA}</arg>
<doc>Adds the given ``key_value_pairs`` and/or ``items`` to the ``dictionary``.</doc>
<status status="PASS" start="2025-06-24T11:39:09.038518" elapsed="0.000000"/>
</kw>
<kw name="Set To Dictionary" owner="Collections">
<arg>${JSON_PRODUTOS}</arg>
<arg>price=${PRECO_ALEATORIO}</arg>
<doc>Adds the given ``key_value_pairs`` and/or ``items`` to the ``dictionary``.</doc>
<status status="PASS" start="2025-06-24T11:39:09.038518" elapsed="0.000000"/>
</kw>
<kw name="Set To Dictionary" owner="Collections">
<arg>${JSON_PRODUTOS}</arg>
<arg>quantity=${QUANTIDADE_ALEATORIA}</arg>
<doc>Adds the given ``key_value_pairs`` and/or ``items`` to the ``dictionary``.</doc>
<status status="PASS" start="2025-06-24T11:39:09.038518" elapsed="0.000000"/>
</kw>
<kw name="Set To Dictionary" owner="Collections">
<arg>${JSON_PRODUTOS}</arg>
<arg>category=${ID_CATEGORIA}</arg>
<doc>Adds the given ``key_value_pairs`` and/or ``items`` to the ``dictionary``.</doc>
<status status="PASS" start="2025-06-24T11:39:09.038518" elapsed="0.000000"/>
</kw>
<kw name="Log" owner="BuiltIn">
<msg time="2025-06-24T11:39:09.038518" level="INFO">Json enviado: {'name': 'jugjzencao', 'description': 'jugjzencao', 'price': 9605, 'quantity': 106, 'category': '6830b2dfe070c0790342e8c0'}</msg>
<arg>Json enviado: ${JSON_PRODUTOS}</arg>
<doc>Logs the given message with the given level.</doc>
<status status="PASS" start="2025-06-24T11:39:09.038518" elapsed="0.000000"/>
</kw>
<kw name="POST On Session" owner="RequestsLibrary">
<msg time="2025-06-24T11:39:10.057721" level="INFO">POST Request : url=https://educational-api-75qy.onrender.com/api/products 
 path_url=/api/products 
 headers={'User-Agent': 'python-requests/2.32.3', 'Accept-Encoding': 'gzip, deflate', 'Accept': '*/*', 'Connection': 'keep-alive', 'Content-Length': '123', 'Content-Type': 'application/json'} 
 body=b'{"name": "jugjzencao", "description": "jugjzencao", "price": 9605, "quantity": 106, "category": "6830b2dfe070c0790342e8c0"}' 
 </msg>
<msg time="2025-06-24T11:39:10.057721" level="INFO">POST Response : url=https://educational-api-75qy.onrender.com/api/products 
 status=201, reason=Created 
 headers={'Date': 'Tue, 24 Jun 2025 10:39:03 GMT', 'Content-Type': 'application/json; charset=utf-8', 'Transfer-Encoding': 'chunked', 'Connection': 'keep-alive', 'access-control-allow-origin': '*', 'etag': 'W/"da-eVsNJY5afboI+haDFEu0jHHL13s"', 'rndr-id': 'af3be361-db8a-4adb', 'vary': 'Accept-Encoding', 'x-powered-by': 'Express', 'x-render-origin-server': 'Render', 'cf-cache-status': 'DYNAMIC', 'Server': 'cloudflare', 'CF-RAY': '954b995b6d9e94fa-LIS', 'alt-svc': 'h3=":443"; ma=86400'} 
 body={"success":true,"data":{"name":"jugjzencao","description":"jugjzencao","price":9605,"quantity":106,"category":"6830b2dfe070c0790342e8c0","_id":"685a80474d0af2e59117ca15","createdAt":"2025-06-24T10:39:03.577Z","__v":0}} 
 </msg>
<msg time="2025-06-24T11:39:10.057721" level="INFO">C:\Users\veron\AppData\Local\Programs\Python\Python311\Lib\site-packages\urllib3\connectionpool.py:1097: InsecureRequestWarning: Unverified HTTPS request is being made to host 'educational-api-75qy.onrender.com'. Adding certificate verification is strongly advised. See: https://urllib3.readthedocs.io/en/latest/advanced-usage.html#tls-warnings
  warnings.warn(</msg>
<msg time="2025-06-24T11:39:10.057721" level="INFO">${RESPONSE} = &lt;Response [201]&gt;</msg>
<var>${RESPONSE}</var>
<arg>API</arg>
<arg>${PRODUCTS_ENDPOINT}</arg>
<arg>json=${JSON_PRODUTOS}</arg>
<doc>Sends a POST request on a previously created HTTP Session.</doc>
<status status="PASS" start="2025-06-24T11:39:09.038518" elapsed="1.019203"/>
</kw>
<kw name="Log" owner="BuiltIn">
<msg time="2025-06-24T11:39:10.057721" level="INFO">Status code: 201</msg>
<arg>Status code: ${RESPONSE.status_code}</arg>
<doc>Logs the given message with the given level.</doc>
<status status="PASS" start="2025-06-24T11:39:10.057721" elapsed="0.000000"/>
</kw>
<kw name="Log" owner="BuiltIn">
<msg time="2025-06-24T11:39:10.072921" level="INFO">Response content: {"success":true,"data":{"name":"jugjzencao","description":"jugjzencao","price":9605,"quantity":106,"category":"6830b2dfe070c0790342e8c0","_id":"685a80474d0af2e59117ca15","createdAt":"2025-06-24T10:39:03.577Z","__v":0}}</msg>
<arg>Response content: ${RESPONSE.content}</arg>
<doc>Logs the given message with the given level.</doc>
<status status="PASS" start="2025-06-24T11:39:10.057721" elapsed="0.015200"/>
</kw>
<kw name="Status Should Be" owner="RequestsLibrary">
<arg>201</arg>
<arg>${RESPONSE}</arg>
<doc>Fails if response status code is different than the expected.</doc>
<status status="PASS" start="2025-06-24T11:39:10.077093" elapsed="0.000000"/>
</kw>
<kw name="Set Variable" owner="BuiltIn">
<msg time="2025-06-24T11:39:10.085499" level="INFO">${RESPONSE_BODY} = {'success': True, 'data': {'name': 'jugjzencao', 'description': 'jugjzencao', 'price': 9605, 'quantity': 106, 'category': '6830b2dfe070c0790342e8c0', '_id': '685a80474d0af2e59117ca15', 'createdAt': '2...</msg>
<var>${RESPONSE_BODY}</var>
<arg>${RESPONSE.json()}</arg>
<doc>Returns the given values which can then be assigned to a variables.</doc>
<status status="PASS" start="2025-06-24T11:39:10.077093" elapsed="0.008406"/>
</kw>
<kw name="Dictionary Should Contain Key" owner="Collections">
<arg>${RESPONSE_BODY}</arg>
<arg>data</arg>
<doc>Fails if ``key`` is not found from ``dictionary``.</doc>
<status status="PASS" start="2025-06-24T11:39:10.085499" elapsed="0.000000"/>
</kw>
<kw name="Get From Dictionary" owner="Collections">
<msg time="2025-06-24T11:39:10.085499" level="INFO">${DATA} = {'name': 'jugjzencao', 'description': 'jugjzencao', 'price': 9605, 'quantity': 106, 'category': '6830b2dfe070c0790342e8c0', '_id': '685a80474d0af2e59117ca15', 'createdAt': '2025-06-24T10:39:03.577Z', ...</msg>
<var>${DATA}</var>
<arg>${RESPONSE_BODY}</arg>
<arg>data</arg>
<doc>Returns a value from the given ``dictionary`` based on the given ``key``.</doc>
<status status="PASS" start="2025-06-24T11:39:10.085499" elapsed="0.000000"/>
</kw>
<kw name="Dictionary Should Contain Key" owner="Collections">
<arg>${DATA}</arg>
<arg>_id</arg>
<doc>Fails if ``key`` is not found from ``dictionary``.</doc>
<status status="PASS" start="2025-06-24T11:39:10.085499" elapsed="0.000000"/>
</kw>
<if>
<branch type="IF" condition="${RESPONSE.status_code} == 201">
<kw name="Get From Dictionary" owner="Collections">
<msg time="2025-06-24T11:39:10.098282" level="INFO">${ID_PRODUTO_RESPONSE} = 685a80474d0af2e59117ca15</msg>
<var>${ID_PRODUTO_RESPONSE}</var>
<arg>${DATA}</arg>
<arg>_id</arg>
<doc>Returns a value from the given ``dictionary`` based on the given ``key``.</doc>
<status status="PASS" start="2025-06-24T11:39:10.098282" elapsed="0.000000"/>
</kw>
<kw name="Set Test Variable" owner="BuiltIn">
<msg time="2025-06-24T11:39:10.098282" level="INFO">${ID_PRODUTO} = 685a80474d0af2e59117ca15</msg>
<arg>${ID_PRODUTO}</arg>
<arg>${ID_PRODUTO_RESPONSE}</arg>
<doc>Makes a variable available everywhere within the scope of the current test.</doc>
<status status="PASS" start="2025-06-24T11:39:10.098282" elapsed="0.000000"/>
</kw>
<status status="PASS" start="2025-06-24T11:39:10.093753" elapsed="0.004529"/>
</branch>
<status status="PASS" start="2025-06-24T11:39:10.093144" elapsed="0.005138"/>
</if>
<doc>Cria um novo produto enviando um payload JSON válido para o endpoint /products.
Gera nome, descrição, preço e quantidade aleatórios e associa a um ID de categoria existente.</doc>
<status status="PASS" start="2025-06-24T11:39:08.587107" elapsed="1.511175"/>
</kw>
<kw name="Buscar produto cadastrado por ID" owner="produtos">
<kw name="Log" owner="BuiltIn">
<msg time="2025-06-24T11:39:10.110177" level="INFO">685a80474d0af2e59117ca15</msg>
<arg>${ID_PRODUTO}</arg>
<doc>Logs the given message with the given level.</doc>
<status status="PASS" start="2025-06-24T11:39:10.109468" elapsed="0.000709"/>
</kw>
<kw name="GET" owner="RequestsLibrary">
<msg time="2025-06-24T11:39:10.773471" level="INFO">GET Request : url=https://educational-api-75qy.onrender.com/api/products/685a80474d0af2e59117ca15 
 path_url=/api/products/685a80474d0af2e59117ca15 
 headers={'User-Agent': 'python-requests/2.32.3', 'Accept-Encoding': 'gzip, deflate', 'Accept': '*/*', 'Connection': 'keep-alive'} 
 body=None 
 </msg>
<msg time="2025-06-24T11:39:10.773471" level="INFO">GET Response : url=https://educational-api-75qy.onrender.com/api/products/685a80474d0af2e59117ca15 
 status=200, reason=OK 
 headers={'Date': 'Tue, 24 Jun 2025 10:39:04 GMT', 'Content-Type': 'application/json; charset=utf-8', 'Transfer-Encoding': 'chunked', 'Connection': 'keep-alive', 'access-control-allow-origin': '*', 'etag': 'W/"107-TZ8qHTUa8z7ZNrdWWFgG7Y+KF74"', 'rndr-id': '9bd0fb56-b003-4996', 'vary': 'Accept-Encoding', 'x-powered-by': 'Express', 'x-render-origin-server': 'Render', 'cf-cache-status': 'DYNAMIC', 'Server': 'cloudflare', 'CF-RAY': '954b9961ec81e3d1-LIS', 'Content-Encoding': 'gzip', 'alt-svc': 'h3=":443"; ma=86400'} 
 body={"success":true,"data":{"_id":"685a80474d0af2e59117ca15","name":"jugjzencao","description":"jugjzencao","price":9605,"quantity":106,"category":{"_id":"6830b2dfe070c0790342e8c0","name":"Eletrônicos e Computadores"},"createdAt":"2025-06-24T10:39:03.577Z","__v":0}} 
 </msg>
<msg time="2025-06-24T11:39:10.773471" level="INFO">${RESPONSE} = &lt;Response [200]&gt;</msg>
<var>${RESPONSE}</var>
<arg>${URL_API}/products/${ID_PRODUTO}</arg>
<arg>expected_status=200</arg>
<doc>Sends a GET request.</doc>
<status status="PASS" start="2025-06-24T11:39:10.110177" elapsed="0.663294"/>
</kw>
<kw name="Set Variable" owner="BuiltIn">
<msg time="2025-06-24T11:39:10.773471" level="INFO">${RESPONSE_BODY} = {'success': True, 'data': {'_id': '685a80474d0af2e59117ca15', 'name': 'jugjzencao', 'description': 'jugjzencao', 'price': 9605, 'quantity': 106, 'category': {'_id': '6830b2dfe070c0790342e8c0', 'name':...</msg>
<var>${RESPONSE_BODY}</var>
<arg>${RESPONSE.json()}</arg>
<doc>Returns the given values which can then be assigned to a variables.</doc>
<status status="PASS" start="2025-06-24T11:39:10.773471" elapsed="0.000000"/>
</kw>
<kw name="Log" owner="BuiltIn">
<msg time="2025-06-24T11:39:10.773471" level="INFO">{'success': True, 'data': {'_id': '685a80474d0af2e59117ca15', 'name': 'jugjzencao', 'description': 'jugjzencao', 'price': 9605, 'quantity': 106, 'category': {'_id': '6830b2dfe070c0790342e8c0', 'name': 'Eletrônicos e Computadores'}, 'createdAt': '2025-06-24T10:39:03.577Z', '__v': 0}}</msg>
<arg>${RESPONSE_BODY}</arg>
<doc>Logs the given message with the given level.</doc>
<status status="PASS" start="2025-06-24T11:39:10.773471" elapsed="0.000000"/>
</kw>
<kw name="Dictionary Should Contain Key" owner="Collections">
<arg>${RESPONSE_BODY}</arg>
<arg>data</arg>
<doc>Fails if ``key`` is not found from ``dictionary``.</doc>
<status status="PASS" start="2025-06-24T11:39:10.773471" elapsed="0.000000"/>
</kw>
<kw name="Get From Dictionary" owner="Collections">
<msg time="2025-06-24T11:39:10.773471" level="INFO">${DATA} = {'_id': '685a80474d0af2e59117ca15', 'name': 'jugjzencao', 'description': 'jugjzencao', 'price': 9605, 'quantity': 106, 'category': {'_id': '6830b2dfe070c0790342e8c0', 'name': 'Eletrônicos e Computador...</msg>
<var>${DATA}</var>
<arg>${RESPONSE_BODY}</arg>
<arg>data</arg>
<doc>Returns a value from the given ``dictionary`` based on the given ``key``.</doc>
<status status="PASS" start="2025-06-24T11:39:10.773471" elapsed="0.000000"/>
</kw>
<kw name="Log" owner="BuiltIn">
<msg time="2025-06-24T11:39:10.773471" level="INFO">Produto por ID: {'_id': '685a80474d0af2e59117ca15', 'name': 'jugjzencao', 'description': 'jugjzencao', 'price': 9605, 'quantity': 106, 'category': {'_id': '6830b2dfe070c0790342e8c0', 'name': 'Eletrônicos e Computadores'}, 'createdAt': '2025-06-24T10:39:03.577Z', '__v': 0}</msg>
<arg>Produto por ID: ${DATA}</arg>
<doc>Logs the given message with the given level.</doc>
<status status="PASS" start="2025-06-24T11:39:10.773471" elapsed="0.000000"/>
</kw>
<doc>Busca um produto específico utilizando o ID previamente cadastrado (variável ID Produto).
Verifica se o status da resposta é 200 OK e se a resposta contém os detalhes do produto na chave 'data'.</doc>
<status status="PASS" start="2025-06-24T11:39:10.098282" elapsed="0.675189"/>
</kw>
<kw name="Atualizar produto cadastrado" owner="produtos">
<kw name="Load Json From File" owner="JSONLibrary">
<msg time="2025-06-24T11:39:10.773471" level="INFO">${JSON_PRODUTOS} = {'name': '', 'description': '', 'price': 0, 'quantity': 0, 'category': ''}</msg>
<var>${JSON_PRODUTOS}</var>
<arg>${PATH_PAYLOAD}/produtos.json</arg>
<doc>Load JSON from file.</doc>
<status status="PASS" start="2025-06-24T11:39:10.773471" elapsed="0.000000"/>
</kw>
<kw name="Remove From Dictionary" owner="Collections">
<msg time="2025-06-24T11:39:10.773471" level="INFO">Removed item with key 'name' and value ''.</msg>
<arg>${JSON_PRODUTOS}</arg>
<arg>name</arg>
<doc>Removes the given ``keys`` from the ``dictionary``.</doc>
<status status="PASS" start="2025-06-24T11:39:10.773471" elapsed="0.000000"/>
</kw>
<kw name="Remove From Dictionary" owner="Collections">
<msg time="2025-06-24T11:39:10.773471" level="INFO">Removed item with key 'price' and value '0'.</msg>
<arg>${JSON_PRODUTOS}</arg>
<arg>price</arg>
<doc>Removes the given ``keys`` from the ``dictionary``.</doc>
<status status="PASS" start="2025-06-24T11:39:10.773471" elapsed="0.000000"/>
</kw>
<kw name="Remove From Dictionary" owner="Collections">
<msg time="2025-06-24T11:39:10.773471" level="INFO">Removed item with key 'category' and value ''.</msg>
<arg>${JSON_PRODUTOS}</arg>
<arg>category</arg>
<doc>Removes the given ``keys`` from the ``dictionary``.</doc>
<status status="PASS" start="2025-06-24T11:39:10.773471" elapsed="0.000000"/>
</kw>
<kw name="Evaluate" owner="BuiltIn">
<msg time="2025-06-24T11:39:10.773471" level="INFO">${QUANTIDADE_ALEATORIA} = 468</msg>
<var>${QUANTIDADE_ALEATORIA}</var>
<arg>random.randint(0, 999)</arg>
<arg>modules=random</arg>
<doc>Evaluates the given expression in Python and returns the result.</doc>
<status status="PASS" start="2025-06-24T11:39:10.773471" elapsed="0.000000"/>
</kw>
<kw name="Set To Dictionary" owner="Collections">
<arg>${JSON_PRODUTOS}</arg>
<arg>description=teste</arg>
<doc>Adds the given ``key_value_pairs`` and/or ``items`` to the ``dictionary``.</doc>
<status status="PASS" start="2025-06-24T11:39:10.773471" elapsed="0.000000"/>
</kw>
<kw name="Set To Dictionary" owner="Collections">
<arg>${JSON_PRODUTOS}</arg>
<arg>quantity=${QUANTIDADE_ALEATORIA}</arg>
<doc>Adds the given ``key_value_pairs`` and/or ``items`` to the ``dictionary``.</doc>
<status status="PASS" start="2025-06-24T11:39:10.773471" elapsed="0.000000"/>
</kw>
<kw name="PUT" owner="RequestsLibrary">
<msg time="2025-06-24T11:39:11.534294" level="INFO">PUT Request : url=https://educational-api-75qy.onrender.com/api/products/685a80474d0af2e59117ca15 
 path_url=/api/products/685a80474d0af2e59117ca15 
 headers={'User-Agent': 'python-requests/2.32.3', 'Accept-Encoding': 'gzip, deflate', 'Accept': '*/*', 'Connection': 'keep-alive', 'Content-Length': '41', 'Content-Type': 'application/json'} 
 body=b'{"description": "teste", "quantity": 468}' 
 </msg>
<msg time="2025-06-24T11:39:11.534294" level="INFO">PUT Response : url=https://educational-api-75qy.onrender.com/api/products/685a80474d0af2e59117ca15 
 status=200, reason=OK 
 headers={'Date': 'Tue, 24 Jun 2025 10:39:05 GMT', 'Content-Type': 'application/json; charset=utf-8', 'Transfer-Encoding': 'chunked', 'Connection': 'keep-alive', 'access-control-allow-origin': '*', 'etag': 'W/"102-Sm2KL1kSYGcEFSZ21jPdtcyl5Rg"', 'rndr-id': '9325d038-d449-4e34', 'vary': 'Accept-Encoding', 'x-powered-by': 'Express', 'x-render-origin-server': 'Render', 'cf-cache-status': 'DYNAMIC', 'Server': 'cloudflare', 'CF-RAY': '954b99661f3931f1-LIS', 'Content-Encoding': 'gzip', 'alt-svc': 'h3=":443"; ma=86400'} 
 body={"success":true,"data":{"_id":"685a80474d0af2e59117ca15","name":"jugjzencao","description":"teste","price":9605,"quantity":468,"category":{"_id":"6830b2dfe070c0790342e8c0","name":"Eletrônicos e Computadores"},"createdAt":"2025-06-24T10:39:03.577Z","__v":0}} 
 </msg>
<msg time="2025-06-24T11:39:11.534294" level="INFO">${RESPONSE} = &lt;Response [200]&gt;</msg>
<var>${RESPONSE}</var>
<arg>${URL_API}/products/${ID_PRODUTO}</arg>
<arg>json=${JSON_PRODUTOS}</arg>
<arg>expected_status=200</arg>
<doc>Sends a PUT request.</doc>
<status status="PASS" start="2025-06-24T11:39:10.773471" elapsed="0.760823"/>
</kw>
<kw name="Set Variable" owner="BuiltIn">
<msg time="2025-06-24T11:39:11.549637" level="INFO">${RESPONSE_BODY} = {'success': True, 'data': {'_id': '685a80474d0af2e59117ca15', 'name': 'jugjzencao', 'description': 'teste', 'price': 9605, 'quantity': 468, 'category': {'_id': '6830b2dfe070c0790342e8c0', 'name': 'Ele...</msg>
<var>${RESPONSE_BODY}</var>
<arg>${RESPONSE.json()}</arg>
<doc>Returns the given values which can then be assigned to a variables.</doc>
<status status="PASS" start="2025-06-24T11:39:11.534294" elapsed="0.015343"/>
</kw>
<kw name="Log" owner="BuiltIn">
<msg time="2025-06-24T11:39:11.549637" level="INFO">{'success': True, 'data': {'_id': '685a80474d0af2e59117ca15', 'name': 'jugjzencao', 'description': 'teste', 'price': 9605, 'quantity': 468, 'category': {'_id': '6830b2dfe070c0790342e8c0', 'name': 'Eletrônicos e Computadores'}, 'createdAt': '2025-06-24T10:39:03.577Z', '__v': 0}}</msg>
<arg>${RESPONSE_BODY}</arg>
<doc>Logs the given message with the given level.</doc>
<status status="PASS" start="2025-06-24T11:39:11.549637" elapsed="0.000000"/>
</kw>
<kw name="Dictionary Should Contain Key" owner="Collections">
<arg>${RESPONSE_BODY}</arg>
<arg>data</arg>
<doc>Fails if ``key`` is not found from ``dictionary``.</doc>
<status status="PASS" start="2025-06-24T11:39:11.549637" elapsed="0.000000"/>
</kw>
<kw name="Get From Dictionary" owner="Collections">
<msg time="2025-06-24T11:39:11.549637" level="INFO">${DATA} = {'_id': '685a80474d0af2e59117ca15', 'name': 'jugjzencao', 'description': 'teste', 'price': 9605, 'quantity': 468, 'category': {'_id': '6830b2dfe070c0790342e8c0', 'name': 'Eletrônicos e Computadores'},...</msg>
<var>${DATA}</var>
<arg>${RESPONSE_BODY}</arg>
<arg>data</arg>
<doc>Returns a value from the given ``dictionary`` based on the given ``key``.</doc>
<status status="PASS" start="2025-06-24T11:39:11.549637" elapsed="0.000000"/>
</kw>
<kw name="Log" owner="BuiltIn">
<msg time="2025-06-24T11:39:11.549637" level="INFO">Produto atualizado: {'_id': '685a80474d0af2e59117ca15', 'name': 'jugjzencao', 'description': 'teste', 'price': 9605, 'quantity': 468, 'category': {'_id': '6830b2dfe070c0790342e8c0', 'name': 'Eletrônicos e Computadores'}, 'createdAt': '2025-06-24T10:39:03.577Z', '__v': 0}</msg>
<arg>Produto atualizado: ${DATA}</arg>
<doc>Logs the given message with the given level.</doc>
<status status="PASS" start="2025-06-24T11:39:11.549637" elapsed="0.000000"/>
</kw>
<doc>Atualiza a descrição e quantidade de um produto existente usando o ID previamente cadastrado (ID Produto).
Remove campos como 'name', 'price' e 'category' do payload para testar a atualização parcial.
Verifica se o status da resposta é 200 OK e se a resposta reflete as informações atualizadas.</doc>
<status status="PASS" start="2025-06-24T11:39:10.773471" elapsed="0.776166"/>
</kw>
<kw name="Excluir produto cadastrado" owner="produtos">
<kw name="DELETE" owner="RequestsLibrary">
<msg time="2025-06-24T11:39:12.147296" level="INFO">DELETE Request : url=https://educational-api-75qy.onrender.com/api/products/685a80474d0af2e59117ca15 
 path_url=/api/products/685a80474d0af2e59117ca15 
 headers={'User-Agent': 'python-requests/2.32.3', 'Accept-Encoding': 'gzip, deflate', 'Accept': '*/*', 'Connection': 'keep-alive', 'Content-Length': '0'} 
 body=None 
 </msg>
<msg time="2025-06-24T11:39:12.147296" level="INFO">DELETE Response : url=https://educational-api-75qy.onrender.com/api/products/685a80474d0af2e59117ca15 
 status=200, reason=OK 
 headers={'Date': 'Tue, 24 Jun 2025 10:39:05 GMT', 'Content-Type': 'application/json; charset=utf-8', 'Transfer-Encoding': 'chunked', 'Connection': 'keep-alive', 'access-control-allow-origin': '*', 'etag': 'W/"3a-HOVLApE1AvvFoadyDdjsj41ODfk"', 'rndr-id': 'e78317dc-8015-44d5', 'vary': 'Accept-Encoding', 'x-powered-by': 'Express', 'x-render-origin-server': 'Render', 'cf-cache-status': 'DYNAMIC', 'Server': 'cloudflare', 'CF-RAY': '954b996afc1348a4-LIS', 'Content-Encoding': 'gzip', 'alt-svc': 'h3=":443"; ma=86400'} 
 body={"success":true,"message":"Produto removido com sucesso."} 
 </msg>
[...]
<status status="PASS" start="2025-06-24T11:39:17.157825" elapsed="0.000000"/>
</kw>
<kw name="Dictionary Should Contain Key" owner="Collections">
<arg>${RESPONSE_BODY}</arg>
<arg>data</arg>
<doc>Fails if ``key`` is not found from ``dictionary``.</doc>
<status status="PASS" start="2025-06-24T11:39:17.172984" elapsed="0.000000"/>
</kw>
<kw name="Get From Dictionary" owner="Collections">
<msg time="2025-06-24T11:39:17.172984" level="INFO">${DATA} = [{'_id': '683a3438848708bda9c6faa8', 'name': 'Joaquina Pires', 'email': 'joaquina.pires@teste.com', 'createdAt': '2025-05-30T22:42:00.551Z', '__v': 0}, {'_id': '683a3448848708bda9c6faaa', 'name': 'Pau...</msg>
<var>${DATA}</var>
<arg>${RESPONSE_BODY}</arg>
<arg>data</arg>
<doc>Returns a value from the given ``dictionary`` based on the given ``key``.</doc>
<status status="PASS" start="2025-06-24T11:39:17.172984" elapsed="0.000000"/>
</kw>
<kw name="Log" owner="BuiltIn">
<msg time="2025-06-24T11:39:17.172984" level="INFO">Usuários cadastrados: [{'_id': '683a3438848708bda9c6faa8', 'name': 'Joaquina Pires', 'email': 'joaquina.pires@teste.com', 'createdAt': '2025-05-30T22:42:00.551Z', '__v': 0}, {'_id': '683a3448848708bda9c6faaa', 'name': 'Paula Duarte', 'email': 'paula.duarte@teste.com', 'createdAt': '2025-05-30T22:42:16.293Z', '__v': 0}, {'_id': '683a3458848708bda9c6faac', 'name': 'Paulo Ricardo', 'email': 'paulo.ricardo@teste.com', 'createdAt': '2025-05-30T22:42:32.863Z', '__v': 0}, {'_id': '683dbea1848708bda9c6fadd', 'name': 'João Silva', 'email': 'joao.silva@example.com', 'createdAt': '2025-06-02T15:09:21.076Z', '__v': 0}, {'_id': '683ecf4e848708bda9c6fae4', 'name': 'Carla Rosa', 'email': 'carlarosa@email.com', 'createdAt': '2025-06-03T10:32:46.435Z', '__v': 0}, {'_id': '683ecf93848708bda9c6fae6', 'name': 'Julia Cardoso', 'email': 'julia.cardos@teste.com', 'createdAt': '2025-06-03T10:33:55.142Z', '__v': 0}, {'_id': '683ecff8848708bda9c6fae8', 'name': 'Julia Fontes', 'email': 'julia.fontes@teste.com', 'createdAt': '2025-06-03T10:35:36.226Z', '__v': 0}, {'_id': '683ed055848708bda9c6faea', 'name': 'Carolina Cardoso', 'email': 'carolina.cardoso@teste.com', 'createdAt': '2025-06-03T10:37:09.056Z', '__v': 0}, {'_id': '683ed2e5848708bda9c6faec', 'name': 'Carolina', 'email': 'carolina@teste.com', 'createdAt': '2025-06-03T10:48:05.454Z', '__v': 0}, {'_id': '683f0f85848708bda9c6faee', 'name': 'Patricia', 'email': 'patricia@teste.com', 'createdAt': '2025-06-03T15:06:45.889Z', '__v': 0}, {'_id': '683f1017848708bda9c6faf2', 'name': 'Patricia Borges', 'email': 'patricia.borges@teste.com', 'createdAt': '2025-06-03T15:09:11.723Z', '__v': 0}, {'_id': '683f10a6848708bda9c6faf4', 'name': 'Luciana Borges', 'email': 'luciana.borges@teste.com', 'createdAt': '2025-06-03T15:11:34.431Z', '__v': 0}, {'_id': '683f1283848708bda9c6faf7', 'name': 'João', 'email': 'joaoteste2@teste.com', 'createdAt': '2025-06-03T15:19:31.005Z', '__v': 0}, {'_id': '683f13bf848708bda9c6faf9', 'name': 'mlwfkf', 'email': 'mlwfkf@emailteste.com', 'createdAt': '2025-06-03T15:24:47.243Z', '__v': 0}, {'_id': '683f1575848708bda9c6fafb', 'name': 'mxkjdh', 'email': 'mxkjdh@emailteste.com', 'createdAt': '2025-06-03T15:32:05.784Z', '__v': 0}, {'_id': '683f1715848708bda9c6fafd', 'name': 'nqyudn', 'email': 'nqyudn@emailteste.com', 'createdAt': '2025-06-03T15:39:01.232Z', '__v': 0}, {'_id': '683f1715848708bda9c6faff', 'name': 'string', 'email': 'nkqyra@emailteste.com', 'createdAt': '2025-06-03T15:39:01.858Z', '__v': 0}, {'_id': '683f174a848708bda9c6fb01', 'name': 'mzocmf', 'email': 'mzocmf@emailteste.com', 'createdAt': '2025-06-03T15:39:54.314Z', '__v': 0}, {'_id': '683f17d7848708bda9c6fb03', 'name': 'sjglkq', 'email': 'sjglkq@emailteste.com', 'createdAt': '2025-06-03T15:42:15.257Z', '__v': 0}, {'_id': '683f1881848708bda9c6fb05', 'name': 'uauaos', 'email': 'uauaos@emailteste.com', 'createdAt': '2025-06-03T15:45:05.305Z', '__v': 0}, {'_id': '683f18a4848708bda9c6fb07', 'name': 'emfqov', 'email': 'emfqov@emailteste.com', 'createdAt': '2025-06-03T15:45:40.418Z', '__v': 0}, {'_id': '683f1954848708bda9c6fb09', 'name': 'xqxmrh', 'email': 'xqxmrh@emailteste.com', 'createdAt': '2025-06-03T15:48:36.111Z', '__v': 0}, {'_id': '683f1997848708bda9c6fb0b', 'name': 'txqwjx', 'email': 'txqwjx@emailteste.com', 'createdAt': '2025-06-03T15:49:43.780Z', '__v': 0}, {'_id': '683f1abd848708bda9c6fb0d', 'name': 'fqxqwh', 'email': 'fqxqwh@emailteste.com', 'createdAt': '2025-06-03T15:54:37.063Z', '__v': 0}, {'_id': '683f1ca0848708bda9c6fb0f', 'name': 'tvszot', 'email': 'tvszot@emailteste.com', 'createdAt': '2025-06-03T16:02:40.473Z', '__v': 0}, {'_id': '683f1ce1848708bda9c6fb11', 'name': 'rdduif', 'email': 'rdduif@emailteste.com', 'createdAt': '2025-06-03T16:03:45.014Z', '__v': 0}, {'_id': '683f1d94848708bda9c6fb13', 'name': 'faufcg', 'email': 'faufcg@emailteste.com', 'createdAt': '2025-06-03T16:06:44.461Z', '__v': 0}, {'_id': '683f1dee848708bda9c6fb15', 'name': 'phhvhg', 'email': 'phhvhg@emailteste.com', 'createdAt': '2025-06-03T16:08:14.839Z', '__v': 0}, {'_id': '683f1e3a848708bda9c6fb17', 'name': 'vivzrz', 'email': 'vivzrz@emailteste.com', 'createdAt': '2025-06-03T16:09:30.885Z', '__v': 0}, {'_id': '683f1ea9848708bda9c6fb19', 'name': 'sentlu', 'email': 'sentlu@emailteste.com', 'createdAt': '2025-06-03T16:11:21.800Z', '__v': 0}, {'_id': '683f1ecc848708bda9c6fb1b', 'name': 'ksfaiv', 'email': 'ksfaiv@emailteste.com', 'createdAt': '2025-06-03T16:11:56.359Z', '__v': 0}, {'_id': '683f1f1d848708bda9c6fb1d', 'name': 'ffgmxl', 'email': 'ffgmxl@emailteste.com', 'createdAt': '2025-06-03T16:13:17.358Z', '__v': 0}, {'_id': '683f2165848708bda9c6fb22', 'name': 'fraegh', 'email': 'fraegh@emailteste.com', 'createdAt': '2025-06-03T16:23:01.380Z', '__v': 0}, {'_id': '683f343d848708bda9c6fb4f', 'name': 'wkdfie', 'email': 'wkdfie@emailteste.com', 'createdAt': '2025-06-03T17:43:25.225Z', '__v': 0}, {'_id': '683f3561848708bda9c6fb52', 'name': 'qilkpm', 'email': 'qilkpm@emailteste.com', 'createdAt': '2025-06-03T17:48:17.174Z', '__v': 0}, {'_id': '683f3a93848708bda9c6fb61', 'name': 'oxzpyu', 'email': 'oxzpyu@emailteste.com', 'createdAt': '2025-06-03T18:10:27.095Z', '__v': 0}, {'_id': '683f3ae6848708bda9c6fb64', 'name': 'egffgx', 'email': 'egffgx@emailteste.com', 'createdAt': '2025-06-03T18:11:50.442Z', '__v': 0}, {'_id': '683f42df848708bda9c6fbaf', 'name': 'lpbfos', 'email': 'lpbfos@emailteste.com', 'createdAt': '2025-06-03T18:45:51.509Z', '__v': 0}, {'_id': '685a7f2e4d0af2e59117c9e9', 'name': 'João Cardoso', 'email': 'joao.cardoso@example.com', 'createdAt': '2025-06-24T10:34:22.735Z', '__v': 0}]</msg>
<arg>Usuários cadastrados: ${DATA}</arg>
<doc>Logs the given message with the given level.</doc>
<status status="PASS" start="2025-06-24T11:39:17.172984" elapsed="0.000000"/>
</kw>
<doc>Lista todos os usuários disponíveis na API.
Verifica se o status da resposta é 200 OK e se a resposta contém uma lista de usuários na chave 'data'.</doc>
<status status="PASS" start="2025-06-24T11:39:16.724803" elapsed="0.448181"/>
</kw>
<kw name="Cadastrar usuário sem nome" owner="usuarios">
<kw name="Load Json From File" owner="JSONLibrary">
<msg time="2025-06-24T11:39:17.188599" level="INFO">${JSON_USUARIOS} = {'name': '', 'email': ''}</msg>
<var>${JSON_USUARIOS}</var>
<arg>${PATH_PAYLOAD}/usuarios.json</arg>
<doc>Load JSON from file.</doc>
<status status="PASS" start="2025-06-24T11:39:17.172984" elapsed="0.015615"/>
</kw>
<kw name="Generate Random String" owner="String">
<msg time="2025-06-24T11:39:17.190910" level="INFO">${PALAVRA_ALEATORIA} = mbuzNK</msg>
<var>${PALAVRA_ALEATORIA}</var>
<arg>length=6</arg>
<arg>chars=[LETTERS]</arg>
<doc>Generates a string with a desired ``length`` from the given ``chars``.</doc>
<status status="PASS" start="2025-06-24T11:39:17.188599" elapsed="0.002311"/>
</kw>
<kw name="Convert To Lower Case" owner="String">
<msg time="2025-06-24T11:39:17.192505" level="INFO">${PALAVRA_ALEATORIA} = mbuznk</msg>
<var>${PALAVRA_ALEATORIA}</var>
<arg>${PALAVRA_ALEATORIA}</arg>
<doc>Converts string to lower case.</doc>
<status status="PASS" start="2025-06-24T11:39:17.190910" elapsed="0.001595"/>
</kw>
<kw name="Set To Dictionary" owner="Collections">
<arg>${JSON_USUARIOS}</arg>
<arg>email=${PALAVRA_ALEATORIA}@emailteste.com</arg>
<doc>Adds the given ``key_value_pairs`` and/or ``items`` to the ``dictionary``.</doc>
<status status="PASS" start="2025-06-24T11:39:17.192505" elapsed="0.002457"/>
</kw>
<kw name="Remove From Dictionary" owner="Collections">
<msg time="2025-06-24T11:39:17.194962" level="INFO">Removed item with key 'name' and value ''.</msg>
<arg>${JSON_USUARIOS}</arg>
<arg>name</arg>
<doc>Removes the given ``keys`` from the ``dictionary``.</doc>
<status status="PASS" start="2025-06-24T11:39:17.194962" elapsed="0.000000"/>
</kw>
<kw name="Log" owner="BuiltIn">
<msg time="2025-06-24T11:39:17.194962" level="INFO">Json enviado: {'email': 'mbuznk@emailteste.com'}</msg>
<arg>Json enviado: ${JSON_USUARIOS}</arg>
<doc>Logs the given message with the given level.</doc>
<status status="PASS" start="2025-06-24T11:39:17.194962" elapsed="0.000000"/>
</kw>
<kw name="POST On Session" owner="RequestsLibrary">
<msg time="2025-06-24T11:39:17.383213" level="INFO">POST Request : url=https://educational-api-75qy.onrender.com/api/users 
 path_url=/api/users 
 headers={'User-Agent': 'python-requests/2.32.3', 'Accept-Encoding': 'gzip, deflate', 'Accept': '*/*', 'Connection': 'keep-alive', 'Content-Length': '34', 'Content-Type': 'application/json'} 
 body=b'{"email": "mbuznk@emailteste.com"}' 
 </msg>
<msg time="2025-06-24T11:39:17.383213" level="INFO">POST Response : url=https://educational-api-75qy.onrender.com/api/users 
 status=400, reason=Bad Request 
 headers={'Date': 'Tue, 24 Jun 2025 10:39:11 GMT', 'Content-Type': 'application/json; charset=utf-8', 'Transfer-Encoding': 'chunked', 'Connection': 'keep-alive', 'access-control-allow-origin': '*', 'etag': 'W/"4e-JtD4eU7AVGzbw6xHENqoZB+3mKg"', 'rndr-id': '80216e49-92a9-4539', 'vary': 'Accept-Encoding', 'x-powered-by': 'Express', 'x-render-origin-server': 'Render', 'cf-cache-status': 'DYNAMIC', 'Server': 'cloudflare', 'CF-RAY': '954b998e0cc72f61-LIS', 'alt-svc': 'h3=":443"; ma=86400'} 
 body={"message":"Por favor, preencha todos os campos obrigatórios: nome e email."} 
 </msg>
<msg time="2025-06-24T11:39:17.383213" level="INFO">C:\Users\veron\AppData\Local\Programs\Python\Python311\Lib\site-packages\urllib3\connectionpool.py:1097: InsecureRequestWarning: Unverified HTTPS request is being made to host 'educational-api-75qy.onrender.com'. Adding certificate verification is strongly advised. See: https://urllib3.readthedocs.io/en/latest/advanced-usage.html#tls-warnings
  warnings.warn(</msg>
<msg time="2025-06-24T11:39:17.398830" level="INFO">${RESPONSE} = &lt;Response [400]&gt;</msg>
<var>${RESPONSE}</var>
<arg>API</arg>
<arg>${USERS_ENDPOINT}</arg>
<arg>json=${JSON_USUARIOS}</arg>
<arg>expected_status=400</arg>
<doc>Sends a POST request on a previously created HTTP Session.</doc>
<status status="PASS" start="2025-06-24T11:39:17.194962" elapsed="0.203868"/>
</kw>
<kw name="Log" owner="BuiltIn">
<msg time="2025-06-24T11:39:17.398830" level="INFO">Status code: 400</msg>
<arg>Status code: ${RESPONSE.status_code}</arg>
<doc>Logs the given message with the given level.</doc>
<status status="PASS" start="2025-06-24T11:39:17.398830" elapsed="0.000000"/>
</kw>
<kw name="Log" owner="BuiltIn">
<msg time="2025-06-24T11:39:17.398830" level="INFO">Response content: {"message":"Por favor, preencha todos os campos obrigatÃ³rios: nome e email."}</msg>
<arg>Response content: ${RESPONSE.content}</arg>
<doc>Logs the given message with the given level.</doc>
<status status="PASS" start="2025-06-24T11:39:17.398830" elapsed="0.000000"/>
</kw>
<if>
<branch type="IF" condition="${RESPONSE.status_code} == 400">
<kw name="Set Variable" owner="BuiltIn">
<msg time="2025-06-24T11:39:17.398830" level="INFO">${RESPONSE_BODY} = {'message': 'Por favor, preencha todos os campos obrigatórios: nome e email.'}</msg>
<var>${RESPONSE_BODY}</var>
<arg>${RESPONSE.json()}</arg>
<doc>Returns the given values which can then be assigned to a variables.</doc>
<status status="PASS" start="2025-06-24T11:39:17.398830" elapsed="0.000000"/>
</kw>
<kw name="Log" owner="BuiltIn">
<msg time="2025-06-24T11:39:17.398830" level="INFO">{'message': 'Por favor, preencha todos os campos obrigatórios: nome e email.'}</msg>
<arg>${RESPONSE_BODY}</arg>
<doc>Logs the given message with the given level.</doc>
<status status="PASS" start="2025-06-24T11:39:17.398830" elapsed="0.000000"/>
</kw>
<kw name="Dictionary Should Contain Key" owner="Collections">
<arg>${RESPONSE_BODY}</arg>
<arg>message</arg>
<doc>Fails if ``key`` is not found from ``dictionary``.</doc>
<status status="PASS" start="2025-06-24T11:39:17.398830" elapsed="0.000000"/>
</kw>
<kw name="Get From Dictionary" owner="Collections">
<msg time="2025-06-24T11:39:17.398830" level="INFO">${MESSAGE} = Por favor, preencha todos os campos obrigatórios: nome e email.</msg>
<var>${MESSAGE}</var>
<arg>${RESPONSE_BODY}</arg>
<arg>message</arg>
<doc>Returns a value from the given ``dictionary`` based on the given ``key``.</doc>
<status status="PASS" start="2025-06-24T11:39:17.398830" elapsed="0.000000"/>
</kw>
<kw name="Should Be Equal" owner="BuiltIn">
<arg>${MESSAGE}</arg>
<arg>Por favor, preencha todos os campos obrigatórios: nome e email.</arg>
<doc>Fails if the given objects are unequal.</doc>
<status status="PASS" start="2025-06-24T11:39:17.398830" elapsed="0.000000"/>
</kw>
<status status="PASS" start="2025-06-24T11:39:17.398830" elapsed="0.000000"/>
</branch>
<status status="PASS" start="2025-06-24T11:39:17.398830" elapsed="0.000000"/>
</if>
<doc>Tenta cadastrar um novo usuário sem fornecer o campo 'name' no payload.
Verifica se o status da resposta é 400 Bad Request e se a mensagem de erro esperada é retornada.</doc>
<status status="PASS" start="2025-06-24T11:39:17.172984" elapsed="0.225846"/>
</kw>
<kw name="Buscar usuário não cadastrado" owner="usuarios">
<kw name="Generate Random String" owner="String">
<msg time="2025-06-24T11:39:17.398830" level="INFO">${ID_USUARIO_ALEATORIO} = 3542883103</msg>
<var>${ID_USUARIO_ALEATORIO}</var>
<arg>length=10</arg>
<arg>chars=[NUMBERS]</arg>
<doc>Generates a string with a desired ``length`` from the given ``chars``.</doc>
<status status="PASS" start="2025-06-24T11:39:17.398830" elapsed="0.000000"/>
</kw>
<kw name="Log" owner="BuiltIn">
<msg time="2025-06-24T11:39:17.398830" level="INFO">ID de Usuário aleatório para busca: 3542883103</msg>
<arg>ID de Usuário aleatório para busca: ${ID_USUARIO_ALEATORIO}</arg>
<doc>Logs the given message with the given level.</doc>
<status status="PASS" start="2025-06-24T11:39:17.398830" elapsed="0.000000"/>
</kw>
<kw name="GET" owner="RequestsLibrary">
<msg time="2025-06-24T11:39:17.635866" level="INFO">GET Request : url=https://educational-api-75qy.onrender.com/api/users/3542883103 
 path_url=/api/users/3542883103 
 headers={'User-Agent': 'python-requests/2.32.3', 'Accept-Encoding': 'gzip, deflate', 'Accept': '*/*', 'Connection': 'keep-alive'} 
 body=None 
 </msg>
<msg time="2025-06-24T11:39:17.635866" level="INFO">GET Response : url=https://educational-api-75qy.onrender.com/api/users/3542883103 
 status=404, reason=Not Found 
 headers={'Date': 'Tue, 24 Jun 2025 10:39:11 GMT', 'Content-Type': 'application/json; charset=utf-8', 'Transfer-Encoding': 'chunked', 'Connection': 'keep-alive', 'access-control-allow-origin': '*', 'etag': 'W/"27-1gIOvfgXXzQUhtilcYsNzzEVfD0"', 'rndr-id': '8a5526b4-7e1e-4e3a', 'vary': 'Accept-Encoding', 'x-powered-by': 'Express', 'x-render-origin-server': 'Render', 'cf-cache-status': 'DYNAMIC', 'Server': 'cloudflare', 'CF-RAY': '954b998f89422f61-LIS', 'Content-Encoding': 'gzip', 'alt-svc': 'h3=":443"; ma=86400'} 
 body={"message":"Usuário não encontrado."} 
 </msg>
<msg time="2025-06-24T11:39:17.635866" level="INFO">${RESPONSE} = &lt;Response [404]&gt;</msg>
<var>${RESPONSE}</var>
<arg>${URL_API}/users/${ID_USUARIO_ALEATORIO}</arg>
<arg>expected_status=404</arg>
<doc>Sends a GET request.</doc>
<status status="PASS" start="2025-06-24T11:39:17.398830" elapsed="0.237036"/>
</kw>
<if>
<branch type="IF" condition="${RESPONSE.status_code} == 404">
<kw name="Set Variable" owner="BuiltIn">
<msg time="2025-06-24T11:39:17.635866" level="INFO">${RESPONSE_BODY} = {'message': 'Usuário não encontrado.'}</msg>
<var>${RESPONSE_BODY}</var>
<arg>${RESPONSE.json()}</arg>
<doc>Returns the given values which can then be assigned to a variables.</doc>
<status status="PASS" start="2025-06-24T11:39:17.635866" elapsed="0.000000"/>
</kw>
<kw name="Log" owner="BuiltIn">
<msg time="2025-06-24T11:39:17.635866" level="INFO">{'message': 'Usuário não encontrado.'}</msg>
<arg>${RESPONSE_BODY}</arg>
<doc>Logs the given message with the given level.</doc>
<status status="PASS" start="2025-06-24T11:39:17.635866" elapsed="0.000000"/>
</kw>
<kw name="Dictionary Should Contain Key" owner="Collections">
<arg>${RESPONSE_BODY}</arg>
<arg>message</arg>
<doc>Fails if ``key`` is not found from ``dictionary``.</doc>
<status status="PASS" start="2025-06-24T11:39:17.635866" elapsed="0.000000"/>
</kw>
<kw name="Get From Dictionary" owner="Collections">
<msg time="2025-06-24T11:39:17.635866" level="INFO">${MESSAGE} = Usuário não encontrado.</msg>
<var>${MESSAGE}</var>
<arg>${RESPONSE_BODY}</arg>
<arg>message</arg>
<doc>Returns a value from the given ``dictionary`` based on the given ``key``.</doc>
<status status="PASS" start="2025-06-24T11:39:17.635866" elapsed="0.000000"/>
</kw>
<kw name="Should Be Equal" owner="BuiltIn">
<arg>${MESSAGE}</arg>
<arg>Usuário não encontrado.</arg>
<doc>Fails if the given objects are unequal.</doc>
<status status="PASS" start="2025-06-24T11:39:17.635866" elapsed="0.000000"/>
</kw>
<status status="PASS" start="2025-06-24T11:39:17.635866" elapsed="0.000000"/>
</branch>
<status status="PASS" start="2025-06-24T11:39:17.635866" elapsed="0.000000"/>
</if>
<doc>Tenta buscar um usuário utilizando um ID que não existe na base de dados.
Gera um ID aleatório para garantir que não exista.
Verifica se o status da resposta é 404 Not Found e se a mensagem de erro esperada é retornada.</doc>
<status status="PASS" start="2025-06-24T11:39:17.398830" elapsed="0.237036"/>
</kw>
<doc>Esta suíte executa uma sequência completa de testes para a funcionalidade de Usuários.
Ele abrange o ciclo de vida de um usuário, incluindo:
- Criação de um novo usuário (cenário de sucesso e falha por campos obrigatórios ausentes).
- Busca de usuários (por ID existente e ID inexistente, e listagem de todos).
- Exclusão de um usuário.
O objetivo é garantir a correta interação com os endpoints de Usuários da API.</doc>
<tag>usuarios</tag>
<status status="PASS" start="2025-06-24T11:39:15.128087" elapsed="2.514401"/>
</test>
<doc>Este módulo de testes abrange a funcionalidade de gerenciamento de Usuários da API.
Ele verifica as operações de criação, listagem, busca por ID e exclusão de usuários,
garantindo que a API se comporte conforme o esperado para cada cenário, incluindo casos de sucesso e falha.
O objetivo é validar a integridade e a disponibilidade dos endpoints de Usuários.</doc>
<status status="PASS" start="2025-06-24T11:39:15.088498" elapsed="2.553990"/>
</suite>
<status status="PASS" start="2025-06-24T11:39:02.947942" elapsed="14.694546"/>
</suite>
<statistics>
<total>
<stat pass="3" fail="0" skip="0">All Tests</stat>
</total>
<tag>
<stat pass="1" fail="0" skip="0">categorias</stat>
<stat pass="1" fail="0" skip="0">produtos</stat>
<stat pass="1" fail="0" skip="0">usuarios</stat>
</tag>
<suite>
<stat name="Tests" id="s1" pass="3" fail="0" skip="0">Tests</stat>
<stat name="Categorias" id="s1-s1" pass="1" fail="0" skip="0">Tests.Categorias</stat>
<stat name="Produtos" id="s1-s2" pass="1" fail="0" skip="0">Tests.Produtos</stat>
<stat name="Usuarios" id="s1-s3" pass="1" fail="0" skip="0">Tests.Usuarios</stat>
</suite>
</statistics>
<errors>
</errors>
</robot>
