<?xml version="1.0" encoding="UTF-8"?>
<robot generator="Robot 7.2.2 (Python 3.11.9 on win32)" generated="2025-06-04T20:02:03.602859" rpa="false" schemaversion="5">
<suite id="s1" name="Tests" source="D:\Estudos\QA REQ\backend-trabalhos\educational-api-robot-framework\tests">
<suite id="s1-s1" name="Categorias" source="D:\Estudos\QA REQ\backend-trabalhos\educational-api-robot-framework\tests\categorias.robot">
<kw name="Criar Sessão da API" owner="config" type="SETUP">
<kw name="Create Session" owner="RequestsLibrary">
<msg time="2025-06-04T20:02:04.791542" level="INFO">Creating Session using : alias=API, url=https://educational-api-production.up.railway.app/api, headers={},                     cookies={}, auth=None, timeout=None, proxies=None, verify=False,                     debug=0 </msg>
<arg>API</arg>
<arg>${URL_API}</arg>
<arg>verify=${SSL_VERIFY}</arg>
<doc>Create Session: create a HTTP session to a server</doc>
<status status="PASS" start="2025-06-04T20:02:04.791542" elapsed="0.000996"/>
</kw>
<status status="PASS" start="2025-06-04T20:02:04.789548" elapsed="0.002990"/>
</kw>
<test id="s1-s1-t1" name="Categorias" line="14">
<kw name="Cadastrar uma nova categoria" owner="categorias">
<kw name="Load Json From File" owner="JSONLibrary">
<msg time="2025-06-04T20:02:04.798183" level="INFO">${JSON_CATEGORIAS} = {'name': '', 'description': ''}</msg>
<var>${JSON_CATEGORIAS}</var>
<arg>${PATH_PAYLOAD}/categorias.json</arg>
<doc>Load JSON from file.</doc>
<status status="PASS" start="2025-06-04T20:02:04.797204" elapsed="0.000979"/>
</kw>
<kw name="Generate Random String" owner="String">
<msg time="2025-06-04T20:02:04.798183" level="INFO">${PALAVRA_ALEATORIA} = TdWsDVpXPH</msg>
<var>${PALAVRA_ALEATORIA}</var>
<arg>length=10</arg>
<arg>chars=[LETTERS]</arg>
<doc>Generates a string with a desired ``length`` from the given ``chars``.</doc>
<status status="PASS" start="2025-06-04T20:02:04.798183" elapsed="0.000000"/>
</kw>
<kw name="Convert To Lower Case" owner="String">
<msg time="2025-06-04T20:02:04.799219" level="INFO">${PALAVRA_ALEATORIA} = tdwsdvpxph</msg>
<var>${PALAVRA_ALEATORIA}</var>
<arg>${PALAVRA_ALEATORIA}</arg>
<doc>Converts string to lower case.</doc>
<status status="PASS" start="2025-06-04T20:02:04.798183" elapsed="0.001036"/>
</kw>
<kw name="Set To Dictionary" owner="Collections">
<arg>${JSON_CATEGORIAS}</arg>
<arg>name=${PALAVRA_ALEATORIA}</arg>
<doc>Adds the given ``key_value_pairs`` and/or ``items`` to the ``dictionary``.</doc>
<status status="PASS" start="2025-06-04T20:02:04.799219" elapsed="0.000000"/>
</kw>
<kw name="Set To Dictionary" owner="Collections">
<arg>${JSON_CATEGORIAS}</arg>
<arg>description=${PALAVRA_ALEATORIA}</arg>
<doc>Adds the given ``key_value_pairs`` and/or ``items`` to the ``dictionary``.</doc>
<status status="PASS" start="2025-06-04T20:02:04.799219" elapsed="0.000000"/>
</kw>
<kw name="Log" owner="BuiltIn">
<msg time="2025-06-04T20:02:04.799219" level="INFO">Json enviado: {'name': 'tdwsdvpxph', 'description': 'tdwsdvpxph'}</msg>
<arg>Json enviado: ${JSON_CATEGORIAS}</arg>
<doc>Logs the given message with the given level.</doc>
<status status="PASS" start="2025-06-04T20:02:04.799219" elapsed="0.000000"/>
</kw>
<kw name="POST On Session" owner="RequestsLibrary">
<msg time="2025-06-04T20:02:05.235206" level="INFO">POST Request : url=https://educational-api-production.up.railway.app/api/categories 
 path_url=/api/categories 
 headers={'User-Agent': 'python-requests/2.32.3', 'Accept-Encoding': 'gzip, deflate', 'Accept': '*/*', 'Connection': 'keep-alive', 'Content-Length': '51', 'Content-Type': 'application/json'} 
 body=b'{"name": "tdwsdvpxph", "description": "tdwsdvpxph"}' 
 </msg>
<msg time="2025-06-04T20:02:05.235206" level="INFO">POST Response : url=https://educational-api-production.up.railway.app/api/categories 
 status=201, reason=Created 
 headers={'Access-Control-Allow-Origin': '*', 'Content-Length': '152', 'Content-Type': 'application/json; charset=utf-8', 'Date': 'Wed, 04 Jun 2025 19:02:04 GMT', 'Etag': 'W/"98-H9QjlNWA229bNdWh3BYoIRz2onw"', 'Server': 'railway-edge', 'X-Powered-By': 'Express', 'X-Railway-Edge': 'railway/europe-west4-drams3a', 'X-Railway-Request-Id': 'KFoeevzoTHWzLmGgYqdHTg'} 
 body={"success":true,"data":{"name":"tdwsdvpxph","description":"tdwsdvpxph","_id":"6840982c848708bda9c6fe6e","createdAt":"2025-06-04T19:02:04.049Z","__v":0}} 
 </msg>
<msg time="2025-06-04T20:02:05.235206" level="INFO">C:\Users\veron\AppData\Local\Programs\Python\Python311\Lib\site-packages\urllib3\connectionpool.py:1097: InsecureRequestWarning: Unverified HTTPS request is being made to host 'educational-api-production.up.railway.app'. Adding certificate verification is strongly advised. See: https://urllib3.readthedocs.io/en/latest/advanced-usage.html#tls-warnings
  warnings.warn(</msg>
<msg time="2025-06-04T20:02:05.235206" level="INFO">${RESPONSE} = &lt;Response [201]&gt;</msg>
<var>${RESPONSE}</var>
<arg>API</arg>
<arg>${CATEGORIES_ENDPOINT}</arg>
<arg>json=${JSON_CATEGORIAS}</arg>
<doc>Sends a POST request on a previously created HTTP Session.</doc>
<status status="PASS" start="2025-06-04T20:02:04.799219" elapsed="0.435987"/>
</kw>
<kw name="Log" owner="BuiltIn">
<msg time="2025-06-04T20:02:05.250357" level="INFO">Status code: 201</msg>
<arg>Status code: ${RESPONSE.status_code}</arg>
<doc>Logs the given message with the given level.</doc>
<status status="PASS" start="2025-06-04T20:02:05.250357" elapsed="0.000000"/>
</kw>
<kw name="Log" owner="BuiltIn">
<msg time="2025-06-04T20:02:05.250357" level="INFO">Response content: {"success":true,"data":{"name":"tdwsdvpxph","description":"tdwsdvpxph","_id":"6840982c848708bda9c6fe6e","createdAt":"2025-06-04T19:02:04.049Z","__v":0}}</msg>
<arg>Response content: ${RESPONSE.content}</arg>
<doc>Logs the given message with the given level.</doc>
<status status="PASS" start="2025-06-04T20:02:05.250357" elapsed="0.000000"/>
</kw>
<kw name="Status Should Be" owner="RequestsLibrary">
<arg>201</arg>
<arg>${RESPONSE}</arg>
<doc>Fails if response status code is different than the expected.</doc>
<status status="PASS" start="2025-06-04T20:02:05.250357" elapsed="0.000000"/>
</kw>
<kw name="Set Variable" owner="BuiltIn">
<msg time="2025-06-04T20:02:05.250357" level="INFO">${RESPONSE_BODY} = {'success': True, 'data': {'name': 'tdwsdvpxph', 'description': 'tdwsdvpxph', '_id': '6840982c848708bda9c6fe6e', 'createdAt': '2025-06-04T19:02:04.049Z', '__v': 0}}</msg>
<var>${RESPONSE_BODY}</var>
<arg>${RESPONSE.json()}</arg>
<doc>Returns the given values which can then be assigned to a variables.</doc>
<status status="PASS" start="2025-06-04T20:02:05.250357" elapsed="0.000000"/>
</kw>
<kw name="Dictionary Should Contain Key" owner="Collections">
<arg>${RESPONSE_BODY}</arg>
<arg>data</arg>
<doc>Fails if ``key`` is not found from ``dictionary``.</doc>
<status status="PASS" start="2025-06-04T20:02:05.250357" elapsed="0.000000"/>
</kw>
<kw name="Get From Dictionary" owner="Collections">
<msg time="2025-06-04T20:02:05.250357" level="INFO">${DATA} = {'name': 'tdwsdvpxph', 'description': 'tdwsdvpxph', '_id': '6840982c848708bda9c6fe6e', 'createdAt': '2025-06-04T19:02:04.049Z', '__v': 0}</msg>
<var>${DATA}</var>
<arg>${RESPONSE_BODY}</arg>
<arg>data</arg>
<doc>Returns a value from the given ``dictionary`` based on the given ``key``.</doc>
<status status="PASS" start="2025-06-04T20:02:05.250357" elapsed="0.000000"/>
</kw>
<kw name="Dictionary Should Contain Key" owner="Collections">
<arg>${DATA}</arg>
<arg>_id</arg>
<doc>Fails if ``key`` is not found from ``dictionary``.</doc>
<status status="PASS" start="2025-06-04T20:02:05.250357" elapsed="0.000000"/>
</kw>
<if>
<branch type="IF" condition="${RESPONSE.status_code} == 201">
<kw name="Get From Dictionary" owner="Collections">
<msg time="2025-06-04T20:02:05.250357" level="INFO">${ID_CATEGORIA_RESPONSE} = 6840982c848708bda9c6fe6e</msg>
<var>${ID_CATEGORIA_RESPONSE}</var>
<arg>${DATA}</arg>
<arg>_id</arg>
<doc>Returns a value from the given ``dictionary`` based on the given ``key``.</doc>
<status status="PASS" start="2025-06-04T20:02:05.250357" elapsed="0.000000"/>
</kw>
<kw name="Set Test Variable" owner="BuiltIn">
<msg time="2025-06-04T20:02:05.250357" level="INFO">${ID_CATEGORIA} = 6840982c848708bda9c6fe6e</msg>
<arg>${ID_CATEGORIA}</arg>
<arg>${ID_CATEGORIA_RESPONSE}</arg>
<doc>Makes a variable available everywhere within the scope of the current test.</doc>
<status status="PASS" start="2025-06-04T20:02:05.250357" elapsed="0.000000"/>
</kw>
<status status="PASS" start="2025-06-04T20:02:05.250357" elapsed="0.000000"/>
</branch>
<status status="PASS" start="2025-06-04T20:02:05.250357" elapsed="0.000000"/>
</if>
<doc>Cria uma nova categoria enviando um payload JSON válido para o endpoint /categories.
Gera um nome e descrição aleatórios para garantir unicidade.
Verifica se o status da resposta é 201 e se a resposta contém o ID da categoria criada.</doc>
<status status="PASS" start="2025-06-04T20:02:04.796202" elapsed="0.454155"/>
</kw>
<kw name="Buscar categoria cadastrada por ID" owner="categorias">
<kw name="Log" owner="BuiltIn">
<msg time="2025-06-04T20:02:05.250357" level="INFO">6840982c848708bda9c6fe6e</msg>
<arg>${ID_CATEGORIA}</arg>
<doc>Logs the given message with the given level.</doc>
<status status="PASS" start="2025-06-04T20:02:05.250357" elapsed="0.000000"/>
</kw>
<kw name="GET" owner="RequestsLibrary">
<msg time="2025-06-04T20:02:05.617916" level="INFO">GET Request : url=https://educational-api-production.up.railway.app/api/categories/6840982c848708bda9c6fe6e 
 path_url=/api/categories/6840982c848708bda9c6fe6e 
 headers={'User-Agent': 'python-requests/2.32.3', 'Accept-Encoding': 'gzip, deflate', 'Accept': '*/*', 'Connection': 'keep-alive'} 
 body=None 
 </msg>
<msg time="2025-06-04T20:02:05.617916" level="INFO">GET Response : url=https://educational-api-production.up.railway.app/api/categories/6840982c848708bda9c6fe6e 
 status=200, reason=OK 
 headers={'Access-Control-Allow-Origin': '*', 'Content-Length': '152', 'Content-Type': 'application/json; charset=utf-8', 'Date': 'Wed, 04 Jun 2025 19:02:04 GMT', 'Etag': 'W/"98-qef5VhDFjTR+obE8337fQ758eiU"', 'Server': 'railway-edge', 'X-Powered-By': 'Express', 'X-Railway-Edge': 'railway/europe-west4-drams3a', 'X-Railway-Request-Id': 'cMNNdxyQSTummRCg0-QtfA'} 
 body={"success":true,"data":{"_id":"6840982c848708bda9c6fe6e","name":"tdwsdvpxph","description":"tdwsdvpxph","createdAt":"2025-06-04T19:02:04.049Z","__v":0}} 
 </msg>
<msg time="2025-06-04T20:02:05.617916" level="INFO">${RESPONSE} = &lt;Response [200]&gt;</msg>
<var>${RESPONSE}</var>
<arg>${URL_API}/categories/${ID_CATEGORIA}</arg>
<arg>expected_status=200</arg>
<doc>Sends a GET request.</doc>
<status status="PASS" start="2025-06-04T20:02:05.250357" elapsed="0.367559"/>
</kw>
<kw name="Set Variable" owner="BuiltIn">
<msg time="2025-06-04T20:02:05.617916" level="INFO">${RESPONSE_BODY} = {'success': True, 'data': {'_id': '6840982c848708bda9c6fe6e', 'name': 'tdwsdvpxph', 'description': 'tdwsdvpxph', 'createdAt': '2025-06-04T19:02:04.049Z', '__v': 0}}</msg>
<var>${RESPONSE_BODY}</var>
<arg>${RESPONSE.json()}</arg>
<doc>Returns the given values which can then be assigned to a variables.</doc>
<status status="PASS" start="2025-06-04T20:02:05.617916" elapsed="0.000000"/>
</kw>
<kw name="Log" owner="BuiltIn">
<msg time="2025-06-04T20:02:05.617916" level="INFO">{'success': True, 'data': {'_id': '6840982c848708bda9c6fe6e', 'name': 'tdwsdvpxph', 'description': 'tdwsdvpxph', 'createdAt': '2025-06-04T19:02:04.049Z', '__v': 0}}</msg>
<arg>${RESPONSE_BODY}</arg>
<doc>Logs the given message with the given level.</doc>
<status status="PASS" start="2025-06-04T20:02:05.617916" elapsed="0.015203"/>
</kw>
<kw name="Dictionary Should Contain Key" owner="Collections">
<arg>${RESPONSE_BODY}</arg>
<arg>data</arg>
<doc>Fails if ``key`` is not found from ``dictionary``.</doc>
<status status="PASS" start="2025-06-04T20:02:05.633119" elapsed="0.000000"/>
</kw>
<kw name="Get From Dictionary" owner="Collections">
<msg time="2025-06-04T20:02:05.633119" level="INFO">${DATA} = {'_id': '6840982c848708bda9c6fe6e', 'name': 'tdwsdvpxph', 'description': 'tdwsdvpxph', 'createdAt': '2025-06-04T19:02:04.049Z', '__v': 0}</msg>
<var>${DATA}</var>
<arg>${RESPONSE_BODY}</arg>
<arg>data</arg>
<doc>Returns a value from the given ``dictionary`` based on the given ``key``.</doc>
<status status="PASS" start="2025-06-04T20:02:05.633119" elapsed="0.000000"/>
</kw>
<kw name="Log" owner="BuiltIn">
<msg time="2025-06-04T20:02:05.633119" level="INFO">Categoria por ID: {'_id': '6840982c848708bda9c6fe6e', 'name': 'tdwsdvpxph', 'description': 'tdwsdvpxph', 'createdAt': '2025-06-04T19:02:04.049Z', '__v': 0}</msg>
<arg>Categoria por ID: ${DATA}</arg>
<doc>Logs the given message with the given level.</doc>
<status status="PASS" start="2025-06-04T20:02:05.633119" elapsed="0.000000"/>
</kw>
<doc>Busca uma categoria específica utilizando o ID previamente cadastrado (variável ID Categoria).
Verifica se o status da resposta é 200 OK e se a resposta contém os detalhes da categoria na chave 'data'.</doc>
<status status="PASS" start="2025-06-04T20:02:05.250357" elapsed="0.382762"/>
</kw>
<kw name="Atualizar categoria cadastrada" owner="categorias">
<kw name="Load Json From File" owner="JSONLibrary">
<msg time="2025-06-04T20:02:05.633119" level="INFO">${JSON_CATEGORIAS} = {'name': '', 'description': ''}</msg>
<var>${JSON_CATEGORIAS}</var>
<arg>${PATH_PAYLOAD}/categorias.json</arg>
<doc>Load JSON from file.</doc>
<status status="PASS" start="2025-06-04T20:02:05.633119" elapsed="0.000000"/>
</kw>
<kw name="Remove From Dictionary" owner="Collections">
<msg time="2025-06-04T20:02:05.633119" level="INFO">Removed item with key 'name' and value ''.</msg>
<arg>${JSON_CATEGORIAS}</arg>
<arg>name</arg>
<doc>Removes the given ``keys`` from the ``dictionary``.</doc>
<status status="PASS" start="2025-06-04T20:02:05.633119" elapsed="0.000000"/>
</kw>
<kw name="Set To Dictionary" owner="Collections">
<arg>${JSON_CATEGORIAS}</arg>
<arg>description=teste</arg>
<doc>Adds the given ``key_value_pairs`` and/or ``items`` to the ``dictionary``.</doc>
<status status="PASS" start="2025-06-04T20:02:05.633119" elapsed="0.000000"/>
</kw>
<kw name="PUT" owner="RequestsLibrary">
<msg time="2025-06-04T20:02:06.286410" level="INFO">PUT Request : url=https://educational-api-production.up.railway.app/api/categories/6840982c848708bda9c6fe6e 
 path_url=/api/categories/6840982c848708bda9c6fe6e 
 headers={'User-Agent': 'python-requests/2.32.3', 'Accept-Encoding': 'gzip, deflate', 'Accept': '*/*', 'Connection': 'keep-alive', 'Content-Length': '24', 'Content-Type': 'application/json'} 
 body=b'{"description": "teste"}' 
 </msg>
<msg time="2025-06-04T20:02:06.286410" level="INFO">PUT Response : url=https://educational-api-production.up.railway.app/api/categories/6840982c848708bda9c6fe6e 
 status=200, reason=OK 
 headers={'Access-Control-Allow-Origin': '*', 'Content-Length': '147', 'Content-Type': 'application/json; charset=utf-8', 'Date': 'Wed, 04 Jun 2025 19:02:05 GMT', 'Etag': 'W/"93-y9+1dOUjQzn2nJxrzlOEhT5uMuE"', 'Server': 'railway-edge', 'X-Powered-By': 'Express', 'X-Railway-Edge': 'railway/europe-west4-drams3a', 'X-Railway-Request-Id': '5oeOAP5UT9i_K7oM0-QtfA'} 
 body={"success":true,"data":{"_id":"6840982c848708bda9c6fe6e","name":"tdwsdvpxph","description":"teste","createdAt":"2025-06-04T19:02:04.049Z","__v":0}} 
 </msg>
<msg time="2025-06-04T20:02:06.286410" level="INFO">${RESPONSE} = &lt;Response [200]&gt;</msg>
<var>${RESPONSE}</var>
<arg>${URL_API}/categories/${ID_CATEGORIA}</arg>
<arg>json=${JSON_CATEGORIAS}</arg>
<arg>expected_status=200</arg>
<doc>Sends a PUT request.</doc>
<status status="PASS" start="2025-06-04T20:02:05.633119" elapsed="0.653291"/>
</kw>
<kw name="Set Variable" owner="BuiltIn">
<msg time="2025-06-04T20:02:06.286410" level="INFO">${RESPONSE_BODY} = {'success': True, 'data': {'_id': '6840982c848708bda9c6fe6e', 'name': 'tdwsdvpxph', 'description': 'teste', 'createdAt': '2025-06-04T19:02:04.049Z', '__v': 0}}</msg>
<var>${RESPONSE_BODY}</var>
<arg>${RESPONSE.json()}</arg>
<doc>Returns the given values which can then be assigned to a variables.</doc>
<status status="PASS" start="2025-06-04T20:02:06.286410" elapsed="0.000000"/>
</kw>
<kw name="Log" owner="BuiltIn">
<msg time="2025-06-04T20:02:06.286410" level="INFO">{'success': True, 'data': {'_id': '6840982c848708bda9c6fe6e', 'name': 'tdwsdvpxph', 'description': 'teste', 'createdAt': '2025-06-04T19:02:04.049Z', '__v': 0}}</msg>
<arg>${RESPONSE_BODY}</arg>
<doc>Logs the given message with the given level.</doc>
<status status="PASS" start="2025-06-04T20:02:06.286410" elapsed="0.000000"/>
</kw>
<kw name="Dictionary Should Contain Key" owner="Collections">
<arg>${RESPONSE_BODY}</arg>
<arg>data</arg>
<doc>Fails if ``key`` is not found from ``dictionary``.</doc>
<status status="PASS" start="2025-06-04T20:02:06.286410" elapsed="0.000000"/>
</kw>
<kw name="Get From Dictionary" owner="Collections">
<msg time="2025-06-04T20:02:06.286410" level="INFO">${DATA} = {'_id': '6840982c848708bda9c6fe6e', 'name': 'tdwsdvpxph', 'description': 'teste', 'createdAt': '2025-06-04T19:02:04.049Z', '__v': 0}</msg>
<var>${DATA}</var>
<arg>${RESPONSE_BODY}</arg>
<arg>data</arg>
<doc>Returns a value from the given ``dictionary`` based on the given ``key``.</doc>
<status status="PASS" start="2025-06-04T20:02:06.286410" elapsed="0.000000"/>
</kw>
<kw name="Log" owner="BuiltIn">
<msg time="2025-06-04T20:02:06.286410" level="INFO">Categoria atualizada: {'_id': '6840982c848708bda9c6fe6e', 'name': 'tdwsdvpxph', 'description': 'teste', 'createdAt': '2025-06-04T19:02:04.049Z', '__v': 0}</msg>
<arg>Categoria atualizada: ${DATA}</arg>
<doc>Logs the given message with the given level.</doc>
<status status="PASS" start="2025-06-04T20:02:06.286410" elapsed="0.000000"/>
</kw>
<doc>Atualiza a descrição de uma categoria existente usando o ID previamente cadastrado (ID Categoria).
Remove o campo 'name' do payload para simular a atualização apenas da descrição.
Verifica se o status da resposta é 200 OK e se a resposta reflete a descrição atualizada.</doc>
<status status="PASS" start="2025-06-04T20:02:05.633119" elapsed="0.653291"/>
</kw>
<kw name="Excluir categoria cadastrada" owner="categorias">
<kw name="DELETE" owner="RequestsLibrary">
<msg time="2025-06-04T20:02:06.894408" level="INFO">DELETE Request : url=https://educational-api-production.up.railway.app/api/categories/6840982c848708bda9c6fe6e 
 path_url=/api/categories/6840982c848708bda9c6fe6e 
 headers={'User-Agent': 'python-requests/2.32.3', 'Accept-Encoding': 'gzip, deflate', 'Accept': '*/*', 'Connection': 'keep-alive', 'Content-Length': '0'} 
 body=None 
 </msg>
<msg time="2025-06-04T20:02:06.894408" level="INFO">DELETE Response : url=https://educational-api-production.up.railway.app/api/categories/6840982c848708bda9c6fe6e 
 status=200, reason=OK 
 headers={'Access-Control-Allow-Origin': '*', 'Content-Length': '60', 'Content-Type': 'application/json; charset=utf-8', 'Date': 'Wed, 04 Jun 2025 19:02:05 GMT', 'Etag': 'W/"3c-DjJSs7Z76FBdvWb/RwvztpYYVAo"', 'Server': 'railway-edge', 'X-Powered-By': 'Express', 'X-Railway-Edge': 'railway/europe-west4-drams3a', 'X-Railway-Request-Id': 'qD6QnUBRSvCs4j-tYqdHTg'} 
 body={"success":true,"message":"Categoria removida com sucesso."} 
 </msg>
<msg time="2025-06-04T20:02:06.894408" level="INFO">${RESPONSE} = &lt;Response [200]&gt;</msg>
<var>${RESPONSE}</var>
<arg>${URL_API}/categories/${ID_CATEGORIA}</arg>
<arg>expected_status=200</arg>
<doc>Sends a DELETE request.</doc>
<status status="PASS" start="2025-06-04T20:02:06.286410" elapsed="0.607998"/>
</kw>
<kw name="Log" owner="BuiltIn">
<msg time="2025-06-04T20:02:06.894408" level="INFO">&lt;Response [200]&gt;</msg>
<arg>${RESPONSE}</arg>
<doc>Logs the given message with the given level.</doc>
<status status="PASS" start="2025-06-04T20:02:06.894408" elapsed="0.000000"/>
</kw>
<kw name="Set Variable" owner="BuiltIn">
<msg time="2025-06-04T20:02:06.894408" level="INFO">${RESPONSE_BODY} = {'success': True, 'message': 'Categoria removida com sucesso.'}</msg>
<var>${RESPONSE_BODY}</var>
<arg>${RESPONSE.json()}</arg>
<doc>Returns the given values which can then be assigned to a variables.</doc>
<status status="PASS" start="2025-06-04T20:02:06.894408" elapsed="0.000000"/>
</kw>
<kw name="Log" owner="BuiltIn">
<msg time="2025-06-04T20:02:06.894408" level="INFO">{'success': True, 'message': 'Categoria removida com sucesso.'}</msg>
<arg>${RESPONSE_BODY}</arg>
<doc>Logs the given message with the given level.</doc>
<status status="PASS" start="2025-06-04T20:02:06.894408" elapsed="0.000000"/>
</kw>
<kw name="Dictionary Should Contain Key" owner="Collections">
<arg>${RESPONSE_BODY}</arg>
<arg>message</arg>
<doc>Fails if ``key`` is not found from ``dictionary``.</doc>
<status status="PASS" start="2025-06-04T20:02:06.894408" elapsed="0.000000"/>
</kw>
<kw name="Dictionary Should Contain Key" owner="Collections">
<arg>${RESPONSE_BODY}</arg>
<arg>success</arg>
<doc>Fails if ``key`` is not found from ``dictionary``.</doc>
<status status="PASS" start="2025-06-04T20:02:06.894408" elapsed="0.000000"/>
</kw>
<kw name="Get From Dictionary" owner="Collections">
<msg time="2025-06-04T20:02:06.894408" level="INFO">${MESSAGE} = Categoria removida com sucesso.</msg>
<var>${MESSAGE}</var>
<arg>${RESPONSE_BODY}</arg>
<arg>message</arg>
<doc>Returns a value from the given ``dictionary`` based on the given ``key``.</doc>
<status status="PASS" start="2025-06-04T20:02:06.894408" elapsed="0.000000"/>
</kw>
<kw name="Get From Dictionary" owner="Collections">
<msg time="2025-06-04T20:02:06.894408" level="INFO">${SUCCESS} = True</msg>
<var>${SUCCESS}</var>
<arg>${RESPONSE_BODY}</arg>
<arg>success</arg>
<doc>Returns a value from the given ``dictionary`` based on the given ``key``.</doc>
<status status="PASS" start="2025-06-04T20:02:06.894408" elapsed="0.000000"/>
</kw>
<kw name="Should Be Equal" owner="BuiltIn">
<arg>${MESSAGE}</arg>
<arg>Categoria removida com sucesso.</arg>
<doc>Fails if the given objects are unequal.</doc>
<status status="PASS" start="2025-06-04T20:02:06.894408" elapsed="0.000000"/>
</kw>
<kw name="Should Be True" owner="BuiltIn">
<arg>${SUCCESS}</arg>
<doc>Fails if the given condition is not true.</doc>
<status status="PASS" start="2025-06-04T20:02:06.894408" elapsed="0.000000"/>
</kw>
<doc>Exclui uma categoria existente utilizando o ID previamente cadastrado (ID Categoria).
Verifica se o status da resposta é 200 OK e se a resposta de sucesso contém a mensagem esperada.</doc>
<status status="PASS" start="2025-06-04T20:02:06.286410" elapsed="0.607998"/>
</kw>
<kw name="Listar todas as categorias cadastradas" owner="categorias">
<kw name="GET" owner="RequestsLibrary">
<msg time="2025-06-04T20:02:07.281065" level="INFO">GET Request : url=https://educational-api-production.up.railway.app/api/categories 
 path_url=/api/categories 
 headers={'User-Agent': 'python-requests/2.32.3', 'Accept-Encoding': 'gzip, deflate', 'Accept': '*/*', 'Connection': 'keep-alive'} 
 body=None 
 </msg>
<msg time="2025-06-04T20:02:07.281065" level="INFO">GET Response : url=https://educational-api-production.up.railway.app/api/categories 
 status=200, reason=OK 
 headers={'Access-Control-Allow-Origin': '*', 'Content-Length': '3566', 'Content-Type': 'application/json; charset=utf-8', 'Date': 'Wed, 04 Jun 2025 19:02:06 GMT', 'Etag': 'W/"dee-sv0D8p1QZ476Y9h/PwEWrY4VRQQ"', 'Server': 'railway-edge', 'X-Powered-By': 'Express', 'X-Railway-Edge': 'railway/europe-west4-drams3a', 'X-Railway-Request-Id': '-U7t8YTKSxuz-QTk0-QtfA'} 
 body={"success":true,"count":24,"data":[{"_id":"6830b2dfe070c0790342e8c0","name":"Eletrônicos e Computadores","description":"Produtos eletrônicos como smartphones, laptops, computadores, peças de notebooke e CPU, além de acessários para home office (fones, cabos e outros itens).","createdAt":"2025-05-23T17:39:43.699Z","__v":0},{"_id":"6830b326e070c0790342e8c2","name":"Brinquedos","description":"Produtos para brincar e se divertir.","createdAt":"2025-05-23T17:40:54.310Z","__v":0},{"_id":"6830ed4114bcf6ae156c7edc","name":"One Piece - O rei dos piratas","description":"Produtos promocionais do anime e da live action.","createdAt":"2025-05-23T21:48:49.247Z","__v":0},{"_id":"68373723848708bda9c6fa21","name":"Séries e Filmes","description":"Produtos relacionados a séries e filmes de todos os gêneros.","createdAt":"2025-05-28T16:17:39.506Z","__v":0},{"_id":"68398773848708bda9c6fa8e","name":"Bicicletas indoor","description":"Bicicletas para utilizar no conforto da sua casa","createdAt":"2025-05-30T10:24:51.252Z","__v":0},{"_id":"683f2130848708bda9c6fb20","name":"Eletrônicos","description":"Produtos eletrônicos como smartphones, laptops, etc.","createdAt":"2025-06-03T16:22:08.563Z","__v":0},{"_id":"683f2316848708bda9c6fb24","name":"qheswanwmv","description":"Produtos eletrônicos como smartphones, laptops, etc.","createdAt":"2025-06-03T16:30:14.280Z","__v":0},{"_id":"683f24bf848708bda9c6fb27","name":"yismnbsgus","description":"yismnbsgus","createdAt":"2025-06-03T16:37:19.632Z","__v":0},{"_id":"683f2507848708bda9c6fb2a","name":"rjdmsusxki","description":"rjdmsusxki","createdAt":"2025-06-03T16:38:31.581Z","__v":0},{"_id":"683f252b848708bda9c6fb2d","name":"mlacutaier","description":"mlacutaier","createdAt":"2025-06-03T16:39:07.331Z","__v":0},{"_id":"683f25ba848708bda9c6fb30","name":"vzqtlndhcb","description":"vzqtlndhcb","createdAt":"2025-06-03T16:41:30.321Z","__v":0},{"_id":"683f25e7848708bda9c6fb33","name":"obvugvamos","description":"obvugvamos","createdAt":"2025-06-03T16:42:15.011Z","__v":0},{"_id":"683f2703848708bda9c6fb37","name":"ckpobtrpor","description":"ckpobtrpor","createdAt":"2025-06-03T16:46:59.160Z","__v":0},{"_id":"683f2819848708bda9c6fb3d","name":"egzbmmftwu","description":"egzbmmftwu","createdAt":"2025-06-03T16:51:37.421Z","__v":0},{"_id":"683f2889848708bda9c6fb41","name":"obufbwedpe","description":"obufbwedpe","createdAt":"2025-06-03T16:53:29.443Z","__v":0},{"_id":"683f28c4848708bda9c6fb44","name":"mgzeekwkgd","description":"mgzeekwkgd","createdAt":"2025-06-03T16:54:28.584Z","__v":0},{"_id":"683f2923848708bda9c6fb47","name":"qlmqcijflu","description":"qlmqcijflu","createdAt":"2025-06-03T16:56:03.237Z","__v":0},{"_id":"683f29f5848708bda9c6fb4a","name":"nyufxcdeip","description":"nyufxcdeip","createdAt":"2025-06-03T16:59:33.907Z","__v":0},{"_id":"683f2a27848708bda9c6fb4c","name":"ohcyhsudta","description":"ohcyhsudta","createdAt":"2025-06-03T17:00:23.469Z","__v":0},{"_id":"683f37c2848708bda9c6fb56","name":"xeoilkuhyl","description":"xeoilkuhyl","createdAt":"2025-06-03T17:58:26.432Z","__v":0},{"_id":"683f3929848708bda9c6fb5c","name":"ypmvinpyxp","description":"teste","createdAt":"2025-06-03T18:04:25.408Z","__v":0},{"_id":"684012de848708bda9c6fc8e","name":"yiwwjskxks","description":"yiwwjskxks","createdAt":"2025-06-04T09:33:18.527Z","__v":0},{"_id":"6840130c848708bda9c6fc90","name":"pdokrwilxx","description":"pdokrwilxx","createdAt":"2025-06-04T09:34:04.797Z","__v":0},{"_id":"68401333848708bda9c6fc92","name":"uhnqzcpker","description":"uhnqzcpker","createdAt":"2025-06-04T09:34:43.740Z","__v":0}]} 
 </msg>
<msg time="2025-06-04T20:02:07.281065" level="INFO">${RESPONSE} = &lt;Response [200]&gt;</msg>
<var>${RESPONSE}</var>
<arg>${URL_API}/categories</arg>
<arg>expected_status=200</arg>
<doc>Sends a GET request.</doc>
<status status="PASS" start="2025-06-04T20:02:06.894408" elapsed="0.386657"/>
</kw>
<kw name="Set Variable" owner="BuiltIn">
<msg time="2025-06-04T20:02:07.299307" level="INFO">${RESPONSE_BODY} = {'success': True, 'count': 24, 'data': [{'_id': '6830b2dfe070c0790342e8c0', 'name': 'Eletrônicos e Computadores', 'description': 'Produtos eletrônicos como smartphones, laptops, computadores, peças de...</msg>
<var>${RESPONSE_BODY}</var>
<arg>${RESPONSE.json()}</arg>
<doc>Returns the given values which can then be assigned to a variables.</doc>
<status status="PASS" start="2025-06-04T20:02:07.281065" elapsed="0.018242"/>
</kw>
<kw name="Dictionary Should Contain Key" owner="Collections">
<arg>${RESPONSE_BODY}</arg>
<arg>data</arg>
<doc>Fails if ``key`` is not found from ``dictionary``.</doc>
<status status="PASS" start="2025-06-04T20:02:07.299307" elapsed="0.000000"/>
</kw>
<kw name="Get From Dictionary" owner="Collections">
<msg time="2025-06-04T20:02:07.299307" level="INFO">${DATA} = [{'_id': '6830b2dfe070c0790342e8c0', 'name': 'Eletrônicos e Computadores', 'description': 'Produtos eletrônicos como smartphones, laptops, computadores, peças de notebooke e CPU, além de acessários pa...</msg>
<var>${DATA}</var>
<arg>${RESPONSE_BODY}</arg>
<arg>data</arg>
<doc>Returns a value from the given ``dictionary`` based on the given ``key``.</doc>
<status status="PASS" start="2025-06-04T20:02:07.299307" elapsed="0.000000"/>
</kw>
<kw name="Log" owner="BuiltIn">
<msg time="2025-06-04T20:02:07.299307" level="INFO">Categorias cadastradas: [{'_id': '6830b2dfe070c0790342e8c0', 'name': 'Eletrônicos e Computadores', 'description': 'Produtos eletrônicos como smartphones, laptops, computadores, peças de notebooke e CPU, além de acessários para home office (fones, cabos e outros itens).', 'createdAt': '2025-05-23T17:39:43.699Z', '__v': 0}, {'_id': '6830b326e070c0790342e8c2', 'name': 'Brinquedos', 'description': 'Produtos para brincar e se divertir.', 'createdAt': '2025-05-23T17:40:54.310Z', '__v': 0}, {'_id': '6830ed4114bcf6ae156c7edc', 'name': 'One Piece - O rei dos piratas', 'description': 'Produtos promocionais do anime e da live action.', 'createdAt': '2025-05-23T21:48:49.247Z', '__v': 0}, {'_id': '68373723848708bda9c6fa21', 'name': 'Séries e Filmes', 'description': 'Produtos relacionados a séries e filmes de todos os gêneros.', 'createdAt': '2025-05-28T16:17:39.506Z', '__v': 0}, {'_id': '68398773848708bda9c6fa8e', 'name': 'Bicicletas indoor', 'description': 'Bicicletas para utilizar no conforto da sua casa', 'createdAt': '2025-05-30T10:24:51.252Z', '__v': 0}, {'_id': '683f2130848708bda9c6fb20', 'name': 'Eletrônicos', 'description': 'Produtos eletrônicos como smartphones, laptops, etc.', 'createdAt': '2025-06-03T16:22:08.563Z', '__v': 0}, {'_id': '683f2316848708bda9c6fb24', 'name': 'qheswanwmv', 'description': 'Produtos eletrônicos como smartphones, laptops, etc.', 'createdAt': '2025-06-03T16:30:14.280Z', '__v': 0}, {'_id': '683f24bf848708bda9c6fb27', 'name': 'yismnbsgus', 'description': 'yismnbsgus', 'createdAt': '2025-06-03T16:37:19.632Z', '__v': 0}, {'_id': '683f2507848708bda9c6fb2a', 'name': 'rjdmsusxki', 'description': 'rjdmsusxki', 'createdAt': '2025-06-03T16:38:31.581Z', '__v': 0}, {'_id': '683f252b848708bda9c6fb2d', 'name': 'mlacutaier', 'description': 'mlacutaier', 'createdAt': '2025-06-03T16:39:07.331Z', '__v': 0}, {'_id': '683f25ba848708bda9c6fb30', 'name': 'vzqtlndhcb', 'description': 'vzqtlndhcb', 'createdAt': '2025-06-03T16:41:30.321Z', '__v': 0}, {'_id': '683f25e7848708bda9c6fb33', 'name': 'obvugvamos', 'description': 'obvugvamos', 'createdAt': '2025-06-03T16:42:15.011Z', '__v': 0}, {'_id': '683f2703848708bda9c6fb37', 'name': 'ckpobtrpor', 'description': 'ckpobtrpor', 'createdAt': '2025-06-03T16:46:59.160Z', '__v': 0}, {'_id': '683f2819848708bda9c6fb3d', 'name': 'egzbmmftwu', 'description': 'egzbmmftwu', 'createdAt': '2025-06-03T16:51:37.421Z', '__v': 0}, {'_id': '683f2889848708bda9c6fb41', 'name': 'obufbwedpe', 'description': 'obufbwedpe', 'createdAt': '2025-06-03T16:53:29.443Z', '__v': 0}, {'_id': '683f28c4848708bda9c6fb44', 'name': 'mgzeekwkgd', 'description': 'mgzeekwkgd', 'createdAt': '2025-06-03T16:54:28.584Z', '__v': 0}, {'_id': '683f2923848708bda9c6fb47', 'name': 'qlmqcijflu', 'description': 'qlmqcijflu', 'createdAt': '2025-06-03T16:56:03.237Z', '__v': 0}, {'_id': '683f29f5848708bda9c6fb4a', 'name': 'nyufxcdeip', 'description': 'nyufxcdeip', 'createdAt': '2025-06-03T16:59:33.907Z', '__v': 0}, {'_id': '683f2a27848708bda9c6fb4c', 'name': 'ohcyhsudta', 'description': 'ohcyhsudta', 'createdAt': '2025-06-03T17:00:23.469Z', '__v': 0}, {'_id': '683f37c2848708bda9c6fb56', 'name': 'xeoilkuhyl', 'description': 'xeoilkuhyl', 'createdAt': '2025-06-03T17:58:26.432Z', '__v': 0}, {'_id': '683f3929848708bda9c6fb5c', 'name': 'ypmvinpyxp', 'description': 'teste', 'createdAt': '2025-06-03T18:04:25.408Z', '__v': 0}, {'_id': '684012de848708bda9c6fc8e', 'name': 'yiwwjskxks', 'description': 'yiwwjskxks', 'createdAt': '2025-06-04T09:33:18.527Z', '__v': 0}, {'_id': '6840130c848708bda9c6fc90', 'name': 'pdokrwilxx', 'description': 'pdokrwilxx', 'createdAt': '2025-06-04T09:34:04.797Z', '__v': 0}, {'_id': '68401333848708bda9c6fc92', 'name': 'uhnqzcpker', 'description': 'uhnqzcpker', 'createdAt': '2025-06-04T09:34:43.740Z', '__v': 0}]</msg>
<arg>Categorias cadastradas: ${DATA}</arg>
<doc>Logs the given message with the given level.</doc>
<status status="PASS" start="2025-06-04T20:02:07.299307" elapsed="0.000000"/>
</kw>
<doc>Lista todas as categorias disponíveis na API.
Verifica se o status da resposta é 200 OK e se a resposta contém uma lista de categorias na chave 'data'.</doc>
<status status="PASS" start="2025-06-04T20:02:06.894408" elapsed="0.404899"/>
</kw>
<kw name="Cadastrar categoria sem nome" owner="categorias">
<kw name="Load Json From File" owner="JSONLibrary">
<msg time="2025-06-04T20:02:07.299307" level="INFO">${JSON_CATEGORIAS} = {'name': '', 'description': ''}</msg>
<var>${JSON_CATEGORIAS}</var>
<arg>${PATH_PAYLOAD}/categorias.json</arg>
<doc>Load JSON from file.</doc>
<status status="PASS" start="2025-06-04T20:02:07.299307" elapsed="0.000000"/>
</kw>
<kw name="Generate Random String" owner="String">
<msg time="2025-06-04T20:02:07.314980" level="INFO">${PALAVRA_ALEATORIA} = KgNTKkSgJg</msg>
<var>${PALAVRA_ALEATORIA}</var>
<arg>length=10</arg>
<arg>chars=[LETTERS]</arg>
<doc>Generates a string with a desired ``length`` from the given ``chars``.</doc>
<status status="PASS" start="2025-06-04T20:02:07.299307" elapsed="0.015673"/>
</kw>
<kw name="Convert To Lower Case" owner="String">
<msg time="2025-06-04T20:02:07.314980" level="INFO">${PALAVRA_ALEATORIA} = kgntkksgjg</msg>
<var>${PALAVRA_ALEATORIA}</var>
<arg>${PALAVRA_ALEATORIA}</arg>
<doc>Converts string to lower case.</doc>
<status status="PASS" start="2025-06-04T20:02:07.314980" elapsed="0.000000"/>
</kw>
<kw name="Set To Dictionary" owner="Collections">
<arg>${JSON_CATEGORIAS}</arg>
<arg>description=${PALAVRA_ALEATORIA}</arg>
<doc>Adds the given ``key_value_pairs`` and/or ``items`` to the ``dictionary``.</doc>
<status status="PASS" start="2025-06-04T20:02:07.314980" elapsed="0.000000"/>
</kw>
<kw name="Log" owner="BuiltIn">
<msg time="2025-06-04T20:02:07.314980" level="INFO">Json enviado: {'name': '', 'description': 'kgntkksgjg'}</msg>
<arg>Json enviado: ${JSON_CATEGORIAS}</arg>
<doc>Logs the given message with the given level.</doc>
<status status="PASS" start="2025-06-04T20:02:07.314980" elapsed="0.000000"/>
</kw>
<kw name="POST On Session" owner="RequestsLibrary">
<msg time="2025-06-04T20:02:07.365676" level="INFO">POST Request : url=https://educational-api-production.up.railway.app/api/categories 
 path_url=/api/categories 
 headers={'User-Agent': 'python-requests/2.32.3', 'Accept-Encoding': 'gzip, deflate', 'Accept': '*/*', 'Connection': 'keep-alive', 'Content-Length': '41', 'Content-Type': 'application/json'} 
 body=b'{"name": "", "description": "kgntkksgjg"}' 
 </msg>
<msg time="2025-06-04T20:02:07.365676" level="INFO">POST Response : url=https://educational-api-production.up.railway.app/api/categories 
 status=400, reason=Bad Request 
 headers={'Access-Control-Allow-Origin': '*', 'Content-Length': '84', 'Content-Type': 'application/json; charset=utf-8', 'Date': 'Wed, 04 Jun 2025 19:02:06 GMT', 'Etag': 'W/"54-rqBzMSVwhYerBvOsW7KN/zkCaTs"', 'Server': 'railway-edge', 'X-Powered-By': 'Express', 'X-Railway-Edge': 'railway/europe-west4-drams3a', 'X-Railway-Request-Id': 'Ipiosd2BR7uN9oN_YqdHTg'} 
 body={"message":"Por favor, preencha todos os campos obrigatórios: nome e descrição."} 
 </msg>
<msg time="2025-06-04T20:02:07.365676" level="INFO">C:\Users\veron\AppData\Local\Programs\Python\Python311\Lib\site-packages\urllib3\connectionpool.py:1097: InsecureRequestWarning: Unverified HTTPS request is being made to host 'educational-api-production.up.railway.app'. Adding certificate verification is strongly advised. See: https://urllib3.readthedocs.io/en/latest/advanced-usage.html#tls-warnings
  warnings.warn(</msg>
<msg time="2025-06-04T20:02:07.366681" level="INFO">${RESPONSE} = &lt;Response [400]&gt;</msg>
<var>${RESPONSE}</var>
<arg>API</arg>
<arg>${CATEGORIES_ENDPOINT}</arg>
<arg>json=${JSON_CATEGORIAS}</arg>
<arg>expected_status=400</arg>
<doc>Sends a POST request on a previously created HTTP Session.</doc>
<status status="PASS" start="2025-06-04T20:02:07.314980" elapsed="0.051701"/>
</kw>
<kw name="Log" owner="BuiltIn">
<msg time="2025-06-04T20:02:07.367675" level="INFO">Status code: 400</msg>
<arg>Status code: ${RESPONSE.status_code}</arg>
<doc>Logs the given message with the given level.</doc>
<status status="PASS" start="2025-06-04T20:02:07.366681" elapsed="0.000994"/>
</kw>
<kw name="Log" owner="BuiltIn">
<msg time="2025-06-04T20:02:07.368672" level="INFO">Response content: {"message":"Por favor, preencha todos os campos obrigatÃ³rios: nome e descriÃ§Ã£o."}</msg>
<arg>Response content: ${RESPONSE.content}</arg>
<doc>Logs the given message with the given level.</doc>
<status status="PASS" start="2025-06-04T20:02:07.367675" elapsed="0.000997"/>
</kw>
<if>
<branch type="IF" condition="${RESPONSE.status_code} == 400">
<kw name="Set Variable" owner="BuiltIn">
<msg time="2025-06-04T20:02:07.369671" level="INFO">${RESPONSE_BODY} = {'message': 'Por favor, preencha todos os campos obrigatórios: nome e descrição.'}</msg>
<var>${RESPONSE_BODY}</var>
<arg>${RESPONSE.json()}</arg>
<doc>Returns the given values which can then be assigned to a variables.</doc>
<status status="PASS" start="2025-06-04T20:02:07.368672" elapsed="0.000999"/>
</kw>
<kw name="Log" owner="BuiltIn">
<msg time="2025-06-04T20:02:07.369671" level="INFO">{'message': 'Por favor, preencha todos os campos obrigatórios: nome e descrição.'}</msg>
<arg>${RESPONSE_BODY}</arg>
<doc>Logs the given message with the given level.</doc>
<status status="PASS" start="2025-06-04T20:02:07.369671" elapsed="0.000000"/>
</kw>
<kw name="Dictionary Should Contain Key" owner="Collections">
<arg>${RESPONSE_BODY}</arg>
<arg>message</arg>
<doc>Fails if ``key`` is not found from ``dictionary``.</doc>
<status status="PASS" start="2025-06-04T20:02:07.369671" elapsed="0.000996"/>
</kw>
<kw name="Get From Dictionary" owner="Collections">
<msg time="2025-06-04T20:02:07.370667" level="INFO">${MESSAGE} = Por favor, preencha todos os campos obrigatórios: nome e descrição.</msg>
<var>${MESSAGE}</var>
<arg>${RESPONSE_BODY}</arg>
<arg>message</arg>
<doc>Returns a value from the given ``dictionary`` based on the given ``key``.</doc>
<status status="PASS" start="2025-06-04T20:02:07.370667" elapsed="0.000000"/>
</kw>
<kw name="Should Be Equal" owner="BuiltIn">
<arg>${MESSAGE}</arg>
<arg>Por favor, preencha todos os campos obrigatórios: nome e descrição.</arg>
<doc>Fails if the given objects are unequal.</doc>
<status status="PASS" start="2025-06-04T20:02:07.370667" elapsed="0.000000"/>
</kw>
<status status="PASS" start="2025-06-04T20:02:07.368672" elapsed="0.001995"/>
</branch>
<status status="PASS" start="2025-06-04T20:02:07.368672" elapsed="0.001995"/>
</if>
<doc>Tenta cadastrar uma nova categoria sem fornecer o campo 'name' no payload.
Verifica se o status da resposta é 400 Bad Request e se a mensagem de erro esperada é retornada.</doc>
<status status="PASS" start="2025-06-04T20:02:07.299307" elapsed="0.071360"/>
</kw>
<kw name="Buscar categoria não cadastrada" owner="categorias">
<kw name="Generate Random String" owner="String">
<msg time="2025-06-04T20:02:07.372661" level="INFO">${ID_CATEGORIA_ALEATORIA} = 5551817973</msg>
<var>${ID_CATEGORIA_ALEATORIA}</var>
<arg>length=10</arg>
<arg>chars=[NUMBERS]</arg>
<doc>Generates a string with a desired ``length`` from the given ``chars``.</doc>
<status status="PASS" start="2025-06-04T20:02:07.371670" elapsed="0.000991"/>
</kw>
<kw name="Log" owner="BuiltIn">
<msg time="2025-06-04T20:02:07.372661" level="INFO">5551817973</msg>
<arg>${ID_CATEGORIA_ALEATORIA}</arg>
<doc>Logs the given message with the given level.</doc>
<status status="PASS" start="2025-06-04T20:02:07.372661" elapsed="0.000000"/>
</kw>
<kw name="GET" owner="RequestsLibrary">
<msg time="2025-06-04T20:02:07.508874" level="INFO">GET Request : url=https://educational-api-production.up.railway.app/api/categories/5551817973 
 path_url=/api/categories/5551817973 
 headers={'User-Agent': 'python-requests/2.32.3', 'Accept-Encoding': 'gzip, deflate', 'Accept': '*/*', 'Connection': 'keep-alive'} 
 body=None 
 </msg>
<msg time="2025-06-04T20:02:07.516890" level="INFO">GET Response : url=https://educational-api-production.up.railway.app/api/categories/5551817973 
 status=404, reason=Not Found 
 headers={'Access-Control-Allow-Origin': '*', 'Content-Length': '40', 'Content-Type': 'application/json; charset=utf-8', 'Date': 'Wed, 04 Jun 2025 19:02:06 GMT', 'Etag': 'W/"28-ePJsCu7zCn5Eq1uPmflU3yZSLgQ"', 'Server': 'railway-edge', 'X-Powered-By': 'Express', 'X-Railway-Edge': 'railway/europe-west4-drams3a', 'X-Railway-Request-Id': '6zuQfkv7RMu0F_Ek0-QtfA'} 
 body={"message":"Categoria não encontrada."} 
 </msg>
<msg time="2025-06-04T20:02:07.516890" level="INFO">${RESPONSE} = &lt;Response [404]&gt;</msg>
<var>${RESPONSE}</var>
<arg>${URL_API}/categories/${ID_CATEGORIA_ALEATORIA}</arg>
<arg>expected_status=404</arg>
<doc>Sends a GET request.</doc>
<status status="PASS" start="2025-06-04T20:02:07.372661" elapsed="0.144229"/>
</kw>
<if>
<branch type="IF" condition="${RESPONSE.status_code} == 404">
<kw name="Set Variable" owner="BuiltIn">
<msg time="2025-06-04T20:02:07.518396" level="INFO">${RESPONSE_BODY} = {'message': 'Categoria não encontrada.'}</msg>
<var>${RESPONSE_BODY}</var>
<arg>${RESPONSE.json()}</arg>
<doc>Returns the given values which can then be assigned to a variables.</doc>
<status status="PASS" start="2025-06-04T20:02:07.516890" elapsed="0.001506"/>
</kw>
<kw name="Log" owner="BuiltIn">
<msg time="2025-06-04T20:02:07.518396" level="INFO">{'message': 'Categoria não encontrada.'}</msg>
<arg>${RESPONSE_BODY}</arg>
<doc>Logs the given message with the given level.</doc>
<status status="PASS" start="2025-06-04T20:02:07.518396" elapsed="0.000000"/>
</kw>
<kw name="Dictionary Should Contain Key" owner="Collections">
<arg>${RESPONSE_BODY}</arg>
<arg>message</arg>
<doc>Fails if ``key`` is not found from ``dictionary``.</doc>
<status status="PASS" start="2025-06-04T20:02:07.518396" elapsed="0.000000"/>
</kw>
<kw name="Get From Dictionary" owner="Collections">
<msg time="2025-06-04T20:02:07.518396" level="INFO">${MESSAGE} = Categoria não encontrada.</msg>
<var>${MESSAGE}</var>
<arg>${RESPONSE_BODY}</arg>
<arg>message</arg>
<doc>Returns a value from the given ``dictionary`` based on the given ``key``.</doc>
<status status="PASS" start="2025-06-04T20:02:07.518396" elapsed="0.000000"/>
</kw>
<kw name="Should Be Equal" owner="BuiltIn">
<arg>${MESSAGE}</arg>
<arg>Categoria não encontrada.</arg>
<doc>Fails if the given objects are unequal.</doc>
<status status="PASS" start="2025-06-04T20:02:07.518396" elapsed="0.000000"/>
</kw>
<status status="PASS" start="2025-06-04T20:02:07.516890" elapsed="0.001506"/>
</branch>
<status status="PASS" start="2025-06-04T20:02:07.516890" elapsed="0.001506"/>
</if>
<doc>Tenta buscar uma categoria utilizando um ID que não existe na base de dados.
Verifica se o status da resposta é 404 Not Found e se a mensagem de erro esperada é retornada.</doc>
<status status="PASS" start="2025-06-04T20:02:07.371670" elapsed="0.146726"/>
</kw>
<doc>Esta suíte executa uma sequência completa de testes para a funcionalidade de Categorias.
- Criação de uma nova categoria (cenário de sucesso e falha por falta de nome).
- Busca de categorias (por ID existente e ID inexistente, e listagem de todas).
- Atualização de uma categoria existente.
- Exclusão de uma categoria.
O objetivo é garantir a correta interação com os endpoints de Categorias da API.</doc>
<tag>categorias</tag>
<status status="PASS" start="2025-06-04T20:02:04.793161" elapsed="2.725235"/>
</test>
<doc>Este módulo de testes abrange a funcionalidade de gerenciamento de Categorias da API.
Ele verifica as operações de criação, listagem, busca por ID, atualização e exclusão de categorias,
garantindo que a API se comporte conforme o esperado para cada cenário, incluindo casos de sucesso e falha.
O objetivo é validar a integridade e a disponibilidade dos endpoints de Categorias.</doc>
<status status="PASS" start="2025-06-04T20:02:03.656229" elapsed="3.862167"/>
</suite>
<suite id="s1-s2" name="Produtos" source="D:\Estudos\QA REQ\backend-trabalhos\educational-api-robot-framework\tests\produtos.robot">
<kw name="Criar Sessão da API" owner="config" type="SETUP">
<kw name="Create Session" owner="RequestsLibrary">
<msg time="2025-06-04T20:02:07.562240" level="INFO">Creating Session using : alias=API, url=https://educational-api-production.up.railway.app/api, headers={},                     cookies={}, auth=None, timeout=None, proxies=None, verify=False,                     debug=0 </msg>
<arg>API</arg>
<arg>${URL_API}</arg>
<arg>verify=${SSL_VERIFY}</arg>
<doc>Create Session: create a HTTP session to a server</doc>
<status status="PASS" start="2025-06-04T20:02:07.562240" elapsed="0.000000"/>
</kw>
<status status="PASS" start="2025-06-04T20:02:07.562240" elapsed="0.000000"/>
</kw>
<test id="s1-s2-t1" name="Produtos" line="14">
<kw name="Cadastrar um novo produto" owner="produtos">
<kw name="Obter ID de uma categoria existente" owner="categorias">
<kw name="GET" owner="RequestsLibrary">
<msg time="2025-06-04T20:02:07.935837" level="INFO">GET Request : url=https://educational-api-production.up.railway.app/api/categories 
 path_url=/api/categories 
 headers={'User-Agent': 'python-requests/2.32.3', 'Accept-Encoding': 'gzip, deflate', 'Accept': '*/*', 'Connection': 'keep-alive'} 
 body=None 
 </msg>
<msg time="2025-06-04T20:02:07.935837" level="INFO">GET Response : url=https://educational-api-production.up.railway.app/api/categories 
 status=200, reason=OK 
 headers={'Access-Control-Allow-Origin': '*', 'Content-Length': '3566', 'Content-Type': 'application/json; charset=utf-8', 'Date': 'Wed, 04 Jun 2025 19:02:06 GMT', 'Etag': 'W/"dee-sv0D8p1QZ476Y9h/PwEWrY4VRQQ"', 'Server': 'railway-edge', 'X-Powered-By': 'Express', 'X-Railway-Edge': 'railway/europe-west4-drams3a', 'X-Railway-Request-Id': 'P5L77hEcQ66Pi_b_0-QtfA'} 
 body={"success":true,"count":24,"data":[{"_id":"6830b2dfe070c0790342e8c0","name":"Eletrônicos e Computadores","description":"Produtos eletrônicos como smartphones, laptops, computadores, peças de notebooke e CPU, além de acessários para home office (fones, cabos e outros itens).","createdAt":"2025-05-23T17:39:43.699Z","__v":0},{"_id":"6830b326e070c0790342e8c2","name":"Brinquedos","description":"Produtos para brincar e se divertir.","createdAt":"2025-05-23T17:40:54.310Z","__v":0},{"_id":"6830ed4114bcf6ae156c7edc","name":"One Piece - O rei dos piratas","description":"Produtos promocionais do anime e da live action.","createdAt":"2025-05-23T21:48:49.247Z","__v":0},{"_id":"68373723848708bda9c6fa21","name":"Séries e Filmes","description":"Produtos relacionados a séries e filmes de todos os gêneros.","createdAt":"2025-05-28T16:17:39.506Z","__v":0},{"_id":"68398773848708bda9c6fa8e","name":"Bicicletas indoor","description":"Bicicletas para utilizar no conforto da sua casa","createdAt":"2025-05-30T10:24:51.252Z","__v":0},{"_id":"683f2130848708bda9c6fb20","name":"Eletrônicos","description":"Produtos eletrônicos como smartphones, laptops, etc.","createdAt":"2025-06-03T16:22:08.563Z","__v":0},{"_id":"683f2316848708bda9c6fb24","name":"qheswanwmv","description":"Produtos eletrônicos como smartphones, laptops, etc.","createdAt":"2025-06-03T16:30:14.280Z","__v":0},{"_id":"683f24bf848708bda9c6fb27","name":"yismnbsgus","description":"yismnbsgus","createdAt":"2025-06-03T16:37:19.632Z","__v":0},{"_id":"683f2507848708bda9c6fb2a","name":"rjdmsusxki","description":"rjdmsusxki","createdAt":"2025-06-03T16:38:31.581Z","__v":0},{"_id":"683f252b848708bda9c6fb2d","name":"mlacutaier","description":"mlacutaier","createdAt":"2025-06-03T16:39:07.331Z","__v":0},{"_id":"683f25ba848708bda9c6fb30","name":"vzqtlndhcb","description":"vzqtlndhcb","createdAt":"2025-06-03T16:41:30.321Z","__v":0},{"_id":"683f25e7848708bda9c6fb33","name":"obvugvamos","description":"obvugvamos","createdAt":"2025-06-03T16:42:15.011Z","__v":0},{"_id":"683f2703848708bda9c6fb37","name":"ckpobtrpor","description":"ckpobtrpor","createdAt":"2025-06-03T16:46:59.160Z","__v":0},{"_id":"683f2819848708bda9c6fb3d","name":"egzbmmftwu","description":"egzbmmftwu","createdAt":"2025-06-03T16:51:37.421Z","__v":0},{"_id":"683f2889848708bda9c6fb41","name":"obufbwedpe","description":"obufbwedpe","createdAt":"2025-06-03T16:53:29.443Z","__v":0},{"_id":"683f28c4848708bda9c6fb44","name":"mgzeekwkgd","description":"mgzeekwkgd","createdAt":"2025-06-03T16:54:28.584Z","__v":0},{"_id":"683f2923848708bda9c6fb47","name":"qlmqcijflu","description":"qlmqcijflu","createdAt":"2025-06-03T16:56:03.237Z","__v":0},{"_id":"683f29f5848708bda9c6fb4a","name":"nyufxcdeip","description":"nyufxcdeip","createdAt":"2025-06-03T16:59:33.907Z","__v":0},{"_id":"683f2a27848708bda9c6fb4c","name":"ohcyhsudta","description":"ohcyhsudta","createdAt":"2025-06-03T17:00:23.469Z","__v":0},{"_id":"683f37c2848708bda9c6fb56","name":"xeoilkuhyl","description":"xeoilkuhyl","createdAt":"2025-06-03T17:58:26.432Z","__v":0},{"_id":"683f3929848708bda9c6fb5c","name":"ypmvinpyxp","description":"teste","createdAt":"2025-06-03T18:04:25.408Z","__v":0},{"_id":"684012de848708bda9c6fc8e","name":"yiwwjskxks","description":"yiwwjskxks","createdAt":"2025-06-04T09:33:18.527Z","__v":0},{"_id":"6840130c848708bda9c6fc90","name":"pdokrwilxx","description":"pdokrwilxx","createdAt":"2025-06-04T09:34:04.797Z","__v":0},{"_id":"68401333848708bda9c6fc92","name":"uhnqzcpker","description":"uhnqzcpker","createdAt":"2025-06-04T09:34:43.740Z","__v":0}]} 
 </msg>
<msg time="2025-06-04T20:02:07.935837" level="INFO">${RESPONSE} = &lt;Response [200]&gt;</msg>
<var>${RESPONSE}</var>
<arg>${URL_API}/categories</arg>
<arg>expected_status=200</arg>
<doc>Sends a GET request.</doc>
<status status="PASS" start="2025-06-04T20:02:07.562240" elapsed="0.373597"/>
</kw>
<kw name="Set Variable" owner="BuiltIn">
<msg time="2025-06-04T20:02:07.950918" level="INFO">${RESPONSE_BODY} = {'success': True, 'count': 24, 'data': [{'_id': '6830b2dfe070c0790342e8c0', 'name': 'Eletrônicos e Computadores', 'description': 'Produtos eletrônicos como smartphones, laptops, computadores, peças de...</msg>
<var>${RESPONSE_BODY}</var>
<arg>${RESPONSE.json()}</arg>
<doc>Returns the given values which can then be assigned to a variables.</doc>
<status status="PASS" start="2025-06-04T20:02:07.935837" elapsed="0.015081"/>
</kw>
<kw name="Dictionary Should Contain Key" owner="Collections">
<arg>${RESPONSE_BODY}</arg>
<arg>data</arg>
<doc>Fails if ``key`` is not found from ``dictionary``.</doc>
<status status="PASS" start="2025-06-04T20:02:07.950918" elapsed="0.000000"/>
</kw>
<kw name="Get From Dictionary" owner="Collections">
<msg time="2025-06-04T20:02:07.950918" level="INFO">${CATEGORIES_LIST} = [{'_id': '6830b2dfe070c0790342e8c0', 'name': 'Eletrônicos e Computadores', 'description': 'Produtos eletrônicos como smartphones, laptops, computadores, peças de notebooke e CPU, além de acessários pa...</msg>
<var>${CATEGORIES_LIST}</var>
<arg>${RESPONSE_BODY}</arg>
<arg>data</arg>
<doc>Returns a value from the given ``dictionary`` based on the given ``key``.</doc>
<status status="PASS" start="2025-06-04T20:02:07.950918" elapsed="0.000000"/>
</kw>
<kw name="Should Not Be Empty" owner="BuiltIn">
<msg time="2025-06-04T20:02:07.950918" level="INFO">Length is 24.</msg>
<arg>${CATEGORIES_LIST}</arg>
<arg>msg=Nenhuma categoria encontrada para obter ID.</arg>
<doc>Verifies that the given item is not empty.</doc>
<status status="PASS" start="2025-06-04T20:02:07.950918" elapsed="0.000000"/>
</kw>
<kw name="Get From List" owner="Collections">
<msg time="2025-06-04T20:02:07.950918" level="INFO">${PRIMEIRA_CATEGORIA} = {'_id': '6830b2dfe070c0790342e8c0', 'name': 'Eletrônicos e Computadores', 'description': 'Produtos eletrônicos como smartphones, laptops, computadores, peças de notebooke e CPU, além de acessários par...</msg>
<var>${PRIMEIRA_CATEGORIA}</var>
<arg>${CATEGORIES_LIST}</arg>
<arg>0</arg>
<doc>Returns the value specified with an ``index`` from ``list``.</doc>
<status status="PASS" start="2025-06-04T20:02:07.950918" elapsed="0.000000"/>
</kw>
<kw name="Get From Dictionary" owner="Collections">
<msg time="2025-06-04T20:02:07.950918" level="INFO">${ID_PRIMEIRA_CATEGORIA} = 6830b2dfe070c0790342e8c0</msg>
<var>${ID_PRIMEIRA_CATEGORIA}</var>
<arg>${PRIMEIRA_CATEGORIA}</arg>
<arg>_id</arg>
<doc>Returns a value from the given ``dictionary`` based on the given ``key``.</doc>
<status status="PASS" start="2025-06-04T20:02:07.950918" elapsed="0.000000"/>
</kw>
<kw name="Log" owner="BuiltIn">
<msg time="2025-06-04T20:02:07.950918" level="INFO">ID da categoria encontrada: 6830b2dfe070c0790342e8c0</msg>
<arg>ID da categoria encontrada: ${ID_PRIMEIRA_CATEGORIA}</arg>
<doc>Logs the given message with the given level.</doc>
<status status="PASS" start="2025-06-04T20:02:07.950918" elapsed="0.000000"/>
</kw>
<return>
<value>${ID_PRIMEIRA_CATEGORIA}</value>
<status status="PASS" start="2025-06-04T20:02:07.950918" elapsed="0.000000"/>
</return>
<msg time="2025-06-04T20:02:07.950918" level="INFO">${ID_CATEGORIA} = 6830b2dfe070c0790342e8c0</msg>
<var>${ID_CATEGORIA}</var>
<doc>Busca e retorna o ID de uma categoria existente na API.
Esta Keyword é útil como pré-condição para outros testes que exigem um ID de categoria válido.
Verifica se a lista de categorias não está vazia antes de extrair o ID.</doc>
<status status="PASS" start="2025-06-04T20:02:07.562240" elapsed="0.388678"/>
</kw>
<kw name="Log" owner="BuiltIn">
<msg time="2025-06-04T20:02:07.950918" level="INFO">6830b2dfe070c0790342e8c0</msg>
<arg>${ID_CATEGORIA}</arg>
<doc>Logs the given message with the given level.</doc>
<status status="PASS" start="2025-06-04T20:02:07.950918" elapsed="0.000000"/>
</kw>
<kw name="Load Json From File" owner="JSONLibrary">
<msg time="2025-06-04T20:02:07.950918" level="INFO">${JSON_PRODUTOS} = {'name': '', 'description': '', 'price': 0, 'quantity': 0, 'category': ''}</msg>
<var>${JSON_PRODUTOS}</var>
<arg>${PATH_PAYLOAD}/produtos.json</arg>
<doc>Load JSON from file.</doc>
<status status="PASS" start="2025-06-04T20:02:07.950918" elapsed="0.000000"/>
</kw>
<kw name="Generate Random String" owner="String">
<msg time="2025-06-04T20:02:07.950918" level="INFO">${PALAVRA_ALEATORIA} = puUqafztFS</msg>
<var>${PALAVRA_ALEATORIA}</var>
<arg>length=10</arg>
<arg>chars=[LETTERS]</arg>
<doc>Generates a string with a desired ``length`` from the given ``chars``.</doc>
<status status="PASS" start="2025-06-04T20:02:07.950918" elapsed="0.000000"/>
</kw>
<kw name="Convert To Lower Case" owner="String">
<msg time="2025-06-04T20:02:07.950918" level="INFO">${PALAVRA_ALEATORIA} = puuqafztfs</msg>
<var>${PALAVRA_ALEATORIA}</var>
<arg>${PALAVRA_ALEATORIA}</arg>
<doc>Converts string to lower case.</doc>
<status status="PASS" start="2025-06-04T20:02:07.950918" elapsed="0.000000"/>
</kw>
<kw name="Evaluate" owner="BuiltIn">
<msg time="2025-06-04T20:02:07.950918" level="INFO">${PRECO_ALEATORIO} = 4834</msg>
<var>${PRECO_ALEATORIO}</var>
<arg>random.randint(1, 9999)</arg>
<arg>modules=random</arg>
<doc>Evaluates the given expression in Python and returns the result.</doc>
<status status="PASS" start="2025-06-04T20:02:07.950918" elapsed="0.000000"/>
</kw>
<kw name="Evaluate" owner="BuiltIn">
<msg time="2025-06-04T20:02:07.950918" level="INFO">${QUANTIDADE_ALEATORIA} = 582</msg>
<var>${QUANTIDADE_ALEATORIA}</var>
<arg>random.randint(0, 999)</arg>
<arg>modules=random</arg>
<doc>Evaluates the given expression in Python and returns the result.</doc>
<status status="PASS" start="2025-06-04T20:02:07.950918" elapsed="0.000000"/>
</kw>
<kw name="Set To Dictionary" owner="Collections">
<arg>${JSON_PRODUTOS}</arg>
<arg>name=${PALAVRA_ALEATORIA}</arg>
<doc>Adds the given ``key_value_pairs`` and/or ``items`` to the ``dictionary``.</doc>
<status status="PASS" start="2025-06-04T20:02:07.950918" elapsed="0.000000"/>
</kw>
<kw name="Set To Dictionary" owner="Collections">
<arg>${JSON_PRODUTOS}</arg>
<arg>description=${PALAVRA_ALEATORIA}</arg>
<doc>Adds the given ``key_value_pairs`` and/or ``items`` to the ``dictionary``.</doc>
<status status="PASS" start="2025-06-04T20:02:07.950918" elapsed="0.000000"/>
</kw>
<kw name="Set To Dictionary" owner="Collections">
<arg>${JSON_PRODUTOS}</arg>
<arg>price=${PRECO_ALEATORIO}</arg>
<doc>Adds the given ``key_value_pairs`` and/or ``items`` to the ``dictionary``.</doc>
<status status="PASS" start="2025-06-04T20:02:07.950918" elapsed="0.000000"/>
</kw>
<kw name="Set To Dictionary" owner="Collections">
<arg>${JSON_PRODUTOS}</arg>
<arg>quantity=${QUANTIDADE_ALEATORIA}</arg>
<doc>Adds the given ``key_value_pairs`` and/or ``items`` to the ``dictionary``.</doc>
<status status="PASS" start="2025-06-04T20:02:07.950918" elapsed="0.000000"/>
</kw>
<kw name="Set To Dictionary" owner="Collections">
<arg>${JSON_PRODUTOS}</arg>
<arg>category=${ID_CATEGORIA}</arg>
<doc>Adds the given ``key_value_pairs`` and/or ``items`` to the ``dictionary``.</doc>
<status status="PASS" start="2025-06-04T20:02:07.950918" elapsed="0.000000"/>
</kw>
<kw name="Log" owner="BuiltIn">
<msg time="2025-06-04T20:02:07.950918" level="INFO">Json enviado: {'name': 'puuqafztfs', 'description': 'puuqafztfs', 'price': 4834, 'quantity': 582, 'category': '6830b2dfe070c0790342e8c0'}</msg>
<arg>Json enviado: ${JSON_PRODUTOS}</arg>
<doc>Logs the given message with the given level.</doc>
<status status="PASS" start="2025-06-04T20:02:07.950918" elapsed="0.000000"/>
</kw>
<kw name="POST On Session" owner="RequestsLibrary">
<msg time="2025-06-04T20:02:08.571505" level="INFO">POST Request : url=https://educational-api-production.up.railway.app/api/products 
 path_url=/api/products 
 headers={'User-Agent': 'python-requests/2.32.3', 'Accept-Encoding': 'gzip, deflate', 'Accept': '*/*', 'Connection': 'keep-alive', 'Content-Length': '123', 'Content-Type': 'application/json'} 
 body=b'{"name": "puuqafztfs", "description": "puuqafztfs", "price": 4834, "quantity": 582, "category": "6830b2dfe070c0790342e8c0"}' 
 </msg>
<msg time="2025-06-04T20:02:08.571505" level="INFO">POST Response : url=https://educational-api-production.up.railway.app/api/products 
 status=201, reason=Created 
 headers={'Access-Control-Allow-Origin': '*', 'Content-Length': '218', 'Content-Type': 'application/json; charset=utf-8', 'Date': 'Wed, 04 Jun 2025 19:02:07 GMT', 'Etag': 'W/"da-LVuN9IiXHniZkJ8OB1pfPAK0E0M"', 'Server': 'railway-edge', 'X-Powered-By': 'Express', 'X-Railway-Edge': 'railway/europe-west4-drams3a', 'X-Railway-Request-Id': 'kPGIjOWwSW-h6nGCYqdHTg'} 
 body={"success":true,"data":{"name":"puuqafztfs","description":"puuqafztfs","price":4834,"quantity":582,"category":"6830b2dfe070c0790342e8c0","_id":"6840982f848708bda9c6fe78","createdAt":"2025-06-04T19:02:07.396Z","__v":0}} 
 </msg>
<msg time="2025-06-04T20:02:08.571505" level="INFO">C:\Users\veron\AppData\Local\Programs\Python\Python311\Lib\site-packages\urllib3\connectionpool.py:1097: InsecureRequestWarning: Unverified HTTPS request is being made to host 'educational-api-production.up.railway.app'. Adding certificate verification is strongly advised. See: https://urllib3.readthedocs.io/en/latest/advanced-usage.html#tls-warnings
  warnings.warn(</msg>
<msg time="2025-06-04T20:02:08.587140" level="INFO">${RESPONSE} = &lt;Response [201]&gt;</msg>
<var>${RESPONSE}</var>
<arg>API</arg>
<arg>${PRODUCTS_ENDPOINT}</arg>
<arg>json=${JSON_PRODUTOS}</arg>
<doc>Sends a POST request on a previously created HTTP Session.</doc>
<status status="PASS" start="2025-06-04T20:02:07.950918" elapsed="0.636222"/>
</kw>
<kw name="Log" owner="BuiltIn">
<msg time="2025-06-04T20:02:08.587140" level="INFO">Status code: 201</msg>
<arg>Status code: ${RESPONSE.status_code}</arg>
<doc>Logs the given message with the given level.</doc>
<status status="PASS" start="2025-06-04T20:02:08.587140" elapsed="0.000000"/>
</kw>
<kw name="Log" owner="BuiltIn">
<msg time="2025-06-04T20:02:08.587140" level="INFO">Response content: {"success":true,"data":{"name":"puuqafztfs","description":"puuqafztfs","price":4834,"quantity":582,"category":"6830b2dfe070c0790342e8c0","_id":"6840982f848708bda9c6fe78","createdAt":"2025-06-04T19:02:07.396Z","__v":0}}</msg>
<arg>Response content: ${RESPONSE.content}</arg>
<doc>Logs the given message with the given level.</doc>
<status status="PASS" start="2025-06-04T20:02:08.587140" elapsed="0.000000"/>
</kw>
<kw name="Status Should Be" owner="RequestsLibrary">
<arg>201</arg>
<arg>${RESPONSE}</arg>
<doc>Fails if response status code is different than the expected.</doc>
<status status="PASS" start="2025-06-04T20:02:08.587140" elapsed="0.000000"/>
</kw>
<kw name="Set Variable" owner="BuiltIn">
<msg time="2025-06-04T20:02:08.605787" level="INFO">${RESPONSE_BODY} = {'success': True, 'data': {'name': 'puuqafztfs', 'description': 'puuqafztfs', 'price': 4834, 'quantity': 582, 'category': '6830b2dfe070c0790342e8c0', '_id': '6840982f848708bda9c6fe78', 'createdAt': '2...</msg>
<var>${RESPONSE_BODY}</var>
<arg>${RESPONSE.json()}</arg>
<doc>Returns the given values which can then be assigned to a variables.</doc>
<status status="PASS" start="2025-06-04T20:02:08.587140" elapsed="0.018647"/>
</kw>
<kw name="Dictionary Should Contain Key" owner="Collections">
<arg>${RESPONSE_BODY}</arg>
<arg>data</arg>
<doc>Fails if ``key`` is not found from ``dictionary``.</doc>
<status status="PASS" start="2025-06-04T20:02:08.606785" elapsed="0.000998"/>
</kw>
<kw name="Get From Dictionary" owner="Collections">
<msg time="2025-06-04T20:02:08.609986" level="INFO">${DATA} = {'name': 'puuqafztfs', 'description': 'puuqafztfs', 'price': 4834, 'quantity': 582, 'category': '6830b2dfe070c0790342e8c0', '_id': '6840982f848708bda9c6fe78', 'createdAt': '2025-06-04T19:02:07.396Z', ...</msg>
<var>${DATA}</var>
<arg>${RESPONSE_BODY}</arg>
<arg>data</arg>
<doc>Returns a value from the given ``dictionary`` based on the given ``key``.</doc>
<status status="PASS" start="2025-06-04T20:02:08.608778" elapsed="0.001208"/>
</kw>
<kw name="Dictionary Should Contain Key" owner="Collections">
<arg>${DATA}</arg>
<arg>_id</arg>
<doc>Fails if ``key`` is not found from ``dictionary``.</doc>
<status status="PASS" start="2025-06-04T20:02:08.609986" elapsed="0.000998"/>
</kw>
<if>
<branch type="IF" condition="${RESPONSE.status_code} == 201">
<kw name="Get From Dictionary" owner="Collections">
<msg time="2025-06-04T20:02:08.613653" level="INFO">${ID_PRODUTO_RESPONSE} = 6840982f848708bda9c6fe78</msg>
<var>${ID_PRODUTO_RESPONSE}</var>
<arg>${DATA}</arg>
<arg>_id</arg>
<doc>Returns a value from the given ``dictionary`` based on the given ``key``.</doc>
<status status="PASS" start="2025-06-04T20:02:08.612657" elapsed="0.000996"/>
</kw>
<kw name="Set Test Variable" owner="BuiltIn">
<msg time="2025-06-04T20:02:08.614652" level="INFO">${ID_PRODUTO} = 6840982f848708bda9c6fe78</msg>
<arg>${ID_PRODUTO}</arg>
<arg>${ID_PRODUTO_RESPONSE}</arg>
<doc>Makes a variable available everywhere within the scope of the current test.</doc>
<status status="PASS" start="2025-06-04T20:02:08.613653" elapsed="0.001993"/>
</kw>
<status status="PASS" start="2025-06-04T20:02:08.610984" elapsed="0.004662"/>
</branch>
<status status="PASS" start="2025-06-04T20:02:08.610984" elapsed="0.004662"/>
</if>
<doc>Cria um novo produto enviando um payload JSON válido para o endpoint /products.
Gera nome, descrição, preço e quantidade aleatórios e associa a um ID de categoria existente.</doc>
<status status="PASS" start="2025-06-04T20:02:07.562240" elapsed="1.053406"/>
</kw>
<kw name="Buscar produto cadastrado por ID" owner="produtos">
<kw name="Log" owner="BuiltIn">
<msg time="2025-06-04T20:02:08.618362" level="INFO">6840982f848708bda9c6fe78</msg>
<arg>${ID_PRODUTO}</arg>
<doc>Logs the given message with the given level.</doc>
<status status="PASS" start="2025-06-04T20:02:08.618033" elapsed="0.000329"/>
</kw>
<kw name="GET" owner="RequestsLibrary">
<msg time="2025-06-04T20:02:09.207191" level="INFO">GET Request : url=https://educational-api-production.up.railway.app/api/products/6840982f848708bda9c6fe78 
 path_url=/api/products/6840982f848708bda9c6fe78 
 headers={'User-Agent': 'python-requests/2.32.3', 'Accept-Encoding': 'gzip, deflate', 'Accept': '*/*', 'Connection': 'keep-alive'} 
 body=None 
 </msg>
<msg time="2025-06-04T20:02:09.207191" level="INFO">GET Response : url=https://educational-api-production.up.railway.app/api/products/6840982f848708bda9c6fe78 
 status=200, reason=OK 
 headers={'Access-Control-Allow-Origin': '*', 'Content-Length': '263', 'Content-Type': 'application/json; charset=utf-8', 'Date': 'Wed, 04 Jun 2025 19:02:08 GMT', 'Etag': 'W/"107-QcuyWN8EJhn0Z8yyxnx3wZDlwQU"', 'Server': 'railway-edge', 'X-Powered-By': 'Express', 'X-Railway-Edge': 'railway/europe-west4-drams3a', 'X-Railway-Request-Id': 'Hu0cBP10Sa-GhNMEm3z_FQ'} 
 body={"success":true,"data":{"_id":"6840982f848708bda9c6fe78","name":"puuqafztfs","description":"puuqafztfs","price":4834,"quantity":582,"category":{"_id":"6830b2dfe070c0790342e8c0","name":"Eletrônicos e Computadores"},"createdAt":"2025-06-04T19:02:07.396Z","__v":0}} 
 </msg>
<msg time="2025-06-04T20:02:09.207191" level="INFO">${RESPONSE} = &lt;Response [200]&gt;</msg>
<var>${RESPONSE}</var>
<arg>${URL_API}/products/${ID_PRODUTO}</arg>
<arg>expected_status=200</arg>
<doc>Sends a GET request.</doc>
<status status="PASS" start="2025-06-04T20:02:08.618362" elapsed="0.588829"/>
</kw>
<kw name="Set Variable" owner="BuiltIn">
<msg time="2025-06-04T20:02:09.207191" level="INFO">${RESPONSE_BODY} = {'success': True, 'data': {'_id': '6840982f848708bda9c6fe78', 'name': 'puuqafztfs', 'description': 'puuqafztfs', 'price': 4834, 'quantity': 582, 'category': {'_id': '6830b2dfe070c0790342e8c0', 'name':...</msg>
<var>${RESPONSE_BODY}</var>
<arg>${RESPONSE.json()}</arg>
<doc>Returns the given values which can then be assigned to a variables.</doc>
<status status="PASS" start="2025-06-04T20:02:09.207191" elapsed="0.000000"/>
</kw>
<kw name="Log" owner="BuiltIn">
<msg time="2025-06-04T20:02:09.207191" level="INFO">{'success': True, 'data': {'_id': '6840982f848708bda9c6fe78', 'name': 'puuqafztfs', 'description': 'puuqafztfs', 'price': 4834, 'quantity': 582, 'category': {'_id': '6830b2dfe070c0790342e8c0', 'name': 'Eletrônicos e Computadores'}, 'createdAt': '2025-06-04T19:02:07.396Z', '__v': 0}}</msg>
<arg>${RESPONSE_BODY}</arg>
<doc>Logs the given message with the given level.</doc>
<status status="PASS" start="2025-06-04T20:02:09.207191" elapsed="0.000000"/>
</kw>
<kw name="Dictionary Should Contain Key" owner="Collections">
<arg>${RESPONSE_BODY}</arg>
<arg>data</arg>
<doc>Fails if ``key`` is not found from ``dictionary``.</doc>
<status status="PASS" start="2025-06-04T20:02:09.207191" elapsed="0.000000"/>
</kw>
<kw name="Get From Dictionary" owner="Collections">
<msg time="2025-06-04T20:02:09.207191" level="INFO">${DATA} = {'_id': '6840982f848708bda9c6fe78', 'name': 'puuqafztfs', 'description': 'puuqafztfs', 'price': 4834, 'quantity': 582, 'category': {'_id': '6830b2dfe070c0790342e8c0', 'name': 'Eletrônicos e Computador...</msg>
<var>${DATA}</var>
<arg>${RESPONSE_BODY}</arg>
<arg>data</arg>
<doc>Returns a value from the given ``dictionary`` based on the given ``key``.</doc>
<status status="PASS" start="2025-06-04T20:02:09.207191" elapsed="0.000000"/>
</kw>
<kw name="Log" owner="BuiltIn">
<msg time="2025-06-04T20:02:09.207191" level="INFO">Produto por ID: {'_id': '6840982f848708bda9c6fe78', 'name': 'puuqafztfs', 'description': 'puuqafztfs', 'price': 4834, 'quantity': 582, 'category': {'_id': '6830b2dfe070c0790342e8c0', 'name': 'Eletrônicos e Computadores'}, 'createdAt': '2025-06-04T19:02:07.396Z', '__v': 0}</msg>
<arg>Produto por ID: ${DATA}</arg>
<doc>Logs the given message with the given level.</doc>
<status status="PASS" start="2025-06-04T20:02:09.207191" elapsed="0.000000"/>
</kw>
<doc>Busca um produto específico utilizando o ID previamente cadastrado (variável ID Produto).
Verifica se o status da resposta é 200 OK e se a resposta contém os detalhes do produto na chave 'data'.</doc>
<status status="PASS" start="2025-06-04T20:02:08.616858" elapsed="0.590333"/>
</kw>
<kw name="Atualizar produto cadastrado" owner="produtos">
<kw name="Load Json From File" owner="JSONLibrary">
<msg time="2025-06-04T20:02:09.207191" level="INFO">${JSON_PRODUTOS} = {'name': '', 'description': '', 'price': 0, 'quantity': 0, 'category': ''}</msg>
<var>${JSON_PRODUTOS}</var>
<arg>${PATH_PAYLOAD}/produtos.json</arg>
<doc>Load JSON from file.</doc>
<status status="PASS" start="2025-06-04T20:02:09.207191" elapsed="0.000000"/>
</kw>
<kw name="Remove From Dictionary" owner="Collections">
<msg time="2025-06-04T20:02:09.207191" level="INFO">Removed item with key 'name' and value ''.</msg>
<arg>${JSON_PRODUTOS}</arg>
<arg>name</arg>
<doc>Removes the given ``keys`` from the ``dictionary``.</doc>
<status status="PASS" start="2025-06-04T20:02:09.207191" elapsed="0.000000"/>
</kw>
<kw name="Remove From Dictionary" owner="Collections">
<msg time="2025-06-04T20:02:09.207191" level="INFO">Removed item with key 'price' and value '0'.</msg>
<arg>${JSON_PRODUTOS}</arg>
<arg>price</arg>
<doc>Removes the given ``keys`` from the ``dictionary``.</doc>
<status status="PASS" start="2025-06-04T20:02:09.207191" elapsed="0.000000"/>
</kw>
<kw name="Remove From Dictionary" owner="Collections">
<msg time="2025-06-04T20:02:09.207191" level="INFO">Removed item with key 'category' and value ''.</msg>
<arg>${JSON_PRODUTOS}</arg>
<arg>category</arg>
<doc>Removes the given ``keys`` from the ``dictionary``.</doc>
<status status="PASS" start="2025-06-04T20:02:09.207191" elapsed="0.000000"/>
</kw>
<kw name="Evaluate" owner="BuiltIn">
<msg time="2025-06-04T20:02:09.207191" level="INFO">${QUANTIDADE_ALEATORIA} = 525</msg>
<var>${QUANTIDADE_ALEATORIA}</var>
<arg>random.randint(0, 999)</arg>
<arg>modules=random</arg>
<doc>Evaluates the given expression in Python and returns the result.</doc>
<status status="PASS" start="2025-06-04T20:02:09.207191" elapsed="0.000000"/>
</kw>
<kw name="Set To Dictionary" owner="Collections">
<arg>${JSON_PRODUTOS}</arg>
<arg>description=teste</arg>
<doc>Adds the given ``key_value_pairs`` and/or ``items`` to the ``dictionary``.</doc>
<status status="PASS" start="2025-06-04T20:02:09.207191" elapsed="0.000000"/>
</kw>
<kw name="Set To Dictionary" owner="Collections">
<arg>${JSON_PRODUTOS}</arg>
<arg>quantity=${QUANTIDADE_ALEATORIA}</arg>
<doc>Adds the given ``key_value_pairs`` and/or ``items`` to the ``dictionary``.</doc>
<status status="PASS" start="2025-06-04T20:02:09.207191" elapsed="0.000000"/>
</kw>
<kw name="PUT" owner="RequestsLibrary">
<msg time="2025-06-04T20:02:10.043046" level="INFO">PUT Request : url=https://educational-api-production.up.railway.app/api/products/6840982f848708bda9c6fe78 
 path_url=/api/products/6840982f848708bda9c6fe78 
 headers={'User-Agent': 'python-requests/2.32.3', 'Accept-Encoding': 'gzip, deflate', 'Accept': '*/*', 'Connection': 'keep-alive', 'Content-Length': '41', 'Content-Type': 'application/json'} 
 body=b'{"description": "teste", "quantity": 525}' 
 </msg>
<msg time="2025-06-04T20:02:10.043046" level="INFO">PUT Response : url=https://educational-api-production.up.railway.app/api/products/6840982f848708bda9c6fe78 
 status=200, reason=OK 
 headers={'Access-Control-Allow-Origin': '*', 'Content-Length': '258', 'Content-Type': 'application/json; charset=utf-8', 'Date': 'Wed, 04 Jun 2025 19:02:09 GMT', 'Etag': 'W/"102-EVgWXkWrYVbORePye/L7XHx9G9U"', 'Server': 'railway-edge', 'X-Powered-By': 'Express', 'X-Railway-Edge': 'railway/europe-west4-drams3a', 'X-Railway-Request-Id': 'TIbMk3hZTWCB4ldv0-QtfA'} 
 body={"success":true,"data":{"_id":"6840982f848708bda9c6fe78","name":"puuqafztfs","description":"teste","price":4834,"quantity":525,"category":{"_id":"6830b2dfe070c0790342e8c0","name":"Eletrônicos e Computadores"},"createdAt":"2025-06-04T19:02:07.396Z","__v":0}} 
 </msg>
<msg time="2025-06-04T20:02:10.043046" level="INFO">${RESPONSE} = &lt;Response [200]&gt;</msg>
<var>${RESPONSE}</var>
<arg>${URL_API}/products/${ID_PRODUTO}</arg>
<arg>json=${JSON_PRODUTOS}</arg>
<arg>expected_status=200</arg>
<doc>Sends a PUT request.</doc>
<status status="PASS" start="2025-06-04T20:02:09.207191" elapsed="0.835855"/>
</kw>
<kw name="Set Variable" owner="BuiltIn">
<msg time="2025-06-04T20:02:10.043046" level="INFO">${RESPONSE_BODY} = {'success': True, 'data': {'_id': '6840982f848708bda9c6fe78', 'name': 'puuqafztfs', 'description': 'teste', 'price': 4834, 'quantity': 525, 'category': {'_id': '6830b2dfe070c0790342e8c0', 'name': 'Ele...</msg>
<var>${RESPONSE_BODY}</var>
<arg>${RESPONSE.json()}</arg>
<doc>Returns the given values which can then be assigned to a variables.</doc>
<status status="PASS" start="2025-06-04T20:02:10.043046" elapsed="0.000000"/>
</kw>
<kw name="Log" owner="BuiltIn">
<msg time="2025-06-04T20:02:10.043046" level="INFO">{'success': True, 'data': {'_id': '6840982f848708bda9c6fe78', 'name': 'puuqafztfs', 'description': 'teste', 'price': 4834, 'quantity': 525, 'category': {'_id': '6830b2dfe070c0790342e8c0', 'name': 'Eletrônicos e Computadores'}, 'createdAt': '2025-06-04T19:02:07.396Z', '__v': 0}}</msg>
<arg>${RESPONSE_BODY}</arg>
<doc>Logs the given message with the given level.</doc>
<status status="PASS" start="2025-06-04T20:02:10.043046" elapsed="0.000000"/>
</kw>
<kw name="Dictionary Should Contain Key" owner="Collections">
<arg>${RESPONSE_BODY}</arg>
<arg>data</arg>
<doc>Fails if ``key`` is not found from ``dictionary``.</doc>
<status status="PASS" start="2025-06-04T20:02:10.043046" elapsed="0.015604"/>
</kw>
<kw name="Get From Dictionary" owner="Collections">
<msg time="2025-06-04T20:02:10.058650" level="INFO">${DATA} = {'_id': '6840982f848708bda9c6fe78', 'name': 'puuqafztfs', 'description': 'teste', 'price': 4834, 'quantity': 525, 'category': {'_id': '6830b2dfe070c0790342e8c0', 'name': 'Eletrônicos e Computadores'},...</msg>
<var>${DATA}</var>
<arg>${RESPONSE_BODY}</arg>
<arg>data</arg>
<doc>Returns a value from the given ``dictionary`` based on the given ``key``.</doc>
<status status="PASS" start="2025-06-04T20:02:10.058650" elapsed="0.000000"/>
</kw>
<kw name="Log" owner="BuiltIn">
<msg time="2025-06-04T20:02:10.058650" level="INFO">Produto atualizado: {'_id': '6840982f848708bda9c6fe78', 'name': 'puuqafztfs', 'description': 'teste', 'price': 4834, 'quantity': 525, 'category': {'_id': '6830b2dfe070c0790342e8c0', 'name': 'Eletrônicos e Computadores'}, 'createdAt': '2025-06-04T19:02:07.396Z', '__v': 0}</msg>
<arg>Produto atualizado: ${DATA}</arg>
<doc>Logs the given message with the given level.</doc>
<status status="PASS" start="2025-06-04T20:02:10.058650" elapsed="0.000000"/>
</kw>
<doc>Atualiza a descrição e quantidade de um produto existente usando o ID previamente cadastrado (ID Produto).
Remove campos como 'name', 'price' e 'category' do payload para testar a atualização parcial.
Verifica se o status da resposta é 200 OK e se a resposta reflete as informações atualizadas.</doc>
<status status="PASS" start="2025-06-04T20:02:09.207191" elapsed="0.851459"/>
</kw>
<kw name="Excluir produto cadastrado" owner="produtos">
<kw name="DELETE" owner="RequestsLibrary">
<msg time="2025-06-04T20:02:10.643798" level="INFO">DELETE Request : url=https://educational-api-production.up.railway.app/api/products/6840982f848708bda9c6fe78 
 path_url=/api/products/6840982f848708bda9c6fe78 
 headers={'User-Agent': 'python-requests/2.32.3', 'Accept-Encoding': 'gzip, deflate', 'Accept': '*/*', 'Connection': 'keep-alive', 'Content-Length': '0'} 
 body=None 
 </msg>
<msg time="2025-06-04T20:02:10.643798" level="INFO">DELETE Response : url=https://educational-api-production.up.railway.app/api/products/6840982f848708bda9c6fe78 
 status=200, reason=OK 
 headers={'Access-Control-Allow-Origin': '*', 'Content-Length': '58', 'Content-Type': 'application/json; charset=utf-8', 'Date': 'Wed, 04 Jun 2025 19:02:09 GMT', 'Etag': 'W/"3a-HOVLApE1AvvFoadyDdjsj41ODfk"', 'Server': 'railway-edge', 'X-Powered-By': 'Express', 'X-Railway-Edge': 'railway/europe-west4-drams3a', 'X-Railway-Request-Id': 'fjHzurgLSjG5Z6QRss7a6g'} 
 body={"success":true,"message":"Produto removido com sucesso."} 
 </msg>
<msg time="2025-06-04T20:02:10.643798" level="INFO">${RESPONSE} = &lt;Response [200]&gt;</msg>
<var>${RESPONSE}</var>
<arg>${URL_API}/products/${ID_PRODUTO}</arg>
<arg>expected_status=200</arg>
<doc>Sends a DELETE request.</doc>
<status status="PASS" start="2025-06-04T20:02:10.058650" elapsed="0.585148"/>
</kw>
<kw name="Log" owner="BuiltIn">
<msg time="2025-06-04T20:02:10.643798" level="INFO">&lt;Response [200]&gt;</msg>
<arg>${RESPONSE}</arg>
<doc>Logs the given message with the given level.</doc>
<status status="PASS" start="2025-06-04T20:02:10.643798" elapsed="0.000000"/>
</kw>
<kw name="Set Variable" owner="BuiltIn">
<msg time="2025-06-04T20:02:10.643798" level="INFO">${RESPONSE_BODY} = {'success': True, 'message': 'Produto removido com sucesso.'}</msg>
<var>${RESPONSE_BODY}</var>
<arg>${RESPONSE.json()}</arg>
<doc>Returns the given values which can then be assigned to a variables.</doc>
<status status="PASS" start="2025-06-04T20:02:10.643798" elapsed="0.000000"/>
</kw>
<kw name="Log" owner="BuiltIn">
<msg time="2025-06-04T20:02:10.643798" level="INFO">{'success': True, 'message': 'Produto removido com sucesso.'}</msg>
<arg>${RESPONSE_BODY}</arg>
<doc>Logs the given message with the given level.</doc>
<status status="PASS" start="2025-06-04T20:02:10.643798" elapsed="0.000000"/>
</kw>
<kw name="Dictionary Should Contain Key" owner="Collections">
<arg>${RESPONSE_BODY}</arg>
<arg>message</arg>
<doc>Fails if ``key`` is not found from ``dictionary``.</doc>
<status status="PASS" start="2025-06-04T20:02:10.643798" elapsed="0.000000"/>
</kw>
<kw name="Dictionary Should Contain Key" owner="Collections">
<arg>${RESPONSE_BODY}</arg>
<arg>success</arg>
<doc>Fails if ``key`` is not found from ``dictionary``.</doc>
<status status="PASS" start="2025-06-04T20:02:10.643798" elapsed="0.015381"/>
</kw>
<kw name="Get From Dictionary" owner="Collections">
<msg time="2025-06-04T20:02:10.659179" level="INFO">${MESSAGE} = Produto removido com sucesso.</msg>
<var>${MESSAGE}</var>
<arg>${RESPONSE_BODY}</arg>
<arg>message</arg>
<doc>Returns a value from the given ``dictionary`` based on the given ``key``.</doc>
<status status="PASS" start="2025-06-04T20:02:10.659179" elapsed="0.000000"/>
</kw>
<kw name="Get From Dictionary" owner="Collections">
<msg time="2025-06-04T20:02:10.659179" level="INFO">${SUCCESS} = True</msg>
<var>${SUCCESS}</var>
<arg>${RESPONSE_BODY}</arg>
<arg>success</arg>
<doc>Returns a value from the given ``dictionary`` based on the given ``key``.</doc>
<status status="PASS" start="2025-06-04T20:02:10.659179" elapsed="0.000000"/>
</kw>
<kw name="Should Be Equal" owner="BuiltIn">
<arg>${MESSAGE}</arg>
<arg>Produto removido com sucesso.</arg>
<doc>Fails if the given objects are unequal.</doc>
<status status="PASS" start="2025-06-04T20:02:10.659179" elapsed="0.000000"/>
</kw>
<kw name="Should Be True" owner="BuiltIn">
<arg>${SUCCESS}</arg>
<doc>Fails if the given condition is not true.</doc>
<status status="PASS" start="2025-06-04T20:02:10.659179" elapsed="0.000000"/>
</kw>
<doc>Exclui um produto existente utilizando o ID previamente cadastrado (ID Produto).
[...]
<msg time="2025-06-04T20:02:14.922743" level="INFO">${RESPONSE_BODY} = {'success': True, 'count': 38, 'data': [{'_id': '683a3438848708bda9c6faa8', 'name': 'Joaquina Pires', 'email': 'joaquina.pires@teste.com', 'createdAt': '2025-05-30T22:42:00.551Z', '__v': 0}, {'_id': '...</msg>
<var>${RESPONSE_BODY}</var>
<arg>${RESPONSE.json()}</arg>
<doc>Returns the given values which can then be assigned to a variables.</doc>
<status status="PASS" start="2025-06-04T20:02:14.922743" elapsed="0.000000"/>
</kw>
<kw name="Dictionary Should Contain Key" owner="Collections">
<arg>${RESPONSE_BODY}</arg>
<arg>data</arg>
<doc>Fails if ``key`` is not found from ``dictionary``.</doc>
<status status="PASS" start="2025-06-04T20:02:14.922743" elapsed="0.000000"/>
</kw>
<kw name="Get From Dictionary" owner="Collections">
<msg time="2025-06-04T20:02:14.922743" level="INFO">${DATA} = [{'_id': '683a3438848708bda9c6faa8', 'name': 'Joaquina Pires', 'email': 'joaquina.pires@teste.com', 'createdAt': '2025-05-30T22:42:00.551Z', '__v': 0}, {'_id': '683a3448848708bda9c6faaa', 'name': 'Pau...</msg>
<var>${DATA}</var>
<arg>${RESPONSE_BODY}</arg>
<arg>data</arg>
<doc>Returns a value from the given ``dictionary`` based on the given ``key``.</doc>
<status status="PASS" start="2025-06-04T20:02:14.922743" elapsed="0.000000"/>
</kw>
<kw name="Log" owner="BuiltIn">
<msg time="2025-06-04T20:02:14.922743" level="INFO">Usuários cadastrados: [{'_id': '683a3438848708bda9c6faa8', 'name': 'Joaquina Pires', 'email': 'joaquina.pires@teste.com', 'createdAt': '2025-05-30T22:42:00.551Z', '__v': 0}, {'_id': '683a3448848708bda9c6faaa', 'name': 'Paula Duarte', 'email': 'paula.duarte@teste.com', 'createdAt': '2025-05-30T22:42:16.293Z', '__v': 0}, {'_id': '683a3458848708bda9c6faac', 'name': 'Paulo Ricardo', 'email': 'paulo.ricardo@teste.com', 'createdAt': '2025-05-30T22:42:32.863Z', '__v': 0}, {'_id': '683dbea1848708bda9c6fadd', 'name': 'João Silva', 'email': 'joao.silva@example.com', 'createdAt': '2025-06-02T15:09:21.076Z', '__v': 0}, {'_id': '683ecf4e848708bda9c6fae4', 'name': 'Carla Rosa', 'email': 'carlarosa@email.com', 'createdAt': '2025-06-03T10:32:46.435Z', '__v': 0}, {'_id': '683ecf93848708bda9c6fae6', 'name': 'Julia Cardoso', 'email': 'julia.cardos@teste.com', 'createdAt': '2025-06-03T10:33:55.142Z', '__v': 0}, {'_id': '683ecff8848708bda9c6fae8', 'name': 'Julia Fontes', 'email': 'julia.fontes@teste.com', 'createdAt': '2025-06-03T10:35:36.226Z', '__v': 0}, {'_id': '683ed055848708bda9c6faea', 'name': 'Carolina Cardoso', 'email': 'carolina.cardoso@teste.com', 'createdAt': '2025-06-03T10:37:09.056Z', '__v': 0}, {'_id': '683ed2e5848708bda9c6faec', 'name': 'Carolina', 'email': 'carolina@teste.com', 'createdAt': '2025-06-03T10:48:05.454Z', '__v': 0}, {'_id': '683f0f85848708bda9c6faee', 'name': 'Patricia', 'email': 'patricia@teste.com', 'createdAt': '2025-06-03T15:06:45.889Z', '__v': 0}, {'_id': '683f1017848708bda9c6faf2', 'name': 'Patricia Borges', 'email': 'patricia.borges@teste.com', 'createdAt': '2025-06-03T15:09:11.723Z', '__v': 0}, {'_id': '683f10a6848708bda9c6faf4', 'name': 'Luciana Borges', 'email': 'luciana.borges@teste.com', 'createdAt': '2025-06-03T15:11:34.431Z', '__v': 0}, {'_id': '683f1283848708bda9c6faf7', 'name': 'João', 'email': 'joaoteste2@teste.com', 'createdAt': '2025-06-03T15:19:31.005Z', '__v': 0}, {'_id': '683f13bf848708bda9c6faf9', 'name': 'mlwfkf', 'email': 'mlwfkf@emailteste.com', 'createdAt': '2025-06-03T15:24:47.243Z', '__v': 0}, {'_id': '683f1575848708bda9c6fafb', 'name': 'mxkjdh', 'email': 'mxkjdh@emailteste.com', 'createdAt': '2025-06-03T15:32:05.784Z', '__v': 0}, {'_id': '683f1715848708bda9c6fafd', 'name': 'nqyudn', 'email': 'nqyudn@emailteste.com', 'createdAt': '2025-06-03T15:39:01.232Z', '__v': 0}, {'_id': '683f1715848708bda9c6faff', 'name': 'string', 'email': 'nkqyra@emailteste.com', 'createdAt': '2025-06-03T15:39:01.858Z', '__v': 0}, {'_id': '683f174a848708bda9c6fb01', 'name': 'mzocmf', 'email': 'mzocmf@emailteste.com', 'createdAt': '2025-06-03T15:39:54.314Z', '__v': 0}, {'_id': '683f17d7848708bda9c6fb03', 'name': 'sjglkq', 'email': 'sjglkq@emailteste.com', 'createdAt': '2025-06-03T15:42:15.257Z', '__v': 0}, {'_id': '683f1881848708bda9c6fb05', 'name': 'uauaos', 'email': 'uauaos@emailteste.com', 'createdAt': '2025-06-03T15:45:05.305Z', '__v': 0}, {'_id': '683f18a4848708bda9c6fb07', 'name': 'emfqov', 'email': 'emfqov@emailteste.com', 'createdAt': '2025-06-03T15:45:40.418Z', '__v': 0}, {'_id': '683f1954848708bda9c6fb09', 'name': 'xqxmrh', 'email': 'xqxmrh@emailteste.com', 'createdAt': '2025-06-03T15:48:36.111Z', '__v': 0}, {'_id': '683f1997848708bda9c6fb0b', 'name': 'txqwjx', 'email': 'txqwjx@emailteste.com', 'createdAt': '2025-06-03T15:49:43.780Z', '__v': 0}, {'_id': '683f1abd848708bda9c6fb0d', 'name': 'fqxqwh', 'email': 'fqxqwh@emailteste.com', 'createdAt': '2025-06-03T15:54:37.063Z', '__v': 0}, {'_id': '683f1ca0848708bda9c6fb0f', 'name': 'tvszot', 'email': 'tvszot@emailteste.com', 'createdAt': '2025-06-03T16:02:40.473Z', '__v': 0}, {'_id': '683f1ce1848708bda9c6fb11', 'name': 'rdduif', 'email': 'rdduif@emailteste.com', 'createdAt': '2025-06-03T16:03:45.014Z', '__v': 0}, {'_id': '683f1d94848708bda9c6fb13', 'name': 'faufcg', 'email': 'faufcg@emailteste.com', 'createdAt': '2025-06-03T16:06:44.461Z', '__v': 0}, {'_id': '683f1dee848708bda9c6fb15', 'name': 'phhvhg', 'email': 'phhvhg@emailteste.com', 'createdAt': '2025-06-03T16:08:14.839Z', '__v': 0}, {'_id': '683f1e3a848708bda9c6fb17', 'name': 'vivzrz', 'email': 'vivzrz@emailteste.com', 'createdAt': '2025-06-03T16:09:30.885Z', '__v': 0}, {'_id': '683f1ea9848708bda9c6fb19', 'name': 'sentlu', 'email': 'sentlu@emailteste.com', 'createdAt': '2025-06-03T16:11:21.800Z', '__v': 0}, {'_id': '683f1ecc848708bda9c6fb1b', 'name': 'ksfaiv', 'email': 'ksfaiv@emailteste.com', 'createdAt': '2025-06-03T16:11:56.359Z', '__v': 0}, {'_id': '683f1f1d848708bda9c6fb1d', 'name': 'ffgmxl', 'email': 'ffgmxl@emailteste.com', 'createdAt': '2025-06-03T16:13:17.358Z', '__v': 0}, {'_id': '683f2165848708bda9c6fb22', 'name': 'fraegh', 'email': 'fraegh@emailteste.com', 'createdAt': '2025-06-03T16:23:01.380Z', '__v': 0}, {'_id': '683f343d848708bda9c6fb4f', 'name': 'wkdfie', 'email': 'wkdfie@emailteste.com', 'createdAt': '2025-06-03T17:43:25.225Z', '__v': 0}, {'_id': '683f3561848708bda9c6fb52', 'name': 'qilkpm', 'email': 'qilkpm@emailteste.com', 'createdAt': '2025-06-03T17:48:17.174Z', '__v': 0}, {'_id': '683f3a93848708bda9c6fb61', 'name': 'oxzpyu', 'email': 'oxzpyu@emailteste.com', 'createdAt': '2025-06-03T18:10:27.095Z', '__v': 0}, {'_id': '683f3ae6848708bda9c6fb64', 'name': 'egffgx', 'email': 'egffgx@emailteste.com', 'createdAt': '2025-06-03T18:11:50.442Z', '__v': 0}, {'_id': '683f42df848708bda9c6fbaf', 'name': 'lpbfos', 'email': 'lpbfos@emailteste.com', 'createdAt': '2025-06-03T18:45:51.509Z', '__v': 0}]</msg>
<arg>Usuários cadastrados: ${DATA}</arg>
<doc>Logs the given message with the given level.</doc>
<status status="PASS" start="2025-06-04T20:02:14.922743" elapsed="0.000000"/>
</kw>
<doc>Lista todos os usuários disponíveis na API.
Verifica se o status da resposta é 200 OK e se a resposta contém uma lista de usuários na chave 'data'.</doc>
<status status="PASS" start="2025-06-04T20:02:14.546289" elapsed="0.376454"/>
</kw>
<kw name="Cadastrar usuário sem nome" owner="usuarios">
<kw name="Load Json From File" owner="JSONLibrary">
<msg time="2025-06-04T20:02:14.922743" level="INFO">${JSON_USUARIOS} = {'name': '', 'email': ''}</msg>
<var>${JSON_USUARIOS}</var>
<arg>${PATH_PAYLOAD}/usuarios.json</arg>
<doc>Load JSON from file.</doc>
<status status="PASS" start="2025-06-04T20:02:14.922743" elapsed="0.000000"/>
</kw>
<kw name="Generate Random String" owner="String">
<msg time="2025-06-04T20:02:14.922743" level="INFO">${PALAVRA_ALEATORIA} = hEnyWr</msg>
<var>${PALAVRA_ALEATORIA}</var>
<arg>length=6</arg>
<arg>chars=[LETTERS]</arg>
<doc>Generates a string with a desired ``length`` from the given ``chars``.</doc>
<status status="PASS" start="2025-06-04T20:02:14.922743" elapsed="0.000000"/>
</kw>
<kw name="Convert To Lower Case" owner="String">
<msg time="2025-06-04T20:02:14.922743" level="INFO">${PALAVRA_ALEATORIA} = henywr</msg>
<var>${PALAVRA_ALEATORIA}</var>
<arg>${PALAVRA_ALEATORIA}</arg>
<doc>Converts string to lower case.</doc>
<status status="PASS" start="2025-06-04T20:02:14.922743" elapsed="0.000000"/>
</kw>
<kw name="Set To Dictionary" owner="Collections">
<arg>${JSON_USUARIOS}</arg>
<arg>email=${PALAVRA_ALEATORIA}@emailteste.com</arg>
<doc>Adds the given ``key_value_pairs`` and/or ``items`` to the ``dictionary``.</doc>
<status status="PASS" start="2025-06-04T20:02:14.922743" elapsed="0.000000"/>
</kw>
<kw name="Remove From Dictionary" owner="Collections">
<msg time="2025-06-04T20:02:14.922743" level="INFO">Removed item with key 'name' and value ''.</msg>
<arg>${JSON_USUARIOS}</arg>
<arg>name</arg>
<doc>Removes the given ``keys`` from the ``dictionary``.</doc>
<status status="PASS" start="2025-06-04T20:02:14.922743" elapsed="0.000000"/>
</kw>
<kw name="Log" owner="BuiltIn">
<msg time="2025-06-04T20:02:14.922743" level="INFO">Json enviado: {'email': 'henywr@emailteste.com'}</msg>
<arg>Json enviado: ${JSON_USUARIOS}</arg>
<doc>Logs the given message with the given level.</doc>
<status status="PASS" start="2025-06-04T20:02:14.922743" elapsed="0.000000"/>
</kw>
<kw name="POST On Session" owner="RequestsLibrary">
<msg time="2025-06-04T20:02:14.992686" level="INFO">POST Request : url=https://educational-api-production.up.railway.app/api/users 
 path_url=/api/users 
 headers={'User-Agent': 'python-requests/2.32.3', 'Accept-Encoding': 'gzip, deflate', 'Accept': '*/*', 'Connection': 'keep-alive', 'Content-Length': '34', 'Content-Type': 'application/json'} 
 body=b'{"email": "henywr@emailteste.com"}' 
 </msg>
<msg time="2025-06-04T20:02:14.992686" level="INFO">POST Response : url=https://educational-api-production.up.railway.app/api/users 
 status=400, reason=Bad Request 
 headers={'Access-Control-Allow-Origin': '*', 'Content-Length': '78', 'Content-Type': 'application/json; charset=utf-8', 'Date': 'Wed, 04 Jun 2025 19:02:14 GMT', 'Etag': 'W/"4e-JtD4eU7AVGzbw6xHENqoZB+3mKg"', 'Server': 'railway-edge', 'X-Powered-By': 'Express', 'X-Railway-Edge': 'railway/europe-west4-drams3a', 'X-Railway-Request-Id': 'jGRTD4IgQB2_38Vo0-QtfA'} 
 body={"message":"Por favor, preencha todos os campos obrigatórios: nome e email."} 
 </msg>
<msg time="2025-06-04T20:02:14.992686" level="INFO">C:\Users\veron\AppData\Local\Programs\Python\Python311\Lib\site-packages\urllib3\connectionpool.py:1097: InsecureRequestWarning: Unverified HTTPS request is being made to host 'educational-api-production.up.railway.app'. Adding certificate verification is strongly advised. See: https://urllib3.readthedocs.io/en/latest/advanced-usage.html#tls-warnings
  warnings.warn(</msg>
<msg time="2025-06-04T20:02:14.993492" level="INFO">${RESPONSE} = &lt;Response [400]&gt;</msg>
<var>${RESPONSE}</var>
<arg>API</arg>
<arg>${USERS_ENDPOINT}</arg>
<arg>json=${JSON_USUARIOS}</arg>
<arg>expected_status=400</arg>
<doc>Sends a POST request on a previously created HTTP Session.</doc>
<status status="PASS" start="2025-06-04T20:02:14.922743" elapsed="0.070749"/>
</kw>
<kw name="Log" owner="BuiltIn">
<msg time="2025-06-04T20:02:14.994494" level="INFO">Status code: 400</msg>
<arg>Status code: ${RESPONSE.status_code}</arg>
<doc>Logs the given message with the given level.</doc>
<status status="PASS" start="2025-06-04T20:02:14.993492" elapsed="0.001002"/>
</kw>
<kw name="Log" owner="BuiltIn">
<msg time="2025-06-04T20:02:14.995491" level="INFO">Response content: {"message":"Por favor, preencha todos os campos obrigatÃ³rios: nome e email."}</msg>
<arg>Response content: ${RESPONSE.content}</arg>
<doc>Logs the given message with the given level.</doc>
<status status="PASS" start="2025-06-04T20:02:14.994494" elapsed="0.000997"/>
</kw>
<if>
<branch type="IF" condition="${RESPONSE.status_code} == 400">
<kw name="Set Variable" owner="BuiltIn">
<msg time="2025-06-04T20:02:14.996487" level="INFO">${RESPONSE_BODY} = {'message': 'Por favor, preencha todos os campos obrigatórios: nome e email.'}</msg>
<var>${RESPONSE_BODY}</var>
<arg>${RESPONSE.json()}</arg>
<doc>Returns the given values which can then be assigned to a variables.</doc>
<status status="PASS" start="2025-06-04T20:02:14.996487" elapsed="0.000000"/>
</kw>
<kw name="Log" owner="BuiltIn">
<msg time="2025-06-04T20:02:14.997485" level="INFO">{'message': 'Por favor, preencha todos os campos obrigatórios: nome e email.'}</msg>
<arg>${RESPONSE_BODY}</arg>
<doc>Logs the given message with the given level.</doc>
<status status="PASS" start="2025-06-04T20:02:14.996487" elapsed="0.000998"/>
</kw>
<kw name="Dictionary Should Contain Key" owner="Collections">
<arg>${RESPONSE_BODY}</arg>
<arg>message</arg>
<doc>Fails if ``key`` is not found from ``dictionary``.</doc>
<status status="PASS" start="2025-06-04T20:02:14.997485" elapsed="0.000000"/>
</kw>
<kw name="Get From Dictionary" owner="Collections">
<msg time="2025-06-04T20:02:14.997485" level="INFO">${MESSAGE} = Por favor, preencha todos os campos obrigatórios: nome e email.</msg>
<var>${MESSAGE}</var>
<arg>${RESPONSE_BODY}</arg>
<arg>message</arg>
<doc>Returns a value from the given ``dictionary`` based on the given ``key``.</doc>
<status status="PASS" start="2025-06-04T20:02:14.997485" elapsed="0.000000"/>
</kw>
<kw name="Should Be Equal" owner="BuiltIn">
<arg>${MESSAGE}</arg>
<arg>Por favor, preencha todos os campos obrigatórios: nome e email.</arg>
<doc>Fails if the given objects are unequal.</doc>
<status status="PASS" start="2025-06-04T20:02:14.997485" elapsed="0.000998"/>
</kw>
<status status="PASS" start="2025-06-04T20:02:14.995491" elapsed="0.002992"/>
</branch>
<status status="PASS" start="2025-06-04T20:02:14.995491" elapsed="0.002992"/>
</if>
<doc>Tenta cadastrar um novo usuário sem fornecer o campo 'name' no payload.
Verifica se o status da resposta é 400 Bad Request e se a mensagem de erro esperada é retornada.</doc>
<status status="PASS" start="2025-06-04T20:02:14.922743" elapsed="0.075740"/>
</kw>
<kw name="Buscar usuário não cadastrado" owner="usuarios">
<kw name="Generate Random String" owner="String">
<msg time="2025-06-04T20:02:14.999080" level="INFO">${ID_USUARIO_ALEATORIO} = 8004026077</msg>
<var>${ID_USUARIO_ALEATORIO}</var>
<arg>length=10</arg>
<arg>chars=[NUMBERS]</arg>
<doc>Generates a string with a desired ``length`` from the given ``chars``.</doc>
<status status="PASS" start="2025-06-04T20:02:14.999080" elapsed="0.001000"/>
</kw>
<kw name="Log" owner="BuiltIn">
<msg time="2025-06-04T20:02:15.000080" level="INFO">ID de Usuário aleatório para busca: 8004026077</msg>
<arg>ID de Usuário aleatório para busca: ${ID_USUARIO_ALEATORIO}</arg>
<doc>Logs the given message with the given level.</doc>
<status status="PASS" start="2025-06-04T20:02:15.000080" elapsed="0.000000"/>
</kw>
<kw name="GET" owner="RequestsLibrary">
<msg time="2025-06-04T20:02:15.140959" level="INFO">GET Request : url=https://educational-api-production.up.railway.app/api/users/8004026077 
 path_url=/api/users/8004026077 
 headers={'User-Agent': 'python-requests/2.32.3', 'Accept-Encoding': 'gzip, deflate', 'Accept': '*/*', 'Connection': 'keep-alive'} 
 body=None 
 </msg>
<msg time="2025-06-04T20:02:15.140959" level="INFO">GET Response : url=https://educational-api-production.up.railway.app/api/users/8004026077 
 status=404, reason=Not Found 
 headers={'Access-Control-Allow-Origin': '*', 'Content-Length': '39', 'Content-Type': 'application/json; charset=utf-8', 'Date': 'Wed, 04 Jun 2025 19:02:14 GMT', 'Etag': 'W/"27-1gIOvfgXXzQUhtilcYsNzzEVfD0"', 'Server': 'railway-edge', 'X-Powered-By': 'Express', 'X-Railway-Edge': 'railway/europe-west4-drams3a', 'X-Railway-Request-Id': 'CKg6cKvzSf6WrL7KYqdHTg'} 
 body={"message":"Usuário não encontrado."} 
 </msg>
<msg time="2025-06-04T20:02:15.140959" level="INFO">${RESPONSE} = &lt;Response [404]&gt;</msg>
<var>${RESPONSE}</var>
<arg>${URL_API}/users/${ID_USUARIO_ALEATORIO}</arg>
<arg>expected_status=404</arg>
<doc>Sends a GET request.</doc>
<status status="PASS" start="2025-06-04T20:02:15.000080" elapsed="0.140879"/>
</kw>
<if>
<branch type="IF" condition="${RESPONSE.status_code} == 404">
<kw name="Set Variable" owner="BuiltIn">
<msg time="2025-06-04T20:02:15.140959" level="INFO">${RESPONSE_BODY} = {'message': 'Usuário não encontrado.'}</msg>
<var>${RESPONSE_BODY}</var>
<arg>${RESPONSE.json()}</arg>
<doc>Returns the given values which can then be assigned to a variables.</doc>
<status status="PASS" start="2025-06-04T20:02:15.140959" elapsed="0.000000"/>
</kw>
<kw name="Log" owner="BuiltIn">
<msg time="2025-06-04T20:02:15.140959" level="INFO">{'message': 'Usuário não encontrado.'}</msg>
<arg>${RESPONSE_BODY}</arg>
<doc>Logs the given message with the given level.</doc>
<status status="PASS" start="2025-06-04T20:02:15.140959" elapsed="0.015206"/>
</kw>
<kw name="Dictionary Should Contain Key" owner="Collections">
<arg>${RESPONSE_BODY}</arg>
<arg>message</arg>
<doc>Fails if ``key`` is not found from ``dictionary``.</doc>
<status status="PASS" start="2025-06-04T20:02:15.156165" elapsed="0.000000"/>
</kw>
<kw name="Get From Dictionary" owner="Collections">
<msg time="2025-06-04T20:02:15.156165" level="INFO">${MESSAGE} = Usuário não encontrado.</msg>
<var>${MESSAGE}</var>
<arg>${RESPONSE_BODY}</arg>
<arg>message</arg>
<doc>Returns a value from the given ``dictionary`` based on the given ``key``.</doc>
<status status="PASS" start="2025-06-04T20:02:15.156165" elapsed="0.000000"/>
</kw>
<kw name="Should Be Equal" owner="BuiltIn">
<arg>${MESSAGE}</arg>
<arg>Usuário não encontrado.</arg>
<doc>Fails if the given objects are unequal.</doc>
<status status="PASS" start="2025-06-04T20:02:15.156165" elapsed="0.000000"/>
</kw>
<status status="PASS" start="2025-06-04T20:02:15.140959" elapsed="0.015206"/>
</branch>
<status status="PASS" start="2025-06-04T20:02:15.140959" elapsed="0.015206"/>
</if>
<doc>Tenta buscar um usuário utilizando um ID que não existe na base de dados.
Gera um ID aleatório para garantir que não exista.
Verifica se o status da resposta é 404 Not Found e se a mensagem de erro esperada é retornada.</doc>
<status status="PASS" start="2025-06-04T20:02:14.999080" elapsed="0.157085"/>
</kw>
<doc>Esta suíte executa uma sequência completa de testes para a funcionalidade de Usuários.
Ele abrange o ciclo de vida de um usuário, incluindo:
- Criação de um novo usuário (cenário de sucesso e falha por campos obrigatórios ausentes).
- Busca de usuários (por ID existente e ID inexistente, e listagem de todos).
- Exclusão de um usuário.
O objetivo é garantir a correta interação com os endpoints de Usuários da API.</doc>
<tag>usuarios</tag>
<status status="PASS" start="2025-06-04T20:02:13.112664" elapsed="2.043501"/>
</test>
<doc>Este módulo de testes abrange a funcionalidade de gerenciamento de Usuários da API.
Ele verifica as operações de criação, listagem, busca por ID e exclusão de usuários,
garantindo que a API se comporte conforme o esperado para cada cenário, incluindo casos de sucesso e falha.
O objetivo é validar a integridade e a disponibilidade dos endpoints de Usuários.</doc>
<status status="PASS" start="2025-06-04T20:02:13.080453" elapsed="2.075712"/>
</suite>
<status status="PASS" start="2025-06-04T20:02:03.602859" elapsed="11.568467"/>
</suite>
<statistics>
<total>
<stat pass="3" fail="0" skip="0">All Tests</stat>
</total>
<tag>
<stat pass="1" fail="0" skip="0">categorias</stat>
<stat pass="1" fail="0" skip="0">produtos</stat>
<stat pass="1" fail="0" skip="0">usuarios</stat>
</tag>
<suite>
<stat name="Tests" id="s1" pass="3" fail="0" skip="0">Tests</stat>
<stat name="Categorias" id="s1-s1" pass="1" fail="0" skip="0">Tests.Categorias</stat>
<stat name="Produtos" id="s1-s2" pass="1" fail="0" skip="0">Tests.Produtos</stat>
<stat name="Usuarios" id="s1-s3" pass="1" fail="0" skip="0">Tests.Usuarios</stat>
</suite>
</statistics>
<errors>
</errors>
</robot>
